[0.034s] Invoking command in '/home/tomas/code/thesis/turtlebot3_ws/build/turtlebot3_node': CMAKE_PREFIX_PATH=${CMAKE_PREFIX_PATH}:/opt/ros/foxy /usr/bin/cmake /home/tomas/code/thesis/turtlebot3_ws/src/turtlebot3/turtlebot3_node -DCMAKE_INSTALL_PREFIX=/home/tomas/code/thesis/turtlebot3_ws/install/turtlebot3_node
[0.270s] -- The C compiler identification is GNU 9.3.0
[0.270s] -- The CXX compiler identification is GNU 9.3.0
[0.270s] -- Check for working C compiler: /usr/bin/cc
[0.270s] -- Check for working C compiler: /usr/bin/cc -- works
[0.270s] -- Detecting C compiler ABI info
[0.270s] -- Detecting C compiler ABI info - done
[0.270s] -- Detecting C compile features
[0.272s] -- Detecting C compile features - done
[0.273s] -- Check for working CXX compiler: /usr/bin/c++
[0.368s] -- Check for working CXX compiler: /usr/bin/c++ -- works
[0.368s] -- Detecting CXX compiler ABI info
[0.479s] -- Detecting CXX compiler ABI info - done
[0.490s] -- Detecting CXX compile features
[0.493s] -- Detecting CXX compile features - done
[0.497s] -- Found ament_cmake: 0.9.9 (/home/tomas/ros2_foxy/ros2-linux/share/ament_cmake/cmake)
[0.517s] -- Found PythonInterp: /usr/bin/python3 (found suitable version "3.8.10", minimum required is "3") 
[0.517s] -- Using PYTHON_EXECUTABLE: /usr/bin/python3
[0.720s] -- Found dynamixel_sdk: 3.7.40 (/opt/ros/foxy/share/dynamixel_sdk/cmake)
[0.722s] -- Found geometry_msgs: 2.0.4 (/home/tomas/ros2_foxy/ros2-linux/share/geometry_msgs/cmake)
[0.747s] -- Using all available rosidl_typesupport_c: rosidl_typesupport_fastrtps_c;rosidl_typesupport_introspection_c;rosidl_typesupport_connext_c
[0.753s] -- Found rosidl_adapter: 1.2.1 (/home/tomas/ros2_foxy/ros2-linux/share/rosidl_adapter/cmake)
[0.825s] -- Found OpenSSL: /usr/lib/x86_64-linux-gnu/libcrypto.so (found version "1.1.1f")  
[0.843s] -- Found FastRTPS: /home/tomas/ros2_foxy/ros2-linux/include  
[0.933s] -- Could not find RTI Connext - skipping rosidl_typesupport_connext_c
[0.939s] -- Could not find RTI Connext - skipping rosidl_typesupport_connext_cpp
[0.955s] -- Using all available rosidl_typesupport_cpp: rosidl_typesupport_fastrtps_cpp;rosidl_typesupport_introspection_cpp;rosidl_typesupport_connext_cpp
[1.030s] -- Found message_filters: 3.2.5 (/home/tomas/ros2_foxy/ros2-linux/share/message_filters/cmake)
[1.032s] -- Found nav_msgs: 2.0.4 (/home/tomas/ros2_foxy/ros2-linux/share/nav_msgs/cmake)
[1.097s] -- Found rclcpp: 2.4.0 (/home/tomas/ros2_foxy/ros2-linux/share/rclcpp/cmake)
[1.130s] -- Found rmw_implementation_cmake: 1.0.3 (/home/tomas/ros2_foxy/ros2-linux/share/rmw_implementation_cmake/cmake)
[1.132s] -- Using RMW implementation 'rmw_fastrtps_cpp' as default
[1.134s] -- Looking for pthread.h
[1.259s] -- Looking for pthread.h - found
[1.259s] -- Performing Test CMAKE_HAVE_LIBC_PTHREAD
[1.341s] -- Performing Test CMAKE_HAVE_LIBC_PTHREAD - Failed
[1.341s] -- Looking for pthread_create in pthreads
[1.405s] -- Looking for pthread_create in pthreads - not found
[1.409s] -- Looking for pthread_create in pthread
[1.471s] -- Looking for pthread_create in pthread - found
[1.472s] -- Found Threads: TRUE  
[1.560s] -- Found sensor_msgs: 2.0.4 (/home/tomas/ros2_foxy/ros2-linux/share/sensor_msgs/cmake)
[1.623s] -- Found std_srvs: 2.0.4 (/home/tomas/ros2_foxy/ros2-linux/share/std_srvs/cmake)
[1.632s] -- Found tf2: 0.13.11 (/home/tomas/ros2_foxy/ros2-linux/share/tf2/cmake)
[1.641s] -- Found tf2_ros: 0.13.11 (/home/tomas/ros2_foxy/ros2-linux/share/tf2_ros/cmake)
[1.923s] -- Found turtlebot3_msgs: 2.2.1 (/opt/ros/foxy/share/turtlebot3_msgs/cmake)
[2.054s] -- Configuring done
[2.071s] -- Generating done
[2.072s] -- Build files have been written to: /home/tomas/code/thesis/turtlebot3_ws/build/turtlebot3_node
[2.079s] Invoked command in '/home/tomas/code/thesis/turtlebot3_ws/build/turtlebot3_node' returned '0': CMAKE_PREFIX_PATH=${CMAKE_PREFIX_PATH}:/opt/ros/foxy /usr/bin/cmake /home/tomas/code/thesis/turtlebot3_ws/src/turtlebot3/turtlebot3_node -DCMAKE_INSTALL_PREFIX=/home/tomas/code/thesis/turtlebot3_ws/install/turtlebot3_node
[2.081s] Invoking command in '/home/tomas/code/thesis/turtlebot3_ws/build/turtlebot3_node': CMAKE_PREFIX_PATH=${CMAKE_PREFIX_PATH}:/opt/ros/foxy /usr/bin/cmake --build /home/tomas/code/thesis/turtlebot3_ws/build/turtlebot3_node -- -j6 -l6
[2.111s] [35m[1mScanning dependencies of target turtlebot3_node_lib[0m
[2.167s] [ 14%] [32mBuilding CXX object CMakeFiles/turtlebot3_node_lib.dir/src/devices/motor_power.cpp.o[0m
[2.170s] [ 14%] [32mBuilding CXX object CMakeFiles/turtlebot3_node_lib.dir/src/devices/sound.cpp.o[0m
[2.171s] [ 21%] [32mBuilding CXX object CMakeFiles/turtlebot3_node_lib.dir/src/diff_drive_controller.cpp.o[0m
[2.173s] [ 28%] [32mBuilding CXX object CMakeFiles/turtlebot3_node_lib.dir/src/devices/reset.cpp.o[0m
[2.173s] [ 35%] [32mBuilding CXX object CMakeFiles/turtlebot3_node_lib.dir/src/dynamixel_sdk_wrapper.cpp.o[0m
[2.173s] [ 42%] [32mBuilding CXX object CMakeFiles/turtlebot3_node_lib.dir/src/odometry.cpp.o[0m
[2.842s] [ 50%] [32mBuilding CXX object CMakeFiles/turtlebot3_node_lib.dir/src/turtlebot3.cpp.o[0m
[4.629s] [ 57%] [32mBuilding CXX object CMakeFiles/turtlebot3_node_lib.dir/src/sensors/battery_state.cpp.o[0m
[4.848s] [ 64%] [32mBuilding CXX object CMakeFiles/turtlebot3_node_lib.dir/src/sensors/imu.cpp.o[0m
[5.046s] [ 71%] [32mBuilding CXX object CMakeFiles/turtlebot3_node_lib.dir/src/sensors/joint_state.cpp.o[0m
[5.529s] [ 78%] [32mBuilding CXX object CMakeFiles/turtlebot3_node_lib.dir/src/sensors/sensor_state.cpp.o[0m
[14.353s] [ 85%] [32m[1mLinking CXX static library libturtlebot3_node_lib.a[0m
[14.563s] [ 85%] Built target turtlebot3_node_lib
[14.572s] [35m[1mScanning dependencies of target turtlebot3_ros[0m
[14.607s] [ 92%] [32mBuilding CXX object CMakeFiles/turtlebot3_ros.dir/src/node_main.cpp.o[0m
[16.467s] [100%] [32m[1mLinking CXX executable turtlebot3_ros[0m
[17.331s] [100%] Built target turtlebot3_ros
[17.339s] Invoked command in '/home/tomas/code/thesis/turtlebot3_ws/build/turtlebot3_node' returned '0': CMAKE_PREFIX_PATH=${CMAKE_PREFIX_PATH}:/opt/ros/foxy /usr/bin/cmake --build /home/tomas/code/thesis/turtlebot3_ws/build/turtlebot3_node -- -j6 -l6
[17.372s] Invoking command in '/home/tomas/code/thesis/turtlebot3_ws/build/turtlebot3_node': CMAKE_PREFIX_PATH=${CMAKE_PREFIX_PATH}:/opt/ros/foxy /usr/bin/cmake --install /home/tomas/code/thesis/turtlebot3_ws/build/turtlebot3_node
[17.378s] -- Install configuration: ""
[17.378s] -- Installing: /home/tomas/code/thesis/turtlebot3_ws/install/turtlebot3_node/share/turtlebot3_node/param
[17.378s] -- Installing: /home/tomas/code/thesis/turtlebot3_ws/install/turtlebot3_node/share/turtlebot3_node/param/waffle_pi.yaml
[17.379s] -- Installing: /home/tomas/code/thesis/turtlebot3_ws/install/turtlebot3_node/share/turtlebot3_node/param/waffle.yaml
[17.379s] -- Installing: /home/tomas/code/thesis/turtlebot3_ws/install/turtlebot3_node/share/turtlebot3_node/param/burger.yaml
[17.379s] -- Installing: /home/tomas/code/thesis/turtlebot3_ws/install/turtlebot3_node/lib/turtlebot3_node/turtlebot3_ros
[17.384s] -- Set runtime path of "/home/tomas/code/thesis/turtlebot3_ws/install/turtlebot3_node/lib/turtlebot3_node/turtlebot3_ros" to ""
[17.386s] -- Installing: /home/tomas/code/thesis/turtlebot3_ws/install/turtlebot3_node/share/ament_index/resource_index/package_run_dependencies/turtlebot3_node
[17.386s] -- Installing: /home/tomas/code/thesis/turtlebot3_ws/install/turtlebot3_node/share/ament_index/resource_index/parent_prefix_path/turtlebot3_node
[17.387s] -- Installing: /home/tomas/code/thesis/turtlebot3_ws/install/turtlebot3_node/share/turtlebot3_node/environment/ament_prefix_path.sh
[17.387s] -- Installing: /home/tomas/code/thesis/turtlebot3_ws/install/turtlebot3_node/share/turtlebot3_node/environment/ament_prefix_path.dsv
[17.387s] -- Installing: /home/tomas/code/thesis/turtlebot3_ws/install/turtlebot3_node/share/turtlebot3_node/environment/path.sh
[17.387s] -- Installing: /home/tomas/code/thesis/turtlebot3_ws/install/turtlebot3_node/share/turtlebot3_node/environment/path.dsv
[17.387s] -- Installing: /home/tomas/code/thesis/turtlebot3_ws/install/turtlebot3_node/share/turtlebot3_node/local_setup.bash
[17.387s] -- Installing: /home/tomas/code/thesis/turtlebot3_ws/install/turtlebot3_node/share/turtlebot3_node/local_setup.sh
[17.387s] -- Installing: /home/tomas/code/thesis/turtlebot3_ws/install/turtlebot3_node/share/turtlebot3_node/local_setup.zsh
[17.387s] -- Installing: /home/tomas/code/thesis/turtlebot3_ws/install/turtlebot3_node/share/turtlebot3_node/local_setup.dsv
[17.387s] -- Installing: /home/tomas/code/thesis/turtlebot3_ws/install/turtlebot3_node/share/turtlebot3_node/package.dsv
[17.387s] -- Installing: /home/tomas/code/thesis/turtlebot3_ws/install/turtlebot3_node/share/ament_index/resource_index/packages/turtlebot3_node
[17.387s] -- Installing: /home/tomas/code/thesis/turtlebot3_ws/install/turtlebot3_node/share/turtlebot3_node/cmake/ament_cmake_export_include_directories-extras.cmake
[17.387s] -- Installing: /home/tomas/code/thesis/turtlebot3_ws/install/turtlebot3_node/share/turtlebot3_node/cmake/turtlebot3_nodeConfig.cmake
[17.387s] -- Installing: /home/tomas/code/thesis/turtlebot3_ws/install/turtlebot3_node/share/turtlebot3_node/cmake/turtlebot3_nodeConfig-version.cmake
[17.387s] -- Installing: /home/tomas/code/thesis/turtlebot3_ws/install/turtlebot3_node/share/turtlebot3_node/package.xml
[17.389s] Invoked command in '/home/tomas/code/thesis/turtlebot3_ws/build/turtlebot3_node' returned '0': CMAKE_PREFIX_PATH=${CMAKE_PREFIX_PATH}:/opt/ros/foxy /usr/bin/cmake --install /home/tomas/code/thesis/turtlebot3_ws/build/turtlebot3_node
