[0.449s] Invoking command in '/home/tomas/code/thesis/turtlebot3_ws/src/turtlebot3_machine_learning/turtlebot3_dqn': PYTHONPATH=/home/tomas/code/thesis/turtlebot3_ws/install/turtlebot3_dqn/lib/python3.8/site-packages:${PYTHONPATH} /usr/bin/python3 setup.py egg_info --egg-base ../../../build/turtlebot3_dqn build --build-base /home/tomas/code/thesis/turtlebot3_ws/build/turtlebot3_dqn/build install --prefix /home/tomas/code/thesis/turtlebot3_ws/install/turtlebot3_dqn --record /home/tomas/code/thesis/turtlebot3_ws/build/turtlebot3_dqn/install.log --single-version-externally-managed
[0.657s] running egg_info
[0.659s] writing ../../../build/turtlebot3_dqn/turtlebot3_dqn.egg-info/PKG-INFO
[0.659s] writing dependency_links to ../../../build/turtlebot3_dqn/turtlebot3_dqn.egg-info/dependency_links.txt
[0.659s] writing entry points to ../../../build/turtlebot3_dqn/turtlebot3_dqn.egg-info/entry_points.txt
[0.659s] writing requirements to ../../../build/turtlebot3_dqn/turtlebot3_dqn.egg-info/requires.txt
[0.659s] writing top-level names to ../../../build/turtlebot3_dqn/turtlebot3_dqn.egg-info/top_level.txt
[0.685s] reading manifest file '../../../build/turtlebot3_dqn/turtlebot3_dqn.egg-info/SOURCES.txt'
[0.685s] writing manifest file '../../../build/turtlebot3_dqn/turtlebot3_dqn.egg-info/SOURCES.txt'
[0.685s] running build
[0.685s] running build_py
[0.685s] copying turtlebot3_dqn/dqn_agent/dqn_agent.py -> /home/tomas/code/thesis/turtlebot3_ws/build/turtlebot3_dqn/build/lib/turtlebot3_dqn/dqn_agent
[0.686s] running install
[0.688s] running install_lib
[0.688s] copying /home/tomas/code/thesis/turtlebot3_ws/build/turtlebot3_dqn/build/lib/turtlebot3_dqn/dqn_agent/dqn_agent.py -> /home/tomas/code/thesis/turtlebot3_ws/install/turtlebot3_dqn/lib/python3.8/site-packages/turtlebot3_dqn/dqn_agent
[0.688s] byte-compiling /home/tomas/code/thesis/turtlebot3_ws/install/turtlebot3_dqn/lib/python3.8/site-packages/turtlebot3_dqn/dqn_agent/dqn_agent.py to dqn_agent.cpython-38.pyc
[0.690s]   File "/home/tomas/code/thesis/turtlebot3_ws/install/turtlebot3_dqn/lib/python3.8/site-packages/turtlebot3_dqn/dqn_agent/dqn_agent.py", line 233
[0.690s]     x_batch = numpy.empty((0, self.state_size), dtype=numpy.float`64`)
[0.690s]                                                                  ^
[0.690s] SyntaxError: invalid syntax
[0.690s] 
[0.690s] running install_data
[0.691s] running install_egg_info
[0.692s] removing '/home/tomas/code/thesis/turtlebot3_ws/install/turtlebot3_dqn/lib/python3.8/site-packages/turtlebot3_dqn-2.0.0-py3.8.egg-info' (and everything under it)
[0.692s] Copying ../../../build/turtlebot3_dqn/turtlebot3_dqn.egg-info to /home/tomas/code/thesis/turtlebot3_ws/install/turtlebot3_dqn/lib/python3.8/site-packages/turtlebot3_dqn-2.0.0-py3.8.egg-info
[0.693s] running install_scripts
[0.706s] Installing dqn_agent script to /home/tomas/code/thesis/turtlebot3_ws/install/turtlebot3_dqn/lib/turtlebot3_dqn
[0.706s] Installing dqn_environment script to /home/tomas/code/thesis/turtlebot3_ws/install/turtlebot3_dqn/lib/turtlebot3_dqn
[0.707s] Installing dqn_gazebo script to /home/tomas/code/thesis/turtlebot3_ws/install/turtlebot3_dqn/lib/turtlebot3_dqn
[0.707s] Installing dqn_test script to /home/tomas/code/thesis/turtlebot3_ws/install/turtlebot3_dqn/lib/turtlebot3_dqn
[0.708s] writing list of installed files to '/home/tomas/code/thesis/turtlebot3_ws/build/turtlebot3_dqn/install.log'
[0.834s] Invoked command in '/home/tomas/code/thesis/turtlebot3_ws/src/turtlebot3_machine_learning/turtlebot3_dqn' returned '0': PYTHONPATH=/home/tomas/code/thesis/turtlebot3_ws/install/turtlebot3_dqn/lib/python3.8/site-packages:${PYTHONPATH} /usr/bin/python3 setup.py egg_info --egg-base ../../../build/turtlebot3_dqn build --build-base /home/tomas/code/thesis/turtlebot3_ws/build/turtlebot3_dqn/build install --prefix /home/tomas/code/thesis/turtlebot3_ws/install/turtlebot3_dqn --record /home/tomas/code/thesis/turtlebot3_ws/build/turtlebot3_dqn/install.log --single-version-externally-managed
