[0.447s] Invoking command in '/home/tomas/code/thesis/turtlebot3_ws/src/turtlebot3/turtlebot3_example': PYTHONPATH=/home/tomas/code/thesis/turtlebot3_ws/install/turtlebot3_example/lib/python3.8/site-packages:${PYTHONPATH} /usr/bin/python3 setup.py egg_info --egg-base ../../../build/turtlebot3_example build --build-base /home/tomas/code/thesis/turtlebot3_ws/build/turtlebot3_example/build install --prefix /home/tomas/code/thesis/turtlebot3_ws/install/turtlebot3_example --record /home/tomas/code/thesis/turtlebot3_ws/build/turtlebot3_example/install.log --single-version-externally-managed
[0.653s] running egg_info
[0.653s] writing ../../../build/turtlebot3_example/turtlebot3_example.egg-info/PKG-INFO
[0.653s] writing dependency_links to ../../../build/turtlebot3_example/turtlebot3_example.egg-info/dependency_links.txt
[0.653s] writing entry points to ../../../build/turtlebot3_example/turtlebot3_example.egg-info/entry_points.txt
[0.653s] writing requirements to ../../../build/turtlebot3_example/turtlebot3_example.egg-info/requires.txt
[0.653s] writing top-level names to ../../../build/turtlebot3_example/turtlebot3_example.egg-info/top_level.txt
[0.701s] reading manifest file '../../../build/turtlebot3_example/turtlebot3_example.egg-info/SOURCES.txt'
[0.701s] writing manifest file '../../../build/turtlebot3_example/turtlebot3_example.egg-info/SOURCES.txt'
[0.701s] running build
[0.701s] running build_py
[0.701s] running install
[0.701s] running install_lib
[0.701s] running install_data
[0.701s] running install_egg_info
[0.701s] removing '/home/tomas/code/thesis/turtlebot3_ws/install/turtlebot3_example/lib/python3.8/site-packages/turtlebot3_example-2.1.2-py3.8.egg-info' (and everything under it)
[0.701s] Copying ../../../build/turtlebot3_example/turtlebot3_example.egg-info to /home/tomas/code/thesis/turtlebot3_ws/install/turtlebot3_example/lib/python3.8/site-packages/turtlebot3_example-2.1.2-py3.8.egg-info
[0.701s] running install_scripts
[0.710s] Installing turtlebot3_obstacle_detection script to /home/tomas/code/thesis/turtlebot3_ws/install/turtlebot3_example/lib/turtlebot3_example
[0.711s] Installing turtlebot3_patrol_client script to /home/tomas/code/thesis/turtlebot3_ws/install/turtlebot3_example/lib/turtlebot3_example
[0.711s] Installing turtlebot3_patrol_server script to /home/tomas/code/thesis/turtlebot3_ws/install/turtlebot3_example/lib/turtlebot3_example
[0.711s] Installing turtlebot3_position_control script to /home/tomas/code/thesis/turtlebot3_ws/install/turtlebot3_example/lib/turtlebot3_example
[0.711s] writing list of installed files to '/home/tomas/code/thesis/turtlebot3_ws/build/turtlebot3_example/install.log'
[0.884s] Invoked command in '/home/tomas/code/thesis/turtlebot3_ws/src/turtlebot3/turtlebot3_example' returned '0': PYTHONPATH=/home/tomas/code/thesis/turtlebot3_ws/install/turtlebot3_example/lib/python3.8/site-packages:${PYTHONPATH} /usr/bin/python3 setup.py egg_info --egg-base ../../../build/turtlebot3_example build --build-base /home/tomas/code/thesis/turtlebot3_ws/build/turtlebot3_example/build install --prefix /home/tomas/code/thesis/turtlebot3_ws/install/turtlebot3_example --record /home/tomas/code/thesis/turtlebot3_ws/build/turtlebot3_example/install.log --single-version-externally-managed
