1640623378.319502 client started (9533): version 3.0a, socket /tmp/tmux-1000/default, protocol 8
1640623378.319586 on Linux 4.9.253-tegra #1 SMP PREEMPT Mon Jul 26 12:13:06 PDT 2021; libevent 2.1.11-stable (poll)
1640623378.319658 socket is /tmp/tmux-1000/default
1640623378.319699 trying connect
1640623378.319753 connect failed: Connection refused
1640623378.319796 lock file is /tmp/tmux-1000/default.lock
1640623378.319912 flock succeeded
1640623378.319937 got lock (6)
1640623378.319970 trying connect
1640623378.320020 connect failed: Connection refused
1640623378.320881 add peer 0x55b0995780: 7 ((nil))
1640623378.321569 sending message 100 to peer 0x55b0995780 (4 bytes)
1640623378.321826 sending message 101 to peer 0x55b0995780 (15 bytes)
1640623378.321872 sending message 102 to peer 0x55b0995780 (11 bytes)
1640623378.321916 sending message 108 to peer 0x55b0995780 (32 bytes)
1640623378.321966 sending message 104 to peer 0x55b0995780 (0 bytes)
1640623378.322016 sending message 107 to peer 0x55b0995780 (4 bytes)
1640623378.322061 sending message 105 to peer 0x55b0995780 (16 bytes)
1640623378.322106 sending message 105 to peer 0x55b0995780 (14 bytes)
1640623378.322151 sending message 105 to peer 0x55b0995780 (21 bytes)
1640623378.322195 sending message 105 to peer 0x55b0995780 (23 bytes)
1640623378.322237 sending message 105 to peer 0x55b0995780 (20 bytes)
1640623378.322281 sending message 105 to peer 0x55b0995780 (24 bytes)
1640623378.322325 sending message 105 to peer 0x55b0995780 (36 bytes)
1640623378.322370 sending message 105 to peer 0x55b0995780 (15 bytes)
1640623378.322414 sending message 105 to peer 0x55b0995780 (21 bytes)
1640623378.322458 sending message 105 to peer 0x55b0995780 (16 bytes)
1640623378.322501 sending message 105 to peer 0x55b0995780 (15 bytes)
1640623378.322543 sending message 105 to peer 0x55b0995780 (18 bytes)
1640623378.322585 sending message 105 to peer 0x55b0995780 (17 bytes)
1640623378.322627 sending message 105 to peer 0x55b0995780 (21 bytes)
1640623378.322671 sending message 105 to peer 0x55b0995780 (1506 bytes)
1640623378.322779 sending message 105 to peer 0x55b0995780 (556 bytes)
1640623378.322825 sending message 105 to peer 0x55b0995780 (369 bytes)
1640623378.322870 sending message 105 to peer 0x55b0995780 (114 bytes)
1640623378.322915 sending message 105 to peer 0x55b0995780 (51 bytes)
1640623378.322959 sending message 105 to peer 0x55b0995780 (34 bytes)
1640623378.323004 sending message 105 to peer 0x55b0995780 (23 bytes)
1640623378.323048 sending message 105 to peer 0x55b0995780 (394 bytes)
1640623378.323094 sending message 105 to peer 0x55b0995780 (20 bytes)
1640623378.323139 sending message 105 to peer 0x55b0995780 (30 bytes)
1640623378.323184 sending message 105 to peer 0x55b0995780 (32 bytes)
1640623378.323227 sending message 105 to peer 0x55b0995780 (12 bytes)
1640623378.323271 sending message 105 to peer 0x55b0995780 (23 bytes)
1640623378.323315 sending message 105 to peer 0x55b0995780 (8 bytes)
1640623378.323358 sending message 105 to peer 0x55b0995780 (25 bytes)
1640623378.323402 sending message 105 to peer 0x55b0995780 (27 bytes)
1640623378.323446 sending message 105 to peer 0x55b0995780 (17 bytes)
1640623378.323490 sending message 105 to peer 0x55b0995780 (40 bytes)
1640623378.323534 sending message 105 to peer 0x55b0995780 (252 bytes)
1640623378.323578 sending message 105 to peer 0x55b0995780 (31 bytes)
1640623378.323622 sending message 105 to peer 0x55b0995780 (21 bytes)
1640623378.323665 sending message 105 to peer 0x55b0995780 (34 bytes)
1640623378.323710 sending message 105 to peer 0x55b0995780 (20 bytes)
1640623378.323755 sending message 105 to peer 0x55b0995780 (65 bytes)
1640623378.323800 sending message 105 to peer 0x55b0995780 (146 bytes)
1640623378.323844 sending message 105 to peer 0x55b0995780 (54 bytes)
1640623378.323887 sending message 105 to peer 0x55b0995780 (19 bytes)
1640623378.323933 sending message 105 to peer 0x55b0995780 (16 bytes)
1640623378.323978 sending message 105 to peer 0x55b0995780 (23 bytes)
1640623378.324022 sending message 105 to peer 0x55b0995780 (20 bytes)
1640623378.324121 sending message 105 to peer 0x55b0995780 (16 bytes)
1640623378.324169 sending message 106 to peer 0x55b0995780 (0 bytes)
1640623378.324215 sending message 200 to peer 0x55b0995780 (4 bytes)
1640623378.324255 client loop enter
1640623378.469570 peer 0x55b0995780 message 207
1640623378.469600 sending message 208 to peer 0x55b0995780 (0 bytes)
1640623385.174745 peer 0x55b0995780 message 203
1640623385.174796 sending message 205 to peer 0x55b0995780 (0 bytes)
1640623385.176018 peer 0x55b0995780 message 204
1640623385.176045 client loop exit
