-- Install configuration: ""
-- Up-to-date: /home/tomas/code/thesis/turtlebot3_ws/install/turtlebot3_bringup/share/turtlebot3_bringup/launch
-- Up-to-date: /home/tomas/code/thesis/turtlebot3_ws/install/turtlebot3_bringup/share/turtlebot3_bringup/launch/robot.launch.py
-- Up-to-date: /home/tomas/code/thesis/turtlebot3_ws/install/turtlebot3_bringup/share/turtlebot3_bringup/launch/turtlebot3_state_publisher.launch.py
-- Up-to-date: /home/tomas/code/thesis/turtlebot3_ws/install/turtlebot3_bringup/share/turtlebot3_bringup/launch/rviz2.launch.py
-- Up-to-date: /home/tomas/code/thesis/turtlebot3_ws/install/turtlebot3_bringup/share/turtlebot3_bringup/param
-- Up-to-date: /home/tomas/code/thesis/turtlebot3_ws/install/turtlebot3_bringup/share/turtlebot3_bringup/param/waffle_pi.yaml
-- Up-to-date: /home/tomas/code/thesis/turtlebot3_ws/install/turtlebot3_bringup/share/turtlebot3_bringup/param/waffle.yaml
-- Up-to-date: /home/tomas/code/thesis/turtlebot3_ws/install/turtlebot3_bringup/share/turtlebot3_bringup/param/burger.yaml
-- Up-to-date: /home/tomas/code/thesis/turtlebot3_ws/install/turtlebot3_bringup/share/turtlebot3_bringup/script
-- Up-to-date: /home/tomas/code/thesis/turtlebot3_ws/install/turtlebot3_bringup/share/turtlebot3_bringup/script/99-turtlebot3-cdc.rules
-- Up-to-date: /home/tomas/code/thesis/turtlebot3_ws/install/turtlebot3_bringup/share/turtlebot3_bringup/script/create_udev_rules
-- Up-to-date: /home/tomas/code/thesis/turtlebot3_ws/install/turtlebot3_bringup/share/ament_index/resource_index/package_run_dependencies/turtlebot3_bringup
-- Up-to-date: /home/tomas/code/thesis/turtlebot3_ws/install/turtlebot3_bringup/share/ament_index/resource_index/parent_prefix_path/turtlebot3_bringup
-- Up-to-date: /home/tomas/code/thesis/turtlebot3_ws/install/turtlebot3_bringup/share/turtlebot3_bringup/environment/ament_prefix_path.sh
-- Up-to-date: /home/tomas/code/thesis/turtlebot3_ws/install/turtlebot3_bringup/share/turtlebot3_bringup/environment/ament_prefix_path.dsv
-- Up-to-date: /home/tomas/code/thesis/turtlebot3_ws/install/turtlebot3_bringup/share/turtlebot3_bringup/environment/path.sh
-- Up-to-date: /home/tomas/code/thesis/turtlebot3_ws/install/turtlebot3_bringup/share/turtlebot3_bringup/environment/path.dsv
-- Up-to-date: /home/tomas/code/thesis/turtlebot3_ws/install/turtlebot3_bringup/share/turtlebot3_bringup/local_setup.bash
-- Up-to-date: /home/tomas/code/thesis/turtlebot3_ws/install/turtlebot3_bringup/share/turtlebot3_bringup/local_setup.sh
-- Up-to-date: /home/tomas/code/thesis/turtlebot3_ws/install/turtlebot3_bringup/share/turtlebot3_bringup/local_setup.zsh
-- Up-to-date: /home/tomas/code/thesis/turtlebot3_ws/install/turtlebot3_bringup/share/turtlebot3_bringup/local_setup.dsv
-- Installing: /home/tomas/code/thesis/turtlebot3_ws/install/turtlebot3_bringup/share/turtlebot3_bringup/package.dsv
-- Up-to-date: /home/tomas/code/thesis/turtlebot3_ws/install/turtlebot3_bringup/share/ament_index/resource_index/packages/turtlebot3_bringup
-- Up-to-date: /home/tomas/code/thesis/turtlebot3_ws/install/turtlebot3_bringup/share/turtlebot3_bringup/cmake/turtlebot3_bringupConfig.cmake
-- Up-to-date: /home/tomas/code/thesis/turtlebot3_ws/install/turtlebot3_bringup/share/turtlebot3_bringup/cmake/turtlebot3_bringupConfig-version.cmake
-- Up-to-date: /home/tomas/code/thesis/turtlebot3_ws/install/turtlebot3_bringup/share/turtlebot3_bringup/package.xml
