-- The C compiler identification is GNU 9.3.0
-- The CXX compiler identification is GNU 9.3.0
-- Check for working C compiler: /usr/bin/cc
-- Check for working C compiler: /usr/bin/cc -- works
-- Detecting C compiler ABI info
-- Detecting C compiler ABI info - done
-- Detecting C compile features
-- Detecting C compile features - done
-- Check for working CXX compiler: /usr/bin/c++
-- Check for working CXX compiler: /usr/bin/c++ -- works
-- Detecting CXX compiler ABI info
-- Detecting CXX compiler ABI info - done
-- Detecting CXX compile features
-- Detecting CXX compile features - done
-- Found ament_cmake: 0.9.9 (/home/tomas/ros2_foxy/ros2-linux/share/ament_cmake/cmake)
-- Found PythonInterp: /usr/bin/python3 (found suitable version "3.8.10", minimum required is "3") 
-- Using PYTHON_EXECUTABLE: /usr/bin/python3
-- Configuring done
-- Generating done
-- Build files have been written to: /home/tomas/code/thesis/turtlebot3_ws/build/turtlebot3_machine_learning
-- Install configuration: ""
-- Installing: /home/tomas/code/thesis/turtlebot3_ws/install/turtlebot3_machine_learning/share/ament_index/resource_index/package_run_dependencies/turtlebot3_machine_learning
-- Installing: /home/tomas/code/thesis/turtlebot3_ws/install/turtlebot3_machine_learning/share/ament_index/resource_index/parent_prefix_path/turtlebot3_machine_learning
-- Installing: /home/tomas/code/thesis/turtlebot3_ws/install/turtlebot3_machine_learning/share/turtlebot3_machine_learning/environment/ament_prefix_path.sh
-- Installing: /home/tomas/code/thesis/turtlebot3_ws/install/turtlebot3_machine_learning/share/turtlebot3_machine_learning/environment/ament_prefix_path.dsv
-- Installing: /home/tomas/code/thesis/turtlebot3_ws/install/turtlebot3_machine_learning/share/turtlebot3_machine_learning/environment/path.sh
-- Installing: /home/tomas/code/thesis/turtlebot3_ws/install/turtlebot3_machine_learning/share/turtlebot3_machine_learning/environment/path.dsv
-- Installing: /home/tomas/code/thesis/turtlebot3_ws/install/turtlebot3_machine_learning/share/turtlebot3_machine_learning/local_setup.bash
-- Installing: /home/tomas/code/thesis/turtlebot3_ws/install/turtlebot3_machine_learning/share/turtlebot3_machine_learning/local_setup.sh
-- Installing: /home/tomas/code/thesis/turtlebot3_ws/install/turtlebot3_machine_learning/share/turtlebot3_machine_learning/local_setup.zsh
-- Installing: /home/tomas/code/thesis/turtlebot3_ws/install/turtlebot3_machine_learning/share/turtlebot3_machine_learning/local_setup.dsv
-- Installing: /home/tomas/code/thesis/turtlebot3_ws/install/turtlebot3_machine_learning/share/turtlebot3_machine_learning/package.dsv
-- Installing: /home/tomas/code/thesis/turtlebot3_ws/install/turtlebot3_machine_learning/share/ament_index/resource_index/packages/turtlebot3_machine_learning
-- Installing: /home/tomas/code/thesis/turtlebot3_ws/install/turtlebot3_machine_learning/share/turtlebot3_machine_learning/cmake/turtlebot3_machine_learningConfig.cmake
-- Installing: /home/tomas/code/thesis/turtlebot3_ws/install/turtlebot3_machine_learning/share/turtlebot3_machine_learning/cmake/turtlebot3_machine_learningConfig-version.cmake
-- Installing: /home/tomas/code/thesis/turtlebot3_ws/install/turtlebot3_machine_learning/share/turtlebot3_machine_learning/package.xml
