[0.292s] Invoking command in '/home/tomas/code/thesis/turtlebot3_ws/src/turtlebot3/turtlebot3_teleop': PYTHONPATH=/home/tomas/code/thesis/turtlebot3_ws/install/turtlebot3_teleop/lib/python3.8/site-packages:${PYTHONPATH} /usr/bin/python3 setup.py egg_info --egg-base ../../../build/turtlebot3_teleop build --build-base /home/tomas/code/thesis/turtlebot3_ws/build/turtlebot3_teleop/build install --prefix /home/tomas/code/thesis/turtlebot3_ws/install/turtlebot3_teleop --record /home/tomas/code/thesis/turtlebot3_ws/build/turtlebot3_teleop/install.log --single-version-externally-managed
[0.512s] running egg_info
[0.513s] creating ../../../build/turtlebot3_teleop/turtlebot3_teleop.egg-info
[0.513s] writing ../../../build/turtlebot3_teleop/turtlebot3_teleop.egg-info/PKG-INFO
[0.514s] writing dependency_links to ../../../build/turtlebot3_teleop/turtlebot3_teleop.egg-info/dependency_links.txt
[0.514s] writing entry points to ../../../build/turtlebot3_teleop/turtlebot3_teleop.egg-info/entry_points.txt
[0.514s] writing requirements to ../../../build/turtlebot3_teleop/turtlebot3_teleop.egg-info/requires.txt
[0.514s] writing top-level names to ../../../build/turtlebot3_teleop/turtlebot3_teleop.egg-info/top_level.txt
[0.514s] writing manifest file '../../../build/turtlebot3_teleop/turtlebot3_teleop.egg-info/SOURCES.txt'
[0.541s] reading manifest file '../../../build/turtlebot3_teleop/turtlebot3_teleop.egg-info/SOURCES.txt'
[0.542s] writing manifest file '../../../build/turtlebot3_teleop/turtlebot3_teleop.egg-info/SOURCES.txt'
[0.542s] running build
[0.542s] running build_py
[0.542s] creating /home/tomas/code/thesis/turtlebot3_ws/build/turtlebot3_teleop/build
[0.542s] creating /home/tomas/code/thesis/turtlebot3_ws/build/turtlebot3_teleop/build/lib
[0.542s] creating /home/tomas/code/thesis/turtlebot3_ws/build/turtlebot3_teleop/build/lib/turtlebot3_teleop
[0.542s] copying turtlebot3_teleop/__init__.py -> /home/tomas/code/thesis/turtlebot3_ws/build/turtlebot3_teleop/build/lib/turtlebot3_teleop
[0.543s] creating /home/tomas/code/thesis/turtlebot3_ws/build/turtlebot3_teleop/build/lib/turtlebot3_teleop/script
[0.543s] copying turtlebot3_teleop/script/__init__.py -> /home/tomas/code/thesis/turtlebot3_ws/build/turtlebot3_teleop/build/lib/turtlebot3_teleop/script
[0.543s] copying turtlebot3_teleop/script/teleop_keyboard.py -> /home/tomas/code/thesis/turtlebot3_ws/build/turtlebot3_teleop/build/lib/turtlebot3_teleop/script
[0.543s] running install
[0.544s] running install_lib
[0.545s] creating /home/tomas/code/thesis/turtlebot3_ws/install/turtlebot3_teleop/lib/python3.8/site-packages/turtlebot3_teleop
[0.545s] creating /home/tomas/code/thesis/turtlebot3_ws/install/turtlebot3_teleop/lib/python3.8/site-packages/turtlebot3_teleop/script
[0.545s] copying /home/tomas/code/thesis/turtlebot3_ws/build/turtlebot3_teleop/build/lib/turtlebot3_teleop/script/__init__.py -> /home/tomas/code/thesis/turtlebot3_ws/install/turtlebot3_teleop/lib/python3.8/site-packages/turtlebot3_teleop/script
[0.545s] copying /home/tomas/code/thesis/turtlebot3_ws/build/turtlebot3_teleop/build/lib/turtlebot3_teleop/script/teleop_keyboard.py -> /home/tomas/code/thesis/turtlebot3_ws/install/turtlebot3_teleop/lib/python3.8/site-packages/turtlebot3_teleop/script
[0.545s] copying /home/tomas/code/thesis/turtlebot3_ws/build/turtlebot3_teleop/build/lib/turtlebot3_teleop/__init__.py -> /home/tomas/code/thesis/turtlebot3_ws/install/turtlebot3_teleop/lib/python3.8/site-packages/turtlebot3_teleop
[0.546s] byte-compiling /home/tomas/code/thesis/turtlebot3_ws/install/turtlebot3_teleop/lib/python3.8/site-packages/turtlebot3_teleop/script/__init__.py to __init__.cpython-38.pyc
[0.547s] byte-compiling /home/tomas/code/thesis/turtlebot3_ws/install/turtlebot3_teleop/lib/python3.8/site-packages/turtlebot3_teleop/script/teleop_keyboard.py to teleop_keyboard.cpython-38.pyc
[0.548s] byte-compiling /home/tomas/code/thesis/turtlebot3_ws/install/turtlebot3_teleop/lib/python3.8/site-packages/turtlebot3_teleop/__init__.py to __init__.cpython-38.pyc
[0.548s] running install_data
[0.550s] creating /home/tomas/code/thesis/turtlebot3_ws/install/turtlebot3_teleop/share/ament_index
[0.550s] creating /home/tomas/code/thesis/turtlebot3_ws/install/turtlebot3_teleop/share/ament_index/resource_index
[0.550s] creating /home/tomas/code/thesis/turtlebot3_ws/install/turtlebot3_teleop/share/ament_index/resource_index/packages
[0.550s] copying resource/turtlebot3_teleop -> /home/tomas/code/thesis/turtlebot3_ws/install/turtlebot3_teleop/share/ament_index/resource_index/packages
[0.551s] copying package.xml -> /home/tomas/code/thesis/turtlebot3_ws/install/turtlebot3_teleop/share/turtlebot3_teleop
[0.551s] running install_egg_info
[0.552s] Copying ../../../build/turtlebot3_teleop/turtlebot3_teleop.egg-info to /home/tomas/code/thesis/turtlebot3_ws/install/turtlebot3_teleop/lib/python3.8/site-packages/turtlebot3_teleop-2.1.2-py3.8.egg-info
[0.553s] running install_scripts
[0.570s] Installing teleop_keyboard script to /home/tomas/code/thesis/turtlebot3_ws/install/turtlebot3_teleop/lib/turtlebot3_teleop
[0.571s] writing list of installed files to '/home/tomas/code/thesis/turtlebot3_ws/build/turtlebot3_teleop/install.log'
[0.605s] Invoked command in '/home/tomas/code/thesis/turtlebot3_ws/src/turtlebot3/turtlebot3_teleop' returned '0': PYTHONPATH=/home/tomas/code/thesis/turtlebot3_ws/install/turtlebot3_teleop/lib/python3.8/site-packages:${PYTHONPATH} /usr/bin/python3 setup.py egg_info --egg-base ../../../build/turtlebot3_teleop build --build-base /home/tomas/code/thesis/turtlebot3_ws/build/turtlebot3_teleop/build install --prefix /home/tomas/code/thesis/turtlebot3_ws/install/turtlebot3_teleop --record /home/tomas/code/thesis/turtlebot3_ws/build/turtlebot3_teleop/install.log --single-version-externally-managed
