[0.038s] Invoking command in '/home/tomas/code/thesis/turtlebot3_ws/build/turtlebot3_navigation2': CMAKE_PREFIX_PATH=${CMAKE_PREFIX_PATH}:/home/tomas/code/thesis/turtlebot3_ws/install/turtlebot3_dqn:/home/tomas/code/thesis/turtlebot3_ws/install/turtlebot3_teleop:/home/tomas/code/thesis/turtlebot3_ws/install/turtlebot3_example:/opt/ros/foxy /usr/bin/cmake --build /home/tomas/code/thesis/turtlebot3_ws/build/turtlebot3_navigation2 -- -j6 -l6
[0.258s] Invoked command in '/home/tomas/code/thesis/turtlebot3_ws/build/turtlebot3_navigation2' returned '0': CMAKE_PREFIX_PATH=${CMAKE_PREFIX_PATH}:/home/tomas/code/thesis/turtlebot3_ws/install/turtlebot3_dqn:/home/tomas/code/thesis/turtlebot3_ws/install/turtlebot3_teleop:/home/tomas/code/thesis/turtlebot3_ws/install/turtlebot3_example:/opt/ros/foxy /usr/bin/cmake --build /home/tomas/code/thesis/turtlebot3_ws/build/turtlebot3_navigation2 -- -j6 -l6
[0.310s] Invoking command in '/home/tomas/code/thesis/turtlebot3_ws/build/turtlebot3_navigation2': CMAKE_PREFIX_PATH=${CMAKE_PREFIX_PATH}:/home/tomas/code/thesis/turtlebot3_ws/install/turtlebot3_dqn:/home/tomas/code/thesis/turtlebot3_ws/install/turtlebot3_teleop:/home/tomas/code/thesis/turtlebot3_ws/install/turtlebot3_example:/opt/ros/foxy /usr/bin/cmake --install /home/tomas/code/thesis/turtlebot3_ws/build/turtlebot3_navigation2
[0.327s] -- Install configuration: ""
[0.327s] -- Up-to-date: /home/tomas/code/thesis/turtlebot3_ws/install/turtlebot3_navigation2/share/turtlebot3_navigation2/launch
[0.327s] -- Up-to-date: /home/tomas/code/thesis/turtlebot3_ws/install/turtlebot3_navigation2/share/turtlebot3_navigation2/launch/navigation2.launch.py
[0.327s] -- Up-to-date: /home/tomas/code/thesis/turtlebot3_ws/install/turtlebot3_navigation2/share/turtlebot3_navigation2/map
[0.327s] -- Up-to-date: /home/tomas/code/thesis/turtlebot3_ws/install/turtlebot3_navigation2/share/turtlebot3_navigation2/map/turtlebot3_world.yaml
[0.327s] -- Up-to-date: /home/tomas/code/thesis/turtlebot3_ws/install/turtlebot3_navigation2/share/turtlebot3_navigation2/map/turtlebot3_world.pgm
[0.327s] -- Up-to-date: /home/tomas/code/thesis/turtlebot3_ws/install/turtlebot3_navigation2/share/turtlebot3_navigation2/param
[0.327s] -- Up-to-date: /home/tomas/code/thesis/turtlebot3_ws/install/turtlebot3_navigation2/share/turtlebot3_navigation2/param/waffle_pi.yaml
[0.327s] -- Up-to-date: /home/tomas/code/thesis/turtlebot3_ws/install/turtlebot3_navigation2/share/turtlebot3_navigation2/param/waffle.yaml
[0.328s] -- Up-to-date: /home/tomas/code/thesis/turtlebot3_ws/install/turtlebot3_navigation2/share/turtlebot3_navigation2/param/burger.yaml
[0.328s] -- Up-to-date: /home/tomas/code/thesis/turtlebot3_ws/install/turtlebot3_navigation2/share/turtlebot3_navigation2/rviz
[0.328s] -- Up-to-date: /home/tomas/code/thesis/turtlebot3_ws/install/turtlebot3_navigation2/share/turtlebot3_navigation2/rviz/tb3_navigation2.rviz
[0.328s] -- Up-to-date: /home/tomas/code/thesis/turtlebot3_ws/install/turtlebot3_navigation2/share/ament_index/resource_index/package_run_dependencies/turtlebot3_navigation2
[0.328s] -- Up-to-date: /home/tomas/code/thesis/turtlebot3_ws/install/turtlebot3_navigation2/share/ament_index/resource_index/parent_prefix_path/turtlebot3_navigation2
[0.328s] -- Up-to-date: /home/tomas/code/thesis/turtlebot3_ws/install/turtlebot3_navigation2/share/turtlebot3_navigation2/environment/ament_prefix_path.sh
[0.328s] -- Up-to-date: /home/tomas/code/thesis/turtlebot3_ws/install/turtlebot3_navigation2/share/turtlebot3_navigation2/environment/ament_prefix_path.dsv
[0.328s] -- Up-to-date: /home/tomas/code/thesis/turtlebot3_ws/install/turtlebot3_navigation2/share/turtlebot3_navigation2/environment/path.sh
[0.328s] -- Up-to-date: /home/tomas/code/thesis/turtlebot3_ws/install/turtlebot3_navigation2/share/turtlebot3_navigation2/environment/path.dsv
[0.328s] -- Up-to-date: /home/tomas/code/thesis/turtlebot3_ws/install/turtlebot3_navigation2/share/turtlebot3_navigation2/local_setup.bash
[0.328s] -- Up-to-date: /home/tomas/code/thesis/turtlebot3_ws/install/turtlebot3_navigation2/share/turtlebot3_navigation2/local_setup.sh
[0.328s] -- Up-to-date: /home/tomas/code/thesis/turtlebot3_ws/install/turtlebot3_navigation2/share/turtlebot3_navigation2/local_setup.zsh
[0.328s] -- Up-to-date: /home/tomas/code/thesis/turtlebot3_ws/install/turtlebot3_navigation2/share/turtlebot3_navigation2/local_setup.dsv
[0.328s] -- Installing: /home/tomas/code/thesis/turtlebot3_ws/install/turtlebot3_navigation2/share/turtlebot3_navigation2/package.dsv
[0.328s] -- Up-to-date: /home/tomas/code/thesis/turtlebot3_ws/install/turtlebot3_navigation2/share/ament_index/resource_index/packages/turtlebot3_navigation2
[0.328s] -- Up-to-date: /home/tomas/code/thesis/turtlebot3_ws/install/turtlebot3_navigation2/share/turtlebot3_navigation2/cmake/turtlebot3_navigation2Config.cmake
[0.328s] -- Up-to-date: /home/tomas/code/thesis/turtlebot3_ws/install/turtlebot3_navigation2/share/turtlebot3_navigation2/cmake/turtlebot3_navigation2Config-version.cmake
[0.329s] -- Up-to-date: /home/tomas/code/thesis/turtlebot3_ws/install/turtlebot3_navigation2/share/turtlebot3_navigation2/package.xml
[0.344s] Invoked command in '/home/tomas/code/thesis/turtlebot3_ws/build/turtlebot3_navigation2' returned '0': CMAKE_PREFIX_PATH=${CMAKE_PREFIX_PATH}:/home/tomas/code/thesis/turtlebot3_ws/install/turtlebot3_dqn:/home/tomas/code/thesis/turtlebot3_ws/install/turtlebot3_teleop:/home/tomas/code/thesis/turtlebot3_ws/install/turtlebot3_example:/opt/ros/foxy /usr/bin/cmake --install /home/tomas/code/thesis/turtlebot3_ws/build/turtlebot3_navigation2
