[0.009s] Invoking command in '/home/tomas/code/thesis/turtlebot3_ws/build/turtlebot3': AMENT_PREFIX_PATH=/home/tomas/code/thesis/turtlebot3_ws/install/turtlebot3_bringup:/home/tomas/code/thesis/turtlebot3_ws/install/turtlebot3_teleop:/home/tomas/code/thesis/turtlebot3_ws/install/turtlebot3_node:/home/tomas/code/thesis/turtlebot3_ws/install/turtlebot3_navigation2:/home/tomas/code/thesis/turtlebot3_ws/install/turtlebot3_example:/home/tomas/code/thesis/turtlebot3_ws/install/turtlebot3_description:/home/tomas/code/thesis/turtlebot3_ws/install/turtlebot3_cartographer:${AMENT_PREFIX_PATH} CMAKE_PREFIX_PATH=/home/tomas/code/thesis/turtlebot3_ws/install/turtlebot3_bringup:/home/tomas/code/thesis/turtlebot3_ws/install/turtlebot3_node:/home/tomas/code/thesis/turtlebot3_ws/install/turtlebot3_navigation2:/home/tomas/code/thesis/turtlebot3_ws/install/turtlebot3_description:/home/tomas/code/thesis/turtlebot3_ws/install/turtlebot3_cartographer:/home/tomas/ros2_foxy/ros2-linux:/opt/ros/foxy PYTHONPATH=/home/tomas/code/thesis/turtlebot3_ws/install/turtlebot3_teleop/lib/python3.8/site-packages:/home/tomas/code/thesis/turtlebot3_ws/install/turtlebot3_example/lib/python3.8/site-packages:${PYTHONPATH} /usr/bin/cmake /home/tomas/code/thesis/turtlebot3_ws/src/turtlebot3/turtlebot3 -DCMAKE_INSTALL_PREFIX=/home/tomas/code/thesis/turtlebot3_ws/install/turtlebot3
[0.048s] -- The C compiler identification is GNU 9.3.0
[0.086s] -- The CXX compiler identification is GNU 9.3.0
[0.089s] -- Check for working C compiler: /usr/bin/cc
[0.137s] -- Check for working C compiler: /usr/bin/cc -- works
[0.137s] -- Detecting C compiler ABI info
[0.186s] -- Detecting C compiler ABI info - done
[0.195s] -- Detecting C compile features
[0.195s] -- Detecting C compile features - done
[0.197s] -- Check for working CXX compiler: /usr/bin/c++
[0.252s] -- Check for working CXX compiler: /usr/bin/c++ -- works
[0.254s] -- Detecting CXX compiler ABI info
[0.309s] -- Detecting CXX compiler ABI info - done
[0.318s] -- Detecting CXX compile features
[0.319s] -- Detecting CXX compile features - done
[0.321s] -- Found ament_cmake: 0.9.9 (/home/tomas/ros2_foxy/ros2-linux/share/ament_cmake/cmake)
[0.340s] -- Found PythonInterp: /usr/bin/python3 (found suitable version "3.8.10", minimum required is "3") 
[0.340s] -- Using PYTHON_EXECUTABLE: /usr/bin/python3
[0.556s] -- Configuring done
[0.557s] -- Generating done
[0.558s] -- Build files have been written to: /home/tomas/code/thesis/turtlebot3_ws/build/turtlebot3
[0.561s] Invoked command in '/home/tomas/code/thesis/turtlebot3_ws/build/turtlebot3' returned '0': AMENT_PREFIX_PATH=/home/tomas/code/thesis/turtlebot3_ws/install/turtlebot3_bringup:/home/tomas/code/thesis/turtlebot3_ws/install/turtlebot3_teleop:/home/tomas/code/thesis/turtlebot3_ws/install/turtlebot3_node:/home/tomas/code/thesis/turtlebot3_ws/install/turtlebot3_navigation2:/home/tomas/code/thesis/turtlebot3_ws/install/turtlebot3_example:/home/tomas/code/thesis/turtlebot3_ws/install/turtlebot3_description:/home/tomas/code/thesis/turtlebot3_ws/install/turtlebot3_cartographer:${AMENT_PREFIX_PATH} CMAKE_PREFIX_PATH=/home/tomas/code/thesis/turtlebot3_ws/install/turtlebot3_bringup:/home/tomas/code/thesis/turtlebot3_ws/install/turtlebot3_node:/home/tomas/code/thesis/turtlebot3_ws/install/turtlebot3_navigation2:/home/tomas/code/thesis/turtlebot3_ws/install/turtlebot3_description:/home/tomas/code/thesis/turtlebot3_ws/install/turtlebot3_cartographer:/home/tomas/ros2_foxy/ros2-linux:/opt/ros/foxy PYTHONPATH=/home/tomas/code/thesis/turtlebot3_ws/install/turtlebot3_teleop/lib/python3.8/site-packages:/home/tomas/code/thesis/turtlebot3_ws/install/turtlebot3_example/lib/python3.8/site-packages:${PYTHONPATH} /usr/bin/cmake /home/tomas/code/thesis/turtlebot3_ws/src/turtlebot3/turtlebot3 -DCMAKE_INSTALL_PREFIX=/home/tomas/code/thesis/turtlebot3_ws/install/turtlebot3
[0.562s] Invoking command in '/home/tomas/code/thesis/turtlebot3_ws/build/turtlebot3': AMENT_PREFIX_PATH=/home/tomas/code/thesis/turtlebot3_ws/install/turtlebot3_bringup:/home/tomas/code/thesis/turtlebot3_ws/install/turtlebot3_teleop:/home/tomas/code/thesis/turtlebot3_ws/install/turtlebot3_node:/home/tomas/code/thesis/turtlebot3_ws/install/turtlebot3_navigation2:/home/tomas/code/thesis/turtlebot3_ws/install/turtlebot3_example:/home/tomas/code/thesis/turtlebot3_ws/install/turtlebot3_description:/home/tomas/code/thesis/turtlebot3_ws/install/turtlebot3_cartographer:${AMENT_PREFIX_PATH} CMAKE_PREFIX_PATH=/home/tomas/code/thesis/turtlebot3_ws/install/turtlebot3_bringup:/home/tomas/code/thesis/turtlebot3_ws/install/turtlebot3_node:/home/tomas/code/thesis/turtlebot3_ws/install/turtlebot3_navigation2:/home/tomas/code/thesis/turtlebot3_ws/install/turtlebot3_description:/home/tomas/code/thesis/turtlebot3_ws/install/turtlebot3_cartographer:/home/tomas/ros2_foxy/ros2-linux:/opt/ros/foxy PYTHONPATH=/home/tomas/code/thesis/turtlebot3_ws/install/turtlebot3_teleop/lib/python3.8/site-packages:/home/tomas/code/thesis/turtlebot3_ws/install/turtlebot3_example/lib/python3.8/site-packages:${PYTHONPATH} /usr/bin/cmake --build /home/tomas/code/thesis/turtlebot3_ws/build/turtlebot3 -- -j6 -l6
[0.591s] Invoked command in '/home/tomas/code/thesis/turtlebot3_ws/build/turtlebot3' returned '0': AMENT_PREFIX_PATH=/home/tomas/code/thesis/turtlebot3_ws/install/turtlebot3_bringup:/home/tomas/code/thesis/turtlebot3_ws/install/turtlebot3_teleop:/home/tomas/code/thesis/turtlebot3_ws/install/turtlebot3_node:/home/tomas/code/thesis/turtlebot3_ws/install/turtlebot3_navigation2:/home/tomas/code/thesis/turtlebot3_ws/install/turtlebot3_example:/home/tomas/code/thesis/turtlebot3_ws/install/turtlebot3_description:/home/tomas/code/thesis/turtlebot3_ws/install/turtlebot3_cartographer:${AMENT_PREFIX_PATH} CMAKE_PREFIX_PATH=/home/tomas/code/thesis/turtlebot3_ws/install/turtlebot3_bringup:/home/tomas/code/thesis/turtlebot3_ws/install/turtlebot3_node:/home/tomas/code/thesis/turtlebot3_ws/install/turtlebot3_navigation2:/home/tomas/code/thesis/turtlebot3_ws/install/turtlebot3_description:/home/tomas/code/thesis/turtlebot3_ws/install/turtlebot3_cartographer:/home/tomas/ros2_foxy/ros2-linux:/opt/ros/foxy PYTHONPATH=/home/tomas/code/thesis/turtlebot3_ws/install/turtlebot3_teleop/lib/python3.8/site-packages:/home/tomas/code/thesis/turtlebot3_ws/install/turtlebot3_example/lib/python3.8/site-packages:${PYTHONPATH} /usr/bin/cmake --build /home/tomas/code/thesis/turtlebot3_ws/build/turtlebot3 -- -j6 -l6
[0.607s] Invoking command in '/home/tomas/code/thesis/turtlebot3_ws/build/turtlebot3': AMENT_PREFIX_PATH=/home/tomas/code/thesis/turtlebot3_ws/install/turtlebot3_bringup:/home/tomas/code/thesis/turtlebot3_ws/install/turtlebot3_teleop:/home/tomas/code/thesis/turtlebot3_ws/install/turtlebot3_node:/home/tomas/code/thesis/turtlebot3_ws/install/turtlebot3_navigation2:/home/tomas/code/thesis/turtlebot3_ws/install/turtlebot3_example:/home/tomas/code/thesis/turtlebot3_ws/install/turtlebot3_description:/home/tomas/code/thesis/turtlebot3_ws/install/turtlebot3_cartographer:${AMENT_PREFIX_PATH} CMAKE_PREFIX_PATH=/home/tomas/code/thesis/turtlebot3_ws/install/turtlebot3_bringup:/home/tomas/code/thesis/turtlebot3_ws/install/turtlebot3_node:/home/tomas/code/thesis/turtlebot3_ws/install/turtlebot3_navigation2:/home/tomas/code/thesis/turtlebot3_ws/install/turtlebot3_description:/home/tomas/code/thesis/turtlebot3_ws/install/turtlebot3_cartographer:/home/tomas/ros2_foxy/ros2-linux:/opt/ros/foxy PYTHONPATH=/home/tomas/code/thesis/turtlebot3_ws/install/turtlebot3_teleop/lib/python3.8/site-packages:/home/tomas/code/thesis/turtlebot3_ws/install/turtlebot3_example/lib/python3.8/site-packages:${PYTHONPATH} /usr/bin/cmake --install /home/tomas/code/thesis/turtlebot3_ws/build/turtlebot3
[0.614s] -- Install configuration: ""
[0.614s] -- Installing: /home/tomas/code/thesis/turtlebot3_ws/install/turtlebot3/share/ament_index/resource_index/package_run_dependencies/turtlebot3
[0.614s] -- Installing: /home/tomas/code/thesis/turtlebot3_ws/install/turtlebot3/share/ament_index/resource_index/parent_prefix_path/turtlebot3
[0.614s] -- Installing: /home/tomas/code/thesis/turtlebot3_ws/install/turtlebot3/share/turtlebot3/environment/ament_prefix_path.sh
[0.614s] -- Installing: /home/tomas/code/thesis/turtlebot3_ws/install/turtlebot3/share/turtlebot3/environment/ament_prefix_path.dsv
[0.614s] -- Installing: /home/tomas/code/thesis/turtlebot3_ws/install/turtlebot3/share/turtlebot3/environment/path.sh
[0.614s] -- Installing: /home/tomas/code/thesis/turtlebot3_ws/install/turtlebot3/share/turtlebot3/environment/path.dsv
[0.614s] -- Installing: /home/tomas/code/thesis/turtlebot3_ws/install/turtlebot3/share/turtlebot3/local_setup.bash
[0.614s] -- Installing: /home/tomas/code/thesis/turtlebot3_ws/install/turtlebot3/share/turtlebot3/local_setup.sh
[0.615s] -- Installing: /home/tomas/code/thesis/turtlebot3_ws/install/turtlebot3/share/turtlebot3/local_setup.zsh
[0.615s] -- Installing: /home/tomas/code/thesis/turtlebot3_ws/install/turtlebot3/share/turtlebot3/local_setup.dsv
[0.615s] -- Installing: /home/tomas/code/thesis/turtlebot3_ws/install/turtlebot3/share/turtlebot3/package.dsv
[0.615s] -- Installing: /home/tomas/code/thesis/turtlebot3_ws/install/turtlebot3/share/ament_index/resource_index/packages/turtlebot3
[0.615s] -- Installing: /home/tomas/code/thesis/turtlebot3_ws/install/turtlebot3/share/turtlebot3/cmake/turtlebot3Config.cmake
[0.615s] -- Installing: /home/tomas/code/thesis/turtlebot3_ws/install/turtlebot3/share/turtlebot3/cmake/turtlebot3Config-version.cmake
[0.615s] -- Installing: /home/tomas/code/thesis/turtlebot3_ws/install/turtlebot3/share/turtlebot3/package.xml
[0.617s] Invoked command in '/home/tomas/code/thesis/turtlebot3_ws/build/turtlebot3' returned '0': AMENT_PREFIX_PATH=/home/tomas/code/thesis/turtlebot3_ws/install/turtlebot3_bringup:/home/tomas/code/thesis/turtlebot3_ws/install/turtlebot3_teleop:/home/tomas/code/thesis/turtlebot3_ws/install/turtlebot3_node:/home/tomas/code/thesis/turtlebot3_ws/install/turtlebot3_navigation2:/home/tomas/code/thesis/turtlebot3_ws/install/turtlebot3_example:/home/tomas/code/thesis/turtlebot3_ws/install/turtlebot3_description:/home/tomas/code/thesis/turtlebot3_ws/install/turtlebot3_cartographer:${AMENT_PREFIX_PATH} CMAKE_PREFIX_PATH=/home/tomas/code/thesis/turtlebot3_ws/install/turtlebot3_bringup:/home/tomas/code/thesis/turtlebot3_ws/install/turtlebot3_node:/home/tomas/code/thesis/turtlebot3_ws/install/turtlebot3_navigation2:/home/tomas/code/thesis/turtlebot3_ws/install/turtlebot3_description:/home/tomas/code/thesis/turtlebot3_ws/install/turtlebot3_cartographer:/home/tomas/ros2_foxy/ros2-linux:/opt/ros/foxy PYTHONPATH=/home/tomas/code/thesis/turtlebot3_ws/install/turtlebot3_teleop/lib/python3.8/site-packages:/home/tomas/code/thesis/turtlebot3_ws/install/turtlebot3_example/lib/python3.8/site-packages:${PYTHONPATH} /usr/bin/cmake --install /home/tomas/code/thesis/turtlebot3_ws/build/turtlebot3
