-- The C compiler identification is GNU 9.3.0
-- The CXX compiler identification is GNU 9.3.0
-- Check for working C compiler: /usr/bin/cc
-- Check for working C compiler: /usr/bin/cc -- works
-- Detecting C compiler ABI info
-- Detecting C compiler ABI info - done
-- Detecting C compile features
-- Detecting C compile features - done
-- Check for working CXX compiler: /usr/bin/c++
-- Check for working CXX compiler: /usr/bin/c++ -- works
-- Detecting CXX compiler ABI info
-- Detecting CXX compiler ABI info - done
-- Detecting CXX compile features
-- Detecting CXX compile features - done
-- Found ament_cmake: 0.9.9 (/home/tomas/ros2_foxy/ros2-linux/share/ament_cmake/cmake)
-- Found PythonInterp: /usr/bin/python3 (found suitable version "3.8.10", minimum required is "3") 
-- Using PYTHON_EXECUTABLE: /usr/bin/python3
-- Found urdf: 2.4.0 (/home/tomas/ros2_foxy/ros2-linux/share/urdf/cmake)
-- Configuring done
-- Generating done
-- Build files have been written to: /home/tomas/code/thesis/turtlebot3_ws/build/turtlebot3_description
-- Install configuration: ""
-- Installing: /home/tomas/code/thesis/turtlebot3_ws/install/turtlebot3_description/share/turtlebot3_description/meshes
-- Installing: /home/tomas/code/thesis/turtlebot3_ws/install/turtlebot3_description/share/turtlebot3_description/meshes/bases
-- Installing: /home/tomas/code/thesis/turtlebot3_ws/install/turtlebot3_description/share/turtlebot3_description/meshes/bases/burger_base.stl
-- Installing: /home/tomas/code/thesis/turtlebot3_ws/install/turtlebot3_description/share/turtlebot3_description/meshes/bases/waffle_base.stl
-- Installing: /home/tomas/code/thesis/turtlebot3_ws/install/turtlebot3_description/share/turtlebot3_description/meshes/bases/waffle_pi_base.stl
-- Installing: /home/tomas/code/thesis/turtlebot3_ws/install/turtlebot3_description/share/turtlebot3_description/meshes/sensors
-- Installing: /home/tomas/code/thesis/turtlebot3_ws/install/turtlebot3_description/share/turtlebot3_description/meshes/sensors/r200.jpg
-- Installing: /home/tomas/code/thesis/turtlebot3_ws/install/turtlebot3_description/share/turtlebot3_description/meshes/sensors/astra.dae
-- Installing: /home/tomas/code/thesis/turtlebot3_ws/install/turtlebot3_description/share/turtlebot3_description/meshes/sensors/r200.dae
-- Installing: /home/tomas/code/thesis/turtlebot3_ws/install/turtlebot3_description/share/turtlebot3_description/meshes/sensors/astra.jpg
-- Installing: /home/tomas/code/thesis/turtlebot3_ws/install/turtlebot3_description/share/turtlebot3_description/meshes/sensors/lds.stl
-- Installing: /home/tomas/code/thesis/turtlebot3_ws/install/turtlebot3_description/share/turtlebot3_description/meshes/wheels
-- Installing: /home/tomas/code/thesis/turtlebot3_ws/install/turtlebot3_description/share/turtlebot3_description/meshes/wheels/right_tire.stl
-- Installing: /home/tomas/code/thesis/turtlebot3_ws/install/turtlebot3_description/share/turtlebot3_description/meshes/wheels/left_tire.stl
-- Installing: /home/tomas/code/thesis/turtlebot3_ws/install/turtlebot3_description/share/turtlebot3_description/rviz
-- Installing: /home/tomas/code/thesis/turtlebot3_ws/install/turtlebot3_description/share/turtlebot3_description/rviz/model.rviz
-- Installing: /home/tomas/code/thesis/turtlebot3_ws/install/turtlebot3_description/share/turtlebot3_description/urdf
-- Installing: /home/tomas/code/thesis/turtlebot3_ws/install/turtlebot3_description/share/turtlebot3_description/urdf/turtlebot3_burger.urdf
-- Installing: /home/tomas/code/thesis/turtlebot3_ws/install/turtlebot3_description/share/turtlebot3_description/urdf/turtlebot3_waffle.urdf
-- Installing: /home/tomas/code/thesis/turtlebot3_ws/install/turtlebot3_description/share/turtlebot3_description/urdf/turtlebot3_waffle_pi.urdf
-- Installing: /home/tomas/code/thesis/turtlebot3_ws/install/turtlebot3_description/share/turtlebot3_description/urdf/common_properties.urdf
-- Installing: /home/tomas/code/thesis/turtlebot3_ws/install/turtlebot3_description/share/ament_index/resource_index/package_run_dependencies/turtlebot3_description
-- Installing: /home/tomas/code/thesis/turtlebot3_ws/install/turtlebot3_description/share/ament_index/resource_index/parent_prefix_path/turtlebot3_description
-- Installing: /home/tomas/code/thesis/turtlebot3_ws/install/turtlebot3_description/share/turtlebot3_description/environment/ament_prefix_path.sh
-- Installing: /home/tomas/code/thesis/turtlebot3_ws/install/turtlebot3_description/share/turtlebot3_description/environment/ament_prefix_path.dsv
-- Installing: /home/tomas/code/thesis/turtlebot3_ws/install/turtlebot3_description/share/turtlebot3_description/environment/path.sh
-- Installing: /home/tomas/code/thesis/turtlebot3_ws/install/turtlebot3_description/share/turtlebot3_description/environment/path.dsv
-- Installing: /home/tomas/code/thesis/turtlebot3_ws/install/turtlebot3_description/share/turtlebot3_description/local_setup.bash
-- Installing: /home/tomas/code/thesis/turtlebot3_ws/install/turtlebot3_description/share/turtlebot3_description/local_setup.sh
-- Installing: /home/tomas/code/thesis/turtlebot3_ws/install/turtlebot3_description/share/turtlebot3_description/local_setup.zsh
-- Installing: /home/tomas/code/thesis/turtlebot3_ws/install/turtlebot3_description/share/turtlebot3_description/local_setup.dsv
-- Installing: /home/tomas/code/thesis/turtlebot3_ws/install/turtlebot3_description/share/turtlebot3_description/package.dsv
-- Installing: /home/tomas/code/thesis/turtlebot3_ws/install/turtlebot3_description/share/ament_index/resource_index/packages/turtlebot3_description
-- Installing: /home/tomas/code/thesis/turtlebot3_ws/install/turtlebot3_description/share/turtlebot3_description/cmake/turtlebot3_descriptionConfig.cmake
-- Installing: /home/tomas/code/thesis/turtlebot3_ws/install/turtlebot3_description/share/turtlebot3_description/cmake/turtlebot3_descriptionConfig-version.cmake
-- Installing: /home/tomas/code/thesis/turtlebot3_ws/install/turtlebot3_description/share/turtlebot3_description/package.xml
