[0.041s] Invoking command in '/home/tomas/code/thesis/turtlebot3_ws/build/turtlebot3_description': CMAKE_PREFIX_PATH=${CMAKE_PREFIX_PATH}:/opt/ros/foxy /usr/bin/cmake /home/tomas/code/thesis/turtlebot3_ws/src/turtlebot3/turtlebot3_description -DCMAKE_INSTALL_PREFIX=/home/tomas/code/thesis/turtlebot3_ws/install/turtlebot3_description
[0.278s] -- The C compiler identification is GNU 9.3.0
[0.278s] -- The CXX compiler identification is GNU 9.3.0
[0.278s] -- Check for working C compiler: /usr/bin/cc
[0.279s] -- Check for working C compiler: /usr/bin/cc -- works
[0.279s] -- Detecting C compiler ABI info
[0.305s] -- Detecting C compiler ABI info - done
[0.306s] -- Detecting C compile features
[0.308s] -- Detecting C compile features - done
[0.315s] -- Check for working CXX compiler: /usr/bin/c++
[0.444s] -- Check for working CXX compiler: /usr/bin/c++ -- works
[0.445s] -- Detecting CXX compiler ABI info
[0.557s] -- Detecting CXX compiler ABI info - done
[0.570s] -- Detecting CXX compile features
[0.571s] -- Detecting CXX compile features - done
[0.572s] -- Found ament_cmake: 0.9.9 (/home/tomas/ros2_foxy/ros2-linux/share/ament_cmake/cmake)
[0.625s] -- Found PythonInterp: /usr/bin/python3 (found suitable version "3.8.10", minimum required is "3") 
[0.625s] -- Using PYTHON_EXECUTABLE: /usr/bin/python3
[0.836s] -- Found urdf: 2.4.0 (/home/tomas/ros2_foxy/ros2-linux/share/urdf/cmake)
[0.934s] -- Configuring done
[0.934s] -- Generating done
[0.934s] -- Build files have been written to: /home/tomas/code/thesis/turtlebot3_ws/build/turtlebot3_description
[1.111s] Invoked command in '/home/tomas/code/thesis/turtlebot3_ws/build/turtlebot3_description' returned '0': CMAKE_PREFIX_PATH=${CMAKE_PREFIX_PATH}:/opt/ros/foxy /usr/bin/cmake /home/tomas/code/thesis/turtlebot3_ws/src/turtlebot3/turtlebot3_description -DCMAKE_INSTALL_PREFIX=/home/tomas/code/thesis/turtlebot3_ws/install/turtlebot3_description
[1.112s] Invoking command in '/home/tomas/code/thesis/turtlebot3_ws/build/turtlebot3_description': CMAKE_PREFIX_PATH=${CMAKE_PREFIX_PATH}:/opt/ros/foxy /usr/bin/cmake --build /home/tomas/code/thesis/turtlebot3_ws/build/turtlebot3_description -- -j6 -l6
[1.190s] Invoked command in '/home/tomas/code/thesis/turtlebot3_ws/build/turtlebot3_description' returned '0': CMAKE_PREFIX_PATH=${CMAKE_PREFIX_PATH}:/opt/ros/foxy /usr/bin/cmake --build /home/tomas/code/thesis/turtlebot3_ws/build/turtlebot3_description -- -j6 -l6
[1.229s] Invoking command in '/home/tomas/code/thesis/turtlebot3_ws/build/turtlebot3_description': CMAKE_PREFIX_PATH=${CMAKE_PREFIX_PATH}:/opt/ros/foxy /usr/bin/cmake --install /home/tomas/code/thesis/turtlebot3_ws/build/turtlebot3_description
[1.238s] -- Install configuration: ""
[1.238s] -- Installing: /home/tomas/code/thesis/turtlebot3_ws/install/turtlebot3_description/share/turtlebot3_description/meshes
[1.238s] -- Installing: /home/tomas/code/thesis/turtlebot3_ws/install/turtlebot3_description/share/turtlebot3_description/meshes/bases
[1.238s] -- Installing: /home/tomas/code/thesis/turtlebot3_ws/install/turtlebot3_description/share/turtlebot3_description/meshes/bases/burger_base.stl
[1.240s] -- Installing: /home/tomas/code/thesis/turtlebot3_ws/install/turtlebot3_description/share/turtlebot3_description/meshes/bases/waffle_base.stl
[1.251s] -- Installing: /home/tomas/code/thesis/turtlebot3_ws/install/turtlebot3_description/share/turtlebot3_description/meshes/bases/waffle_pi_base.stl
[1.257s] -- Installing: /home/tomas/code/thesis/turtlebot3_ws/install/turtlebot3_description/share/turtlebot3_description/meshes/sensors
[1.257s] -- Installing: /home/tomas/code/thesis/turtlebot3_ws/install/turtlebot3_description/share/turtlebot3_description/meshes/sensors/r200.jpg
[1.257s] -- Installing: /home/tomas/code/thesis/turtlebot3_ws/install/turtlebot3_description/share/turtlebot3_description/meshes/sensors/astra.dae
[1.263s] -- Installing: /home/tomas/code/thesis/turtlebot3_ws/install/turtlebot3_description/share/turtlebot3_description/meshes/sensors/r200.dae
[1.263s] -- Installing: /home/tomas/code/thesis/turtlebot3_ws/install/turtlebot3_description/share/turtlebot3_description/meshes/sensors/astra.jpg
[1.264s] -- Installing: /home/tomas/code/thesis/turtlebot3_ws/install/turtlebot3_description/share/turtlebot3_description/meshes/sensors/lds.stl
[1.264s] -- Installing: /home/tomas/code/thesis/turtlebot3_ws/install/turtlebot3_description/share/turtlebot3_description/meshes/wheels
[1.264s] -- Installing: /home/tomas/code/thesis/turtlebot3_ws/install/turtlebot3_description/share/turtlebot3_description/meshes/wheels/right_tire.stl
[1.266s] -- Installing: /home/tomas/code/thesis/turtlebot3_ws/install/turtlebot3_description/share/turtlebot3_description/meshes/wheels/left_tire.stl
[1.266s] -- Installing: /home/tomas/code/thesis/turtlebot3_ws/install/turtlebot3_description/share/turtlebot3_description/rviz
[1.267s] -- Installing: /home/tomas/code/thesis/turtlebot3_ws/install/turtlebot3_description/share/turtlebot3_description/rviz/model.rviz
[1.267s] -- Installing: /home/tomas/code/thesis/turtlebot3_ws/install/turtlebot3_description/share/turtlebot3_description/urdf
[1.267s] -- Installing: /home/tomas/code/thesis/turtlebot3_ws/install/turtlebot3_description/share/turtlebot3_description/urdf/turtlebot3_burger.urdf
[1.268s] -- Installing: /home/tomas/code/thesis/turtlebot3_ws/install/turtlebot3_description/share/turtlebot3_description/urdf/turtlebot3_waffle.urdf
[1.268s] -- Installing: /home/tomas/code/thesis/turtlebot3_ws/install/turtlebot3_description/share/turtlebot3_description/urdf/turtlebot3_waffle_pi.urdf
[1.268s] -- Installing: /home/tomas/code/thesis/turtlebot3_ws/install/turtlebot3_description/share/turtlebot3_description/urdf/common_properties.urdf
[1.268s] -- Installing: /home/tomas/code/thesis/turtlebot3_ws/install/turtlebot3_description/share/ament_index/resource_index/package_run_dependencies/turtlebot3_description
[1.274s] -- Installing: /home/tomas/code/thesis/turtlebot3_ws/install/turtlebot3_description/share/ament_index/resource_index/parent_prefix_path/turtlebot3_description
[1.274s] -- Installing: /home/tomas/code/thesis/turtlebot3_ws/install/turtlebot3_description/share/turtlebot3_description/environment/ament_prefix_path.sh
[1.274s] -- Installing: /home/tomas/code/thesis/turtlebot3_ws/install/turtlebot3_description/share/turtlebot3_description/environment/ament_prefix_path.dsv
[1.274s] -- Installing: /home/tomas/code/thesis/turtlebot3_ws/install/turtlebot3_description/share/turtlebot3_description/environment/path.sh
[1.274s] -- Installing: /home/tomas/code/thesis/turtlebot3_ws/install/turtlebot3_description/share/turtlebot3_description/environment/path.dsv
[1.274s] -- Installing: /home/tomas/code/thesis/turtlebot3_ws/install/turtlebot3_description/share/turtlebot3_description/local_setup.bash
[1.274s] -- Installing: /home/tomas/code/thesis/turtlebot3_ws/install/turtlebot3_description/share/turtlebot3_description/local_setup.sh
[1.274s] -- Installing: /home/tomas/code/thesis/turtlebot3_ws/install/turtlebot3_description/share/turtlebot3_description/local_setup.zsh
[1.274s] -- Installing: /home/tomas/code/thesis/turtlebot3_ws/install/turtlebot3_description/share/turtlebot3_description/local_setup.dsv
[1.274s] -- Installing: /home/tomas/code/thesis/turtlebot3_ws/install/turtlebot3_description/share/turtlebot3_description/package.dsv
[1.274s] -- Installing: /home/tomas/code/thesis/turtlebot3_ws/install/turtlebot3_description/share/ament_index/resource_index/packages/turtlebot3_description
[1.275s] -- Installing: /home/tomas/code/thesis/turtlebot3_ws/install/turtlebot3_description/share/turtlebot3_description/cmake/turtlebot3_descriptionConfig.cmake
[1.275s] -- Installing: /home/tomas/code/thesis/turtlebot3_ws/install/turtlebot3_description/share/turtlebot3_description/cmake/turtlebot3_descriptionConfig-version.cmake
[1.275s] -- Installing: /home/tomas/code/thesis/turtlebot3_ws/install/turtlebot3_description/share/turtlebot3_description/package.xml
[1.283s] Invoked command in '/home/tomas/code/thesis/turtlebot3_ws/build/turtlebot3_description' returned '0': CMAKE_PREFIX_PATH=${CMAKE_PREFIX_PATH}:/opt/ros/foxy /usr/bin/cmake --install /home/tomas/code/thesis/turtlebot3_ws/build/turtlebot3_description
