[0.046s] Invoking command in '/home/tomas/code/thesis/turtlebot3_ws/build/turtlebot3_gazebo': CMAKE_PREFIX_PATH=/home/tomas/code/thesis/turtlebot3_ws/install/turtlebot3_description:/home/tomas/code/thesis/turtlebot3_ws/install/turtlebot3_machine_learning:/home/tomas/code/thesis/turtlebot3_ws/install/turtlebot3:/home/tomas/code/thesis/turtlebot3_ws/install/turtlebot3_simulations:/home/tomas/code/thesis/turtlebot3_ws/install/turtlebot3_bringup:/home/tomas/code/thesis/turtlebot3_ws/install/turtlebot3_node:/home/tomas/code/thesis/turtlebot3_ws/install/turtlebot3_navigation2:/home/tomas/code/thesis/turtlebot3_ws/install/turtlebot3_gazebo:/home/tomas/code/thesis/turtlebot3_ws/install/turtlebot3_fake_node:/home/tomas/code/thesis/turtlebot3_ws/install/turtlebot3_cartographer:/home/tomas/ros2_foxy/ros2-linux:/home/tomas/code/thesis/turtlebot3_ws/install/turtlebot3_dqn:/home/tomas/code/thesis/turtlebot3_ws/install/turtlebot3_teleop:/home/tomas/code/thesis/turtlebot3_ws/install/turtlebot3_example:/opt/ros/foxy /usr/bin/cmake --build /home/tomas/code/thesis/turtlebot3_ws/build/turtlebot3_gazebo -- -j6 -l6
[0.137s] [ 25%] Built target obstacles
[0.144s] [ 50%] Built target obstacle2
[0.147s] [ 75%] Built target turtlebot3_drive
[0.150s] [100%] Built target obstacle1
[0.168s] Invoked command in '/home/tomas/code/thesis/turtlebot3_ws/build/turtlebot3_gazebo' returned '0': CMAKE_PREFIX_PATH=/home/tomas/code/thesis/turtlebot3_ws/install/turtlebot3_description:/home/tomas/code/thesis/turtlebot3_ws/install/turtlebot3_machine_learning:/home/tomas/code/thesis/turtlebot3_ws/install/turtlebot3:/home/tomas/code/thesis/turtlebot3_ws/install/turtlebot3_simulations:/home/tomas/code/thesis/turtlebot3_ws/install/turtlebot3_bringup:/home/tomas/code/thesis/turtlebot3_ws/install/turtlebot3_node:/home/tomas/code/thesis/turtlebot3_ws/install/turtlebot3_navigation2:/home/tomas/code/thesis/turtlebot3_ws/install/turtlebot3_gazebo:/home/tomas/code/thesis/turtlebot3_ws/install/turtlebot3_fake_node:/home/tomas/code/thesis/turtlebot3_ws/install/turtlebot3_cartographer:/home/tomas/ros2_foxy/ros2-linux:/home/tomas/code/thesis/turtlebot3_ws/install/turtlebot3_dqn:/home/tomas/code/thesis/turtlebot3_ws/install/turtlebot3_teleop:/home/tomas/code/thesis/turtlebot3_ws/install/turtlebot3_example:/opt/ros/foxy /usr/bin/cmake --build /home/tomas/code/thesis/turtlebot3_ws/build/turtlebot3_gazebo -- -j6 -l6
[0.222s] Invoking command in '/home/tomas/code/thesis/turtlebot3_ws/build/turtlebot3_gazebo': CMAKE_PREFIX_PATH=/home/tomas/code/thesis/turtlebot3_ws/install/turtlebot3_description:/home/tomas/code/thesis/turtlebot3_ws/install/turtlebot3_machine_learning:/home/tomas/code/thesis/turtlebot3_ws/install/turtlebot3:/home/tomas/code/thesis/turtlebot3_ws/install/turtlebot3_simulations:/home/tomas/code/thesis/turtlebot3_ws/install/turtlebot3_bringup:/home/tomas/code/thesis/turtlebot3_ws/install/turtlebot3_node:/home/tomas/code/thesis/turtlebot3_ws/install/turtlebot3_navigation2:/home/tomas/code/thesis/turtlebot3_ws/install/turtlebot3_gazebo:/home/tomas/code/thesis/turtlebot3_ws/install/turtlebot3_fake_node:/home/tomas/code/thesis/turtlebot3_ws/install/turtlebot3_cartographer:/home/tomas/ros2_foxy/ros2-linux:/home/tomas/code/thesis/turtlebot3_ws/install/turtlebot3_dqn:/home/tomas/code/thesis/turtlebot3_ws/install/turtlebot3_teleop:/home/tomas/code/thesis/turtlebot3_ws/install/turtlebot3_example:/opt/ros/foxy /usr/bin/cmake --install /home/tomas/code/thesis/turtlebot3_ws/build/turtlebot3_gazebo
[0.229s] -- Install configuration: ""
[0.229s] -- Up-to-date: /home/tomas/code/thesis/turtlebot3_ws/install/turtlebot3_gazebo/lib/turtlebot3_gazebo/turtlebot3_drive
[0.229s] -- Up-to-date: /home/tomas/code/thesis/turtlebot3_ws/install/turtlebot3_gazebo/share/turtlebot3_gazebo//launch
[0.229s] -- Up-to-date: /home/tomas/code/thesis/turtlebot3_ws/install/turtlebot3_gazebo/share/turtlebot3_gazebo//launch/robot_state_publisher.launch.py
[0.229s] -- Up-to-date: /home/tomas/code/thesis/turtlebot3_ws/install/turtlebot3_gazebo/share/turtlebot3_gazebo//launch/turtlebot3_dqn_stage1.launch.py
[0.229s] -- Up-to-date: /home/tomas/code/thesis/turtlebot3_ws/install/turtlebot3_gazebo/share/turtlebot3_gazebo//launch/turtlebot3_world.launch.py
[0.229s] -- Up-to-date: /home/tomas/code/thesis/turtlebot3_ws/install/turtlebot3_gazebo/share/turtlebot3_gazebo//launch/turtlebot3_dqn_stage2.launch.py
[0.229s] -- Up-to-date: /home/tomas/code/thesis/turtlebot3_ws/install/turtlebot3_gazebo/share/turtlebot3_gazebo//launch/empty_world.launch.py
[0.230s] -- Up-to-date: /home/tomas/code/thesis/turtlebot3_ws/install/turtlebot3_gazebo/share/turtlebot3_gazebo//launch/turtlebot3_dqn_stage4.launch.py
[0.230s] -- Up-to-date: /home/tomas/code/thesis/turtlebot3_ws/install/turtlebot3_gazebo/share/turtlebot3_gazebo//launch/turtlebot3_dqn_stage3.launch.py
[0.230s] -- Up-to-date: /home/tomas/code/thesis/turtlebot3_ws/install/turtlebot3_gazebo/share/turtlebot3_gazebo//launch/turtlebot3_house.launch.py
[0.230s] -- Up-to-date: /home/tomas/code/thesis/turtlebot3_ws/install/turtlebot3_gazebo/share/turtlebot3_gazebo//launch/turtlebot3_autorace.launch.py
[0.230s] -- Up-to-date: /home/tomas/code/thesis/turtlebot3_ws/install/turtlebot3_gazebo/share/turtlebot3_gazebo//models
[0.230s] -- Up-to-date: /home/tomas/code/thesis/turtlebot3_ws/install/turtlebot3_gazebo/share/turtlebot3_gazebo//models/turtlebot3_dqn_world
[0.230s] -- Up-to-date: /home/tomas/code/thesis/turtlebot3_ws/install/turtlebot3_gazebo/share/turtlebot3_gazebo//models/turtlebot3_dqn_world/goal_box
[0.230s] -- Up-to-date: /home/tomas/code/thesis/turtlebot3_ws/install/turtlebot3_gazebo/share/turtlebot3_gazebo//models/turtlebot3_dqn_world/goal_box/model.sdf
[0.230s] -- Up-to-date: /home/tomas/code/thesis/turtlebot3_ws/install/turtlebot3_gazebo/share/turtlebot3_gazebo//models/turtlebot3_dqn_world/goal_box/model.config
[0.230s] -- Up-to-date: /home/tomas/code/thesis/turtlebot3_ws/install/turtlebot3_gazebo/share/turtlebot3_gazebo//models/turtlebot3_dqn_world/obstacle2
[0.230s] -- Up-to-date: /home/tomas/code/thesis/turtlebot3_ws/install/turtlebot3_gazebo/share/turtlebot3_gazebo//models/turtlebot3_dqn_world/obstacle2/model.sdf
[0.230s] -- Up-to-date: /home/tomas/code/thesis/turtlebot3_ws/install/turtlebot3_gazebo/share/turtlebot3_gazebo//models/turtlebot3_dqn_world/obstacle2/model.config
[0.230s] -- Up-to-date: /home/tomas/code/thesis/turtlebot3_ws/install/turtlebot3_gazebo/share/turtlebot3_gazebo//models/turtlebot3_dqn_world/obstacle1
[0.230s] -- Up-to-date: /home/tomas/code/thesis/turtlebot3_ws/install/turtlebot3_gazebo/share/turtlebot3_gazebo//models/turtlebot3_dqn_world/obstacle1/model.sdf
[0.230s] -- Up-to-date: /home/tomas/code/thesis/turtlebot3_ws/install/turtlebot3_gazebo/share/turtlebot3_gazebo//models/turtlebot3_dqn_world/obstacle1/model.config
[0.230s] -- Up-to-date: /home/tomas/code/thesis/turtlebot3_ws/install/turtlebot3_gazebo/share/turtlebot3_gazebo//models/turtlebot3_dqn_world/obstacle_plugin
[0.230s] -- Up-to-date: /home/tomas/code/thesis/turtlebot3_ws/install/turtlebot3_gazebo/share/turtlebot3_gazebo//models/turtlebot3_dqn_world/obstacle_plugin/obstacles.cc
[0.230s] -- Up-to-date: /home/tomas/code/thesis/turtlebot3_ws/install/turtlebot3_gazebo/share/turtlebot3_gazebo//models/turtlebot3_dqn_world/obstacle_plugin/obstacle2.cc
[0.230s] -- Up-to-date: /home/tomas/code/thesis/turtlebot3_ws/install/turtlebot3_gazebo/share/turtlebot3_gazebo//models/turtlebot3_dqn_world/obstacle_plugin/obstacle1.cc
[0.231s] -- Up-to-date: /home/tomas/code/thesis/turtlebot3_ws/install/turtlebot3_gazebo/share/turtlebot3_gazebo//models/turtlebot3_dqn_world/obstacle_plugin/CMakeLists.txt
[0.231s] -- Up-to-date: /home/tomas/code/thesis/turtlebot3_ws/install/turtlebot3_gazebo/share/turtlebot3_gazebo//models/turtlebot3_dqn_world/inner_walls
[0.231s] -- Up-to-date: /home/tomas/code/thesis/turtlebot3_ws/install/turtlebot3_gazebo/share/turtlebot3_gazebo//models/turtlebot3_dqn_world/inner_walls/model.sdf
[0.231s] -- Up-to-date: /home/tomas/code/thesis/turtlebot3_ws/install/turtlebot3_gazebo/share/turtlebot3_gazebo//models/turtlebot3_dqn_world/inner_walls/model.config
[0.231s] -- Up-to-date: /home/tomas/code/thesis/turtlebot3_ws/install/turtlebot3_gazebo/share/turtlebot3_gazebo//models/turtlebot3_dqn_world/obstacles
[0.231s] -- Up-to-date: /home/tomas/code/thesis/turtlebot3_ws/install/turtlebot3_gazebo/share/turtlebot3_gazebo//models/turtlebot3_dqn_world/obstacles/model.sdf
[0.231s] -- Up-to-date: /home/tomas/code/thesis/turtlebot3_ws/install/turtlebot3_gazebo/share/turtlebot3_gazebo//models/turtlebot3_dqn_world/obstacles/model.config
[0.231s] -- Up-to-date: /home/tomas/code/thesis/turtlebot3_ws/install/turtlebot3_gazebo/share/turtlebot3_gazebo//models/turtlebot3_dqn_world/model.sdf
[0.231s] -- Up-to-date: /home/tomas/code/thesis/turtlebot3_ws/install/turtlebot3_gazebo/share/turtlebot3_gazebo//models/turtlebot3_dqn_world/model.config
[0.231s] -- Up-to-date: /home/tomas/code/thesis/turtlebot3_ws/install/turtlebot3_gazebo/share/turtlebot3_gazebo//models/turtlebot3_burger
[0.231s] -- Up-to-date: /home/tomas/code/thesis/turtlebot3_ws/install/turtlebot3_gazebo/share/turtlebot3_gazebo//models/turtlebot3_burger/model-1_4.sdf
[0.231s] -- Up-to-date: /home/tomas/code/thesis/turtlebot3_ws/install/turtlebot3_gazebo/share/turtlebot3_gazebo//models/turtlebot3_burger/meshes
[0.231s] -- Up-to-date: /home/tomas/code/thesis/turtlebot3_ws/install/turtlebot3_gazebo/share/turtlebot3_gazebo//models/turtlebot3_burger/meshes/burger_base.dae
[0.231s] -- Up-to-date: /home/tomas/code/thesis/turtlebot3_ws/install/turtlebot3_gazebo/share/turtlebot3_gazebo//models/turtlebot3_burger/meshes/lds.dae
[0.231s] -- Up-to-date: /home/tomas/code/thesis/turtlebot3_ws/install/turtlebot3_gazebo/share/turtlebot3_gazebo//models/turtlebot3_burger/meshes/tire.dae
[0.231s] -- Up-to-date: /home/tomas/code/thesis/turtlebot3_ws/install/turtlebot3_gazebo/share/turtlebot3_gazebo//models/turtlebot3_burger/model.sdf
[0.231s] -- Up-to-date: /home/tomas/code/thesis/turtlebot3_ws/install/turtlebot3_gazebo/share/turtlebot3_gazebo//models/turtlebot3_burger/model.config
[0.231s] -- Up-to-date: /home/tomas/code/thesis/turtlebot3_ws/install/turtlebot3_gazebo/share/turtlebot3_gazebo//models/turtlebot3_waffle_pi
[0.231s] -- Up-to-date: /home/tomas/code/thesis/turtlebot3_ws/install/turtlebot3_gazebo/share/turtlebot3_gazebo//models/turtlebot3_waffle_pi/model-1_4_.sdf
[0.232s] -- Up-to-date: /home/tomas/code/thesis/turtlebot3_ws/install/turtlebot3_gazebo/share/turtlebot3_gazebo//models/turtlebot3_waffle_pi/meshes
[0.232s] -- Up-to-date: /home/tomas/code/thesis/turtlebot3_ws/install/turtlebot3_gazebo/share/turtlebot3_gazebo//models/turtlebot3_waffle_pi/meshes/lds.dae
[0.232s] -- Up-to-date: /home/tomas/code/thesis/turtlebot3_ws/install/turtlebot3_gazebo/share/turtlebot3_gazebo//models/turtlebot3_waffle_pi/meshes/waffle_pi_base.dae
[0.232s] -- Up-to-date: /home/tomas/code/thesis/turtlebot3_ws/install/turtlebot3_gazebo/share/turtlebot3_gazebo//models/turtlebot3_waffle_pi/meshes/tire.dae
[0.232s] -- Up-to-date: /home/tomas/code/thesis/turtlebot3_ws/install/turtlebot3_gazebo/share/turtlebot3_gazebo//models/turtlebot3_waffle_pi/model.sdf
[0.232s] -- Up-to-date: /home/tomas/code/thesis/turtlebot3_ws/install/turtlebot3_gazebo/share/turtlebot3_gazebo//models/turtlebot3_waffle_pi/model.config
[0.232s] -- Up-to-date: /home/tomas/code/thesis/turtlebot3_ws/install/turtlebot3_gazebo/share/turtlebot3_gazebo//models/turtlebot3_house
[0.232s] -- Up-to-date: /home/tomas/code/thesis/turtlebot3_ws/install/turtlebot3_gazebo/share/turtlebot3_gazebo//models/turtlebot3_house/model.sdf
[0.232s] -- Up-to-date: /home/tomas/code/thesis/turtlebot3_ws/install/turtlebot3_gazebo/share/turtlebot3_gazebo//models/turtlebot3_house/model.config
[0.232s] -- Up-to-date: /home/tomas/code/thesis/turtlebot3_ws/install/turtlebot3_gazebo/share/turtlebot3_gazebo//models/turtlebot3_world
[0.232s] -- Up-to-date: /home/tomas/code/thesis/turtlebot3_ws/install/turtlebot3_gazebo/share/turtlebot3_gazebo//models/turtlebot3_world/model-1_4.sdf
[0.232s] -- Up-to-date: /home/tomas/code/thesis/turtlebot3_ws/install/turtlebot3_gazebo/share/turtlebot3_gazebo//models/turtlebot3_world/meshes
[0.232s] -- Up-to-date: /home/tomas/code/thesis/turtlebot3_ws/install/turtlebot3_gazebo/share/turtlebot3_gazebo//models/turtlebot3_world/meshes/wall.dae
[0.232s] -- Up-to-date: /home/tomas/code/thesis/turtlebot3_ws/install/turtlebot3_gazebo/share/turtlebot3_gazebo//models/turtlebot3_world/meshes/hexagon.dae
[0.232s] -- Up-to-date: /home/tomas/code/thesis/turtlebot3_ws/install/turtlebot3_gazebo/share/turtlebot3_gazebo//models/turtlebot3_world/model.sdf
[0.232s] -- Up-to-date: /home/tomas/code/thesis/turtlebot3_ws/install/turtlebot3_gazebo/share/turtlebot3_gazebo//models/turtlebot3_world/model.config
[0.232s] -- Up-to-date: /home/tomas/code/thesis/turtlebot3_ws/install/turtlebot3_gazebo/share/turtlebot3_gazebo//models/turtlebot3_autorace
[0.232s] -- Up-to-date: /home/tomas/code/thesis/turtlebot3_ws/install/turtlebot3_gazebo/share/turtlebot3_gazebo//models/turtlebot3_autorace/course
[0.233s] -- Up-to-date: /home/tomas/code/thesis/turtlebot3_ws/install/turtlebot3_gazebo/share/turtlebot3_gazebo//models/turtlebot3_autorace/course/materials
[0.233s] -- Up-to-date: /home/tomas/code/thesis/turtlebot3_ws/install/turtlebot3_gazebo/share/turtlebot3_gazebo//models/turtlebot3_autorace/course/materials/textures
[0.233s] -- Up-to-date: /home/tomas/code/thesis/turtlebot3_ws/install/turtlebot3_gazebo/share/turtlebot3_gazebo//models/turtlebot3_autorace/course/materials/textures/course.png
[0.233s] -- Up-to-date: /home/tomas/code/thesis/turtlebot3_ws/install/turtlebot3_gazebo/share/turtlebot3_gazebo//models/turtlebot3_autorace/course/materials/scripts
[0.233s] -- Up-to-date: /home/tomas/code/thesis/turtlebot3_ws/install/turtlebot3_gazebo/share/turtlebot3_gazebo//models/turtlebot3_autorace/course/materials/scripts/course.material
[0.233s] -- Up-to-date: /home/tomas/code/thesis/turtlebot3_ws/install/turtlebot3_gazebo/share/turtlebot3_gazebo//models/turtlebot3_autorace/course/model.sdf
[0.233s] -- Up-to-date: /home/tomas/code/thesis/turtlebot3_ws/install/turtlebot3_gazebo/share/turtlebot3_gazebo//models/turtlebot3_autorace/course/model.config
[0.233s] -- Up-to-date: /home/tomas/code/thesis/turtlebot3_ws/install/turtlebot3_gazebo/share/turtlebot3_gazebo//models/turtlebot3_autorace/traffic_tunnel
[0.233s] -- Up-to-date: /home/tomas/code/thesis/turtlebot3_ws/install/turtlebot3_gazebo/share/turtlebot3_gazebo//models/turtlebot3_autorace/traffic_tunnel/materials
[0.233s] -- Up-to-date: /home/tomas/code/thesis/turtlebot3_ws/install/turtlebot3_gazebo/share/turtlebot3_gazebo//models/turtlebot3_autorace/traffic_tunnel/materials/textures
[0.233s] -- Up-to-date: /home/tomas/code/thesis/turtlebot3_ws/install/turtlebot3_gazebo/share/turtlebot3_gazebo//models/turtlebot3_autorace/traffic_tunnel/materials/textures/tunnel.png
[0.233s] -- Up-to-date: /home/tomas/code/thesis/turtlebot3_ws/install/turtlebot3_gazebo/share/turtlebot3_gazebo//models/turtlebot3_autorace/traffic_tunnel/materials/scripts
[0.233s] -- Up-to-date: /home/tomas/code/thesis/turtlebot3_ws/install/turtlebot3_gazebo/share/turtlebot3_gazebo//models/turtlebot3_autorace/traffic_tunnel/materials/scripts/tunnel.material
[0.233s] -- Up-to-date: /home/tomas/code/thesis/turtlebot3_ws/install/turtlebot3_gazebo/share/turtlebot3_gazebo//models/turtlebot3_autorace/traffic_tunnel/model.sdf
[0.233s] -- Up-to-date: /home/tomas/code/thesis/turtlebot3_ws/install/turtlebot3_gazebo/share/turtlebot3_gazebo//models/turtlebot3_autorace/traffic_tunnel/model.config
[0.233s] -- Up-to-date: /home/tomas/code/thesis/turtlebot3_ws/install/turtlebot3_gazebo/share/turtlebot3_gazebo//models/turtlebot3_autorace/tunnel_obstacles
[0.233s] -- Up-to-date: /home/tomas/code/thesis/turtlebot3_ws/install/turtlebot3_gazebo/share/turtlebot3_gazebo//models/turtlebot3_autorace/tunnel_obstacles/model.sdf
[0.233s] -- Up-to-date: /home/tomas/code/thesis/turtlebot3_ws/install/turtlebot3_gazebo/share/turtlebot3_gazebo//models/turtlebot3_autorace/tunnel_obstacles/model.config
[0.233s] -- Up-to-date: /home/tomas/code/thesis/turtlebot3_ws/install/turtlebot3_gazebo/share/turtlebot3_gazebo//models/turtlebot3_autorace/traffic_light_yellow
[0.234s] -- Up-to-date: /home/tomas/code/thesis/turtlebot3_ws/install/turtlebot3_gazebo/share/turtlebot3_gazebo//models/turtlebot3_autorace/traffic_light_yellow/model.sdf
[0.234s] -- Up-to-date: /home/tomas/code/thesis/turtlebot3_ws/install/turtlebot3_gazebo/share/turtlebot3_gazebo//models/turtlebot3_autorace/traffic_light_yellow/model.config
[0.234s] -- Up-to-date: /home/tomas/code/thesis/turtlebot3_ws/install/turtlebot3_gazebo/share/turtlebot3_gazebo//models/turtlebot3_autorace/ground
[0.234s] -- Up-to-date: /home/tomas/code/thesis/turtlebot3_ws/install/turtlebot3_gazebo/share/turtlebot3_gazebo//models/turtlebot3_autorace/ground/model.sdf
[0.234s] -- Up-to-date: /home/tomas/code/thesis/turtlebot3_ws/install/turtlebot3_gazebo/share/turtlebot3_gazebo//models/turtlebot3_autorace/ground/model.config
[0.234s] -- Up-to-date: /home/tomas/code/thesis/turtlebot3_ws/install/turtlebot3_gazebo/share/turtlebot3_gazebo//models/turtlebot3_autorace/traffic_parking
[0.234s] -- Up-to-date: /home/tomas/code/thesis/turtlebot3_ws/install/turtlebot3_gazebo/share/turtlebot3_gazebo//models/turtlebot3_autorace/traffic_parking/materials
[0.234s] -- Up-to-date: /home/tomas/code/thesis/turtlebot3_ws/install/turtlebot3_gazebo/share/turtlebot3_gazebo//models/turtlebot3_autorace/traffic_parking/materials/textures
[0.235s] -- Up-to-date: /home/tomas/code/thesis/turtlebot3_ws/install/turtlebot3_gazebo/share/turtlebot3_gazebo//models/turtlebot3_autorace/traffic_parking/materials/textures/traffic_parking.png
[0.235s] -- Up-to-date: /home/tomas/code/thesis/turtlebot3_ws/install/turtlebot3_gazebo/share/turtlebot3_gazebo//models/turtlebot3_autorace/traffic_parking/materials/scripts
[0.235s] -- Up-to-date: /home/tomas/code/thesis/turtlebot3_ws/install/turtlebot3_gazebo/share/turtlebot3_gazebo//models/turtlebot3_autorace/traffic_parking/materials/scripts/traffic_parking.material
[0.235s] -- Up-to-date: /home/tomas/code/thesis/turtlebot3_ws/install/turtlebot3_gazebo/share/turtlebot3_gazebo//models/turtlebot3_autorace/traffic_parking/model.sdf
[0.235s] -- Up-to-date: /home/tomas/code/thesis/turtlebot3_ws/install/turtlebot3_gazebo/share/turtlebot3_gazebo//models/turtlebot3_autorace/traffic_parking/model.config
[0.235s] -- Up-to-date: /home/tomas/code/thesis/turtlebot3_ws/install/turtlebot3_gazebo/share/turtlebot3_gazebo//models/turtlebot3_autorace/traffic_bar_down
[0.235s] -- Up-to-date: /home/tomas/code/thesis/turtlebot3_ws/install/turtlebot3_gazebo/share/turtlebot3_gazebo//models/turtlebot3_autorace/traffic_bar_down/materials
[0.235s] -- Up-to-date: /home/tomas/code/thesis/turtlebot3_ws/install/turtlebot3_gazebo/share/turtlebot3_gazebo//models/turtlebot3_autorace/traffic_bar_down/materials/textures
[0.235s] -- Up-to-date: /home/tomas/code/thesis/turtlebot3_ws/install/turtlebot3_gazebo/share/turtlebot3_gazebo//models/turtlebot3_autorace/traffic_bar_down/materials/textures/traffic_bar.png
[0.235s] -- Up-to-date: /home/tomas/code/thesis/turtlebot3_ws/install/turtlebot3_gazebo/share/turtlebot3_gazebo//models/turtlebot3_autorace/traffic_bar_down/materials/scripts
[0.235s] -- Up-to-date: /home/tomas/code/thesis/turtlebot3_ws/install/turtlebot3_gazebo/share/turtlebot3_gazebo//models/turtlebot3_autorace/traffic_bar_down/materials/scripts/traffic_bar.material
[0.235s] -- Up-to-date: /home/tomas/code/thesis/turtlebot3_ws/install/turtlebot3_gazebo/share/turtlebot3_gazebo//models/turtlebot3_autorace/traffic_bar_down/model.sdf
[0.235s] -- Up-to-date: /home/tomas/code/thesis/turtlebot3_ws/install/turtlebot3_gazebo/share/turtlebot3_gazebo//models/turtlebot3_autorace/traffic_bar_down/model.config
[0.235s] -- Up-to-date: /home/tomas/code/thesis/turtlebot3_ws/install/turtlebot3_gazebo/share/turtlebot3_gazebo//models/turtlebot3_autorace/lights
[0.235s] -- Up-to-date: /home/tomas/code/thesis/turtlebot3_ws/install/turtlebot3_gazebo/share/turtlebot3_gazebo//models/turtlebot3_autorace/lights/model.sdf
[0.235s] -- Up-to-date: /home/tomas/code/thesis/turtlebot3_ws/install/turtlebot3_gazebo/share/turtlebot3_gazebo//models/turtlebot3_autorace/lights/model.config
[0.235s] -- Up-to-date: /home/tomas/code/thesis/turtlebot3_ws/install/turtlebot3_gazebo/share/turtlebot3_gazebo//models/turtlebot3_autorace/tunnel_wall
[0.235s] -- Up-to-date: /home/tomas/code/thesis/turtlebot3_ws/install/turtlebot3_gazebo/share/turtlebot3_gazebo//models/turtlebot3_autorace/tunnel_wall/model.sdf
[0.235s] -- Up-to-date: /home/tomas/code/thesis/turtlebot3_ws/install/turtlebot3_gazebo/share/turtlebot3_gazebo//models/turtlebot3_autorace/tunnel_wall/model.config
[0.236s] -- Up-to-date: /home/tomas/code/thesis/turtlebot3_ws/install/turtlebot3_gazebo/share/turtlebot3_gazebo//models/turtlebot3_autorace/traffic_stop
[0.236s] -- Up-to-date: /home/tomas/code/thesis/turtlebot3_ws/install/turtlebot3_gazebo/share/turtlebot3_gazebo//models/turtlebot3_autorace/traffic_stop/materials
[0.236s] -- Up-to-date: /home/tomas/code/thesis/turtlebot3_ws/install/turtlebot3_gazebo/share/turtlebot3_gazebo//models/turtlebot3_autorace/traffic_stop/materials/textures
[0.236s] -- Up-to-date: /home/tomas/code/thesis/turtlebot3_ws/install/turtlebot3_gazebo/share/turtlebot3_gazebo//models/turtlebot3_autorace/traffic_stop/materials/textures/traffic_stop.png
[0.236s] -- Up-to-date: /home/tomas/code/thesis/turtlebot3_ws/install/turtlebot3_gazebo/share/turtlebot3_gazebo//models/turtlebot3_autorace/traffic_stop/materials/scripts
[0.236s] -- Up-to-date: /home/tomas/code/thesis/turtlebot3_ws/install/turtlebot3_gazebo/share/turtlebot3_gazebo//models/turtlebot3_autorace/traffic_stop/materials/scripts/traffic_stop.material
[0.236s] -- Up-to-date: /home/tomas/code/thesis/turtlebot3_ws/install/turtlebot3_gazebo/share/turtlebot3_gazebo//models/turtlebot3_autorace/traffic_stop/model.sdf
[0.236s] -- Up-to-date: /home/tomas/code/thesis/turtlebot3_ws/install/turtlebot3_gazebo/share/turtlebot3_gazebo//models/turtlebot3_autorace/traffic_stop/model.config
[0.236s] -- Up-to-date: /home/tomas/code/thesis/turtlebot3_ws/install/turtlebot3_gazebo/share/turtlebot3_gazebo//models/turtlebot3_autorace/traffic_bar_up
[0.236s] -- Up-to-date: /home/tomas/code/thesis/turtlebot3_ws/install/turtlebot3_gazebo/share/turtlebot3_gazebo//models/turtlebot3_autorace/traffic_bar_up/materials
[0.236s] -- Up-to-date: /home/tomas/code/thesis/turtlebot3_ws/install/turtlebot3_gazebo/share/turtlebot3_gazebo//models/turtlebot3_autorace/traffic_bar_up/materials/textures
[0.236s] -- Up-to-date: /home/tomas/code/thesis/turtlebot3_ws/install/turtlebot3_gazebo/share/turtlebot3_gazebo//models/turtlebot3_autorace/traffic_bar_up/materials/textures/traffic_bar.png
[0.236s] -- Up-to-date: /home/tomas/code/thesis/turtlebot3_ws/install/turtlebot3_gazebo/share/turtlebot3_gazebo//models/turtlebot3_autorace/traffic_bar_up/materials/scripts
[0.236s] -- Up-to-date: /home/tomas/code/thesis/turtlebot3_ws/install/turtlebot3_gazebo/share/turtlebot3_gazebo//models/turtlebot3_autorace/traffic_bar_up/materials/scripts/traffic_bar.material
[0.236s] -- Up-to-date: /home/tomas/code/thesis/turtlebot3_ws/install/turtlebot3_gazebo/share/turtlebot3_gazebo//models/turtlebot3_autorace/traffic_bar_up/model.sdf
[0.236s] -- Up-to-date: /home/tomas/code/thesis/turtlebot3_ws/install/turtlebot3_gazebo/share/turtlebot3_gazebo//models/turtlebot3_autorace/traffic_bar_up/model.config
[0.237s] -- Up-to-date: /home/tomas/code/thesis/turtlebot3_ws/install/turtlebot3_gazebo/share/turtlebot3_gazebo//models/turtlebot3_autorace/traffic_light_green
[0.237s] -- Up-to-date: /home/tomas/code/thesis/turtlebot3_ws/install/turtlebot3_gazebo/share/turtlebot3_gazebo//models/turtlebot3_autorace/traffic_light_green/model.sdf
[0.237s] -- Up-to-date: /home/tomas/code/thesis/turtlebot3_ws/install/turtlebot3_gazebo/share/turtlebot3_gazebo//models/turtlebot3_autorace/traffic_light_green/model.config
[0.237s] -- Up-to-date: /home/tomas/code/thesis/turtlebot3_ws/install/turtlebot3_gazebo/share/turtlebot3_gazebo//models/turtlebot3_autorace/traffic_light_red
[0.237s] -- Up-to-date: /home/tomas/code/thesis/turtlebot3_ws/install/turtlebot3_gazebo/share/turtlebot3_gazebo//models/turtlebot3_autorace/traffic_light_red/model.sdf
[0.237s] -- Up-to-date: /home/tomas/code/thesis/turtlebot3_ws/install/turtlebot3_gazebo/share/turtlebot3_gazebo//models/turtlebot3_autorace/traffic_light_red/model.config
[0.237s] -- Up-to-date: /home/tomas/code/thesis/turtlebot3_ws/install/turtlebot3_gazebo/share/turtlebot3_gazebo//models/turtlebot3_autorace/model.config
[0.237s] -- Up-to-date: /home/tomas/code/thesis/turtlebot3_ws/install/turtlebot3_gazebo/share/turtlebot3_gazebo//models/turtlebot3_waffle
[0.237s] -- Up-to-date: /home/tomas/code/thesis/turtlebot3_ws/install/turtlebot3_gazebo/share/turtlebot3_gazebo//models/turtlebot3_waffle/model-1_4.sdf
[0.237s] -- Up-to-date: /home/tomas/code/thesis/turtlebot3_ws/install/turtlebot3_gazebo/share/turtlebot3_gazebo//models/turtlebot3_waffle/meshes
[0.237s] -- Up-to-date: /home/tomas/code/thesis/turtlebot3_ws/install/turtlebot3_gazebo/share/turtlebot3_gazebo//models/turtlebot3_waffle/meshes/waffle_base.dae
[0.237s] -- Up-to-date: /home/tomas/code/thesis/turtlebot3_ws/install/turtlebot3_gazebo/share/turtlebot3_gazebo//models/turtlebot3_waffle/meshes/r200.dae
[0.237s] -- Up-to-date: /home/tomas/code/thesis/turtlebot3_ws/install/turtlebot3_gazebo/share/turtlebot3_gazebo//models/turtlebot3_waffle/meshes/lds.dae
[0.237s] -- Up-to-date: /home/tomas/code/thesis/turtlebot3_ws/install/turtlebot3_gazebo/share/turtlebot3_gazebo//models/turtlebot3_waffle/meshes/tire.dae
[0.237s] -- Up-to-date: /home/tomas/code/thesis/turtlebot3_ws/install/turtlebot3_gazebo/share/turtlebot3_gazebo//models/turtlebot3_waffle/model.sdf
[0.237s] -- Up-to-date: /home/tomas/code/thesis/turtlebot3_ws/install/turtlebot3_gazebo/share/turtlebot3_gazebo//models/turtlebot3_waffle/model.config
[0.237s] -- Up-to-date: /home/tomas/code/thesis/turtlebot3_ws/install/turtlebot3_gazebo/share/turtlebot3_gazebo//rviz
[0.238s] -- Up-to-date: /home/tomas/code/thesis/turtlebot3_ws/install/turtlebot3_gazebo/share/turtlebot3_gazebo//rviz/tb3_gazebo.rviz
[0.238s] -- Up-to-date: /home/tomas/code/thesis/turtlebot3_ws/install/turtlebot3_gazebo/share/turtlebot3_gazebo//worlds
[0.238s] -- Up-to-date: /home/tomas/code/thesis/turtlebot3_ws/install/turtlebot3_gazebo/share/turtlebot3_gazebo//worlds/turtlebot3_worlds
[0.238s] -- Up-to-date: /home/tomas/code/thesis/turtlebot3_ws/install/turtlebot3_gazebo/share/turtlebot3_gazebo//worlds/turtlebot3_worlds/waffle_pi.model
[0.238s] -- Up-to-date: /home/tomas/code/thesis/turtlebot3_ws/install/turtlebot3_gazebo/share/turtlebot3_gazebo//worlds/turtlebot3_worlds/waffle.model
[0.238s] -- Up-to-date: /home/tomas/code/thesis/turtlebot3_ws/install/turtlebot3_gazebo/share/turtlebot3_gazebo//worlds/turtlebot3_worlds/burger.model
[0.238s] -- Up-to-date: /home/tomas/code/thesis/turtlebot3_ws/install/turtlebot3_gazebo/share/turtlebot3_gazebo//worlds/turtlebot3_dqn_stage1
[0.238s] -- Up-to-date: /home/tomas/code/thesis/turtlebot3_ws/install/turtlebot3_gazebo/share/turtlebot3_gazebo//worlds/turtlebot3_dqn_stage1/waffle_pi.model
[0.238s] -- Up-to-date: /home/tomas/code/thesis/turtlebot3_ws/install/turtlebot3_gazebo/share/turtlebot3_gazebo//worlds/turtlebot3_dqn_stage1/waffle.model
[0.238s] -- Up-to-date: /home/tomas/code/thesis/turtlebot3_ws/install/turtlebot3_gazebo/share/turtlebot3_gazebo//worlds/turtlebot3_dqn_stage1/burger.model
[0.238s] -- Up-to-date: /home/tomas/code/thesis/turtlebot3_ws/install/turtlebot3_gazebo/share/turtlebot3_gazebo//worlds/turtlebot3_houses
[0.238s] -- Up-to-date: /home/tomas/code/thesis/turtlebot3_ws/install/turtlebot3_gazebo/share/turtlebot3_gazebo//worlds/turtlebot3_houses/waffle_pi.model
[0.238s] -- Up-to-date: /home/tomas/code/thesis/turtlebot3_ws/install/turtlebot3_gazebo/share/turtlebot3_gazebo//worlds/turtlebot3_houses/waffle.model
[0.238s] -- Up-to-date: /home/tomas/code/thesis/turtlebot3_ws/install/turtlebot3_gazebo/share/turtlebot3_gazebo//worlds/turtlebot3_houses/burger.model
[0.238s] -- Up-to-date: /home/tomas/code/thesis/turtlebot3_ws/install/turtlebot3_gazebo/share/turtlebot3_gazebo//worlds/turtlebot3_dqn_stage3
[0.238s] -- Up-to-date: /home/tomas/code/thesis/turtlebot3_ws/install/turtlebot3_gazebo/share/turtlebot3_gazebo//worlds/turtlebot3_dqn_stage3/waffle_pi.model
[0.239s] -- Up-to-date: /home/tomas/code/thesis/turtlebot3_ws/install/turtlebot3_gazebo/share/turtlebot3_gazebo//worlds/turtlebot3_dqn_stage3/waffle.model
[0.239s] -- Up-to-date: /home/tomas/code/thesis/turtlebot3_ws/install/turtlebot3_gazebo/share/turtlebot3_gazebo//worlds/turtlebot3_dqn_stage3/burger.model
[0.239s] -- Up-to-date: /home/tomas/code/thesis/turtlebot3_ws/install/turtlebot3_gazebo/share/turtlebot3_gazebo//worlds/turtlebot3_autoraces
[0.239s] -- Up-to-date: /home/tomas/code/thesis/turtlebot3_ws/install/turtlebot3_gazebo/share/turtlebot3_gazebo//worlds/turtlebot3_autoraces/waffle_pi.model
[0.239s] -- Up-to-date: /home/tomas/code/thesis/turtlebot3_ws/install/turtlebot3_gazebo/share/turtlebot3_gazebo//worlds/turtlebot3_autoraces/waffle.model
[0.239s] -- Up-to-date: /home/tomas/code/thesis/turtlebot3_ws/install/turtlebot3_gazebo/share/turtlebot3_gazebo//worlds/turtlebot3_autoraces/burger.model
[0.239s] -- Up-to-date: /home/tomas/code/thesis/turtlebot3_ws/install/turtlebot3_gazebo/share/turtlebot3_gazebo//worlds/empty_worlds
[0.239s] -- Up-to-date: /home/tomas/code/thesis/turtlebot3_ws/install/turtlebot3_gazebo/share/turtlebot3_gazebo//worlds/empty_worlds/waffle_pi.model
[0.239s] -- Up-to-date: /home/tomas/code/thesis/turtlebot3_ws/install/turtlebot3_gazebo/share/turtlebot3_gazebo//worlds/empty_worlds/waffle.model
[0.239s] -- Up-to-date: /home/tomas/code/thesis/turtlebot3_ws/install/turtlebot3_gazebo/share/turtlebot3_gazebo//worlds/empty_worlds/burger.model
[0.239s] -- Up-to-date: /home/tomas/code/thesis/turtlebot3_ws/install/turtlebot3_gazebo/share/turtlebot3_gazebo//worlds/turtlebot3_dqn_stage2
[0.244s] -- Up-to-date: /home/tomas/code/thesis/turtlebot3_ws/install/turtlebot3_gazebo/share/turtlebot3_gazebo//worlds/turtlebot3_dqn_stage2/waffle_pi.model
[0.244s] -- Up-to-date: /home/tomas/code/thesis/turtlebot3_ws/install/turtlebot3_gazebo/share/turtlebot3_gazebo//worlds/turtlebot3_dqn_stage2/waffle.model
[0.244s] -- Up-to-date: /home/tomas/code/thesis/turtlebot3_ws/install/turtlebot3_gazebo/share/turtlebot3_gazebo//worlds/turtlebot3_dqn_stage2/burger.model
[0.244s] -- Up-to-date: /home/tomas/code/thesis/turtlebot3_ws/install/turtlebot3_gazebo/share/turtlebot3_gazebo//worlds/turtlebot3_dqn_stage4
[0.244s] -- Up-to-date: /home/tomas/code/thesis/turtlebot3_ws/install/turtlebot3_gazebo/share/turtlebot3_gazebo//worlds/turtlebot3_dqn_stage4/waffle_pi.model
[0.245s] -- Up-to-date: /home/tomas/code/thesis/turtlebot3_ws/install/turtlebot3_gazebo/share/turtlebot3_gazebo//worlds/turtlebot3_dqn_stage4/waffle.model
[0.245s] -- Up-to-date: /home/tomas/code/thesis/turtlebot3_ws/install/turtlebot3_gazebo/share/turtlebot3_gazebo//worlds/turtlebot3_dqn_stage4/burger.model
[0.245s] -- Up-to-date: /home/tomas/code/thesis/turtlebot3_ws/install/turtlebot3_gazebo/include/
[0.245s] -- Up-to-date: /home/tomas/code/thesis/turtlebot3_ws/install/turtlebot3_gazebo/include//turtlebot3_gazebo
[0.246s] -- Up-to-date: /home/tomas/code/thesis/turtlebot3_ws/install/turtlebot3_gazebo/include//turtlebot3_gazebo/turtlebot3_drive.hpp
[0.246s] -- Up-to-date: /home/tomas/code/thesis/turtlebot3_ws/install/turtlebot3_gazebo/share/ament_index/resource_index/package_run_dependencies/turtlebot3_gazebo
[0.246s] -- Up-to-date: /home/tomas/code/thesis/turtlebot3_ws/install/turtlebot3_gazebo/share/ament_index/resource_index/parent_prefix_path/turtlebot3_gazebo
[0.246s] -- Up-to-date: /home/tomas/code/thesis/turtlebot3_ws/install/turtlebot3_gazebo/share/turtlebot3_gazebo/environment/ament_prefix_path.sh
[0.246s] -- Up-to-date: /home/tomas/code/thesis/turtlebot3_ws/install/turtlebot3_gazebo/share/turtlebot3_gazebo/environment/ament_prefix_path.dsv
[0.246s] -- Up-to-date: /home/tomas/code/thesis/turtlebot3_ws/install/turtlebot3_gazebo/share/turtlebot3_gazebo/environment/path.sh
[0.246s] -- Up-to-date: /home/tomas/code/thesis/turtlebot3_ws/install/turtlebot3_gazebo/share/turtlebot3_gazebo/environment/path.dsv
[0.246s] -- Up-to-date: /home/tomas/code/thesis/turtlebot3_ws/install/turtlebot3_gazebo/share/turtlebot3_gazebo/local_setup.bash
[0.246s] -- Up-to-date: /home/tomas/code/thesis/turtlebot3_ws/install/turtlebot3_gazebo/share/turtlebot3_gazebo/local_setup.sh
[0.246s] -- Up-to-date: /home/tomas/code/thesis/turtlebot3_ws/install/turtlebot3_gazebo/share/turtlebot3_gazebo/local_setup.zsh
[0.246s] -- Up-to-date: /home/tomas/code/thesis/turtlebot3_ws/install/turtlebot3_gazebo/share/turtlebot3_gazebo/local_setup.dsv
[0.246s] -- Installing: /home/tomas/code/thesis/turtlebot3_ws/install/turtlebot3_gazebo/share/turtlebot3_gazebo/package.dsv
[0.247s] -- Up-to-date: /home/tomas/code/thesis/turtlebot3_ws/install/turtlebot3_gazebo/share/ament_index/resource_index/packages/turtlebot3_gazebo
[0.247s] -- Up-to-date: /home/tomas/code/thesis/turtlebot3_ws/install/turtlebot3_gazebo/share/turtlebot3_gazebo/cmake/ament_cmake_export_include_directories-extras.cmake
[0.247s] -- Up-to-date: /home/tomas/code/thesis/turtlebot3_ws/install/turtlebot3_gazebo/share/turtlebot3_gazebo/cmake/ament_cmake_export_dependencies-extras.cmake
[0.247s] -- Up-to-date: /home/tomas/code/thesis/turtlebot3_ws/install/turtlebot3_gazebo/share/turtlebot3_gazebo/cmake/turtlebot3_gazeboConfig.cmake
[0.247s] -- Up-to-date: /home/tomas/code/thesis/turtlebot3_ws/install/turtlebot3_gazebo/share/turtlebot3_gazebo/cmake/turtlebot3_gazeboConfig-version.cmake
[0.247s] -- Up-to-date: /home/tomas/code/thesis/turtlebot3_ws/install/turtlebot3_gazebo/share/turtlebot3_gazebo/package.xml
[0.248s] Invoked command in '/home/tomas/code/thesis/turtlebot3_ws/build/turtlebot3_gazebo' returned '0': CMAKE_PREFIX_PATH=/home/tomas/code/thesis/turtlebot3_ws/install/turtlebot3_description:/home/tomas/code/thesis/turtlebot3_ws/install/turtlebot3_machine_learning:/home/tomas/code/thesis/turtlebot3_ws/install/turtlebot3:/home/tomas/code/thesis/turtlebot3_ws/install/turtlebot3_simulations:/home/tomas/code/thesis/turtlebot3_ws/install/turtlebot3_bringup:/home/tomas/code/thesis/turtlebot3_ws/install/turtlebot3_node:/home/tomas/code/thesis/turtlebot3_ws/install/turtlebot3_navigation2:/home/tomas/code/thesis/turtlebot3_ws/install/turtlebot3_gazebo:/home/tomas/code/thesis/turtlebot3_ws/install/turtlebot3_fake_node:/home/tomas/code/thesis/turtlebot3_ws/install/turtlebot3_cartographer:/home/tomas/ros2_foxy/ros2-linux:/home/tomas/code/thesis/turtlebot3_ws/install/turtlebot3_dqn:/home/tomas/code/thesis/turtlebot3_ws/install/turtlebot3_teleop:/home/tomas/code/thesis/turtlebot3_ws/install/turtlebot3_example:/opt/ros/foxy /usr/bin/cmake --install /home/tomas/code/thesis/turtlebot3_ws/build/turtlebot3_gazebo
