/home/tomas/code/thesis/turtlebot3_ws/install/turtlebot3_dqn/lib/python3.8/site-packages/turtlebot3_dqn/__init__.py
/home/tomas/code/thesis/turtlebot3_ws/install/turtlebot3_dqn/lib/python3.8/site-packages/turtlebot3_dqn/dqn_agent/dqn_agent.py
/home/tomas/code/thesis/turtlebot3_ws/install/turtlebot3_dqn/lib/python3.8/site-packages/turtlebot3_dqn/dqn_agent/__init__.py
/home/tomas/code/thesis/turtlebot3_ws/install/turtlebot3_dqn/lib/python3.8/site-packages/turtlebot3_dqn/dqn_gazebo/dqn_gazebo.py
/home/tomas/code/thesis/turtlebot3_ws/install/turtlebot3_dqn/lib/python3.8/site-packages/turtlebot3_dqn/dqn_gazebo/__init__.py
/home/tomas/code/thesis/turtlebot3_ws/install/turtlebot3_dqn/lib/python3.8/site-packages/turtlebot3_dqn/dqn_environment/dqn_environment.py
/home/tomas/code/thesis/turtlebot3_ws/install/turtlebot3_dqn/lib/python3.8/site-packages/turtlebot3_dqn/dqn_environment/__init__.py
/home/tomas/code/thesis/turtlebot3_ws/install/turtlebot3_dqn/lib/python3.8/site-packages/turtlebot3_dqn/dqn_test/dqn_test.py
/home/tomas/code/thesis/turtlebot3_ws/install/turtlebot3_dqn/lib/python3.8/site-packages/turtlebot3_dqn/dqn_test/__init__.py
/home/tomas/code/thesis/turtlebot3_ws/install/turtlebot3_dqn/lib/python3.8/site-packages/turtlebot3_dqn/__pycache__/__init__.cpython-38.pyc
/home/tomas/code/thesis/turtlebot3_ws/install/turtlebot3_dqn/lib/python3.8/site-packages/turtlebot3_dqn/dqn_agent/__pycache__/dqn_agent.cpython-38.pyc
/home/tomas/code/thesis/turtlebot3_ws/install/turtlebot3_dqn/lib/python3.8/site-packages/turtlebot3_dqn/dqn_agent/__pycache__/__init__.cpython-38.pyc
/home/tomas/code/thesis/turtlebot3_ws/install/turtlebot3_dqn/lib/python3.8/site-packages/turtlebot3_dqn/dqn_gazebo/__pycache__/dqn_gazebo.cpython-38.pyc
/home/tomas/code/thesis/turtlebot3_ws/install/turtlebot3_dqn/lib/python3.8/site-packages/turtlebot3_dqn/dqn_gazebo/__pycache__/__init__.cpython-38.pyc
/home/tomas/code/thesis/turtlebot3_ws/install/turtlebot3_dqn/lib/python3.8/site-packages/turtlebot3_dqn/dqn_environment/__pycache__/dqn_environment.cpython-38.pyc
/home/tomas/code/thesis/turtlebot3_ws/install/turtlebot3_dqn/lib/python3.8/site-packages/turtlebot3_dqn/dqn_environment/__pycache__/__init__.cpython-38.pyc
/home/tomas/code/thesis/turtlebot3_ws/install/turtlebot3_dqn/lib/python3.8/site-packages/turtlebot3_dqn/dqn_test/__pycache__/dqn_test.cpython-38.pyc
/home/tomas/code/thesis/turtlebot3_ws/install/turtlebot3_dqn/lib/python3.8/site-packages/turtlebot3_dqn/dqn_test/__pycache__/__init__.cpython-38.pyc
/home/tomas/code/thesis/turtlebot3_ws/install/turtlebot3_dqn/share/ament_index/resource_index/packages/turtlebot3_dqn
/home/tomas/code/thesis/turtlebot3_ws/install/turtlebot3_dqn/share/turtlebot3_dqn/package.xml
/home/tomas/code/thesis/turtlebot3_ws/install/turtlebot3_dqn/share/turtlebot3_dqn/launch/turtlebot3_dqn_stage1.launch.py
/home/tomas/code/thesis/turtlebot3_ws/install/turtlebot3_dqn/share/turtlebot3_dqn/launch/turtlebot3_dqn_stage2.launch.py
/home/tomas/code/thesis/turtlebot3_ws/install/turtlebot3_dqn/share/turtlebot3_dqn/launch/turtlebot3_dqn_stage3.launch.py
/home/tomas/code/thesis/turtlebot3_ws/install/turtlebot3_dqn/share/turtlebot3_dqn/launch/turtlebot3_dqn_stage4.launch.py
/home/tomas/code/thesis/turtlebot3_ws/install/turtlebot3_dqn/lib/python3.8/site-packages/turtlebot3_dqn-2.0.0-py3.8.egg-info/entry_points.txt
/home/tomas/code/thesis/turtlebot3_ws/install/turtlebot3_dqn/lib/python3.8/site-packages/turtlebot3_dqn-2.0.0-py3.8.egg-info/SOURCES.txt
/home/tomas/code/thesis/turtlebot3_ws/install/turtlebot3_dqn/lib/python3.8/site-packages/turtlebot3_dqn-2.0.0-py3.8.egg-info/top_level.txt
/home/tomas/code/thesis/turtlebot3_ws/install/turtlebot3_dqn/lib/python3.8/site-packages/turtlebot3_dqn-2.0.0-py3.8.egg-info/zip-safe
/home/tomas/code/thesis/turtlebot3_ws/install/turtlebot3_dqn/lib/python3.8/site-packages/turtlebot3_dqn-2.0.0-py3.8.egg-info/dependency_links.txt
/home/tomas/code/thesis/turtlebot3_ws/install/turtlebot3_dqn/lib/python3.8/site-packages/turtlebot3_dqn-2.0.0-py3.8.egg-info/requires.txt
/home/tomas/code/thesis/turtlebot3_ws/install/turtlebot3_dqn/lib/python3.8/site-packages/turtlebot3_dqn-2.0.0-py3.8.egg-info/PKG-INFO
/home/tomas/code/thesis/turtlebot3_ws/install/turtlebot3_dqn/lib/turtlebot3_dqn/dqn_agent
/home/tomas/code/thesis/turtlebot3_ws/install/turtlebot3_dqn/lib/turtlebot3_dqn/dqn_environment
/home/tomas/code/thesis/turtlebot3_ws/install/turtlebot3_dqn/lib/turtlebot3_dqn/dqn_gazebo
/home/tomas/code/thesis/turtlebot3_ws/install/turtlebot3_dqn/lib/turtlebot3_dqn/dqn_test
