-- The C compiler identification is GNU 9.3.0
-- The CXX compiler identification is GNU 9.3.0
-- Check for working C compiler: /usr/bin/cc
-- Check for working C compiler: /usr/bin/cc -- works
-- Detecting C compiler ABI info
-- Detecting C compiler ABI info - done
-- Detecting C compile features
-- Detecting C compile features - done
-- Check for working CXX compiler: /usr/bin/c++
-- Check for working CXX compiler: /usr/bin/c++ -- works
-- Detecting CXX compiler ABI info
-- Detecting CXX compiler ABI info - done
-- Detecting CXX compile features
-- Detecting CXX compile features - done
-- Found ament_cmake: 0.9.9 (/home/tomas/ros2_foxy/ros2-linux/share/ament_cmake/cmake)
-- Found PythonInterp: /usr/bin/python3 (found suitable version "3.8.10", minimum required is "3") 
-- Using PYTHON_EXECUTABLE: /usr/bin/python3
-- Found geometry_msgs: 2.0.4 (/home/tomas/ros2_foxy/ros2-linux/share/geometry_msgs/cmake)
-- Using all available rosidl_typesupport_c: rosidl_typesupport_fastrtps_c;rosidl_typesupport_introspection_c;rosidl_typesupport_connext_c
-- Found rosidl_adapter: 1.2.1 (/home/tomas/ros2_foxy/ros2-linux/share/rosidl_adapter/cmake)
-- Found OpenSSL: /usr/lib/x86_64-linux-gnu/libcrypto.so (found version "1.1.1f")  
-- Found FastRTPS: /home/tomas/ros2_foxy/ros2-linux/include  
-- Could not find RTI Connext - skipping rosidl_typesupport_connext_c
-- Could not find RTI Connext - skipping rosidl_typesupport_connext_cpp
-- Using all available rosidl_typesupport_cpp: rosidl_typesupport_fastrtps_cpp;rosidl_typesupport_introspection_cpp;rosidl_typesupport_connext_cpp
-- Found nav_msgs: 2.0.4 (/home/tomas/ros2_foxy/ros2-linux/share/nav_msgs/cmake)
-- Found rclcpp: 2.4.0 (/home/tomas/ros2_foxy/ros2-linux/share/rclcpp/cmake)
-- Found rmw_implementation_cmake: 1.0.3 (/home/tomas/ros2_foxy/ros2-linux/share/rmw_implementation_cmake/cmake)
-- Using RMW implementation 'rmw_fastrtps_cpp' as default
-- Looking for pthread.h
-- Looking for pthread.h - found
-- Performing Test CMAKE_HAVE_LIBC_PTHREAD
-- Performing Test CMAKE_HAVE_LIBC_PTHREAD - Failed
-- Looking for pthread_create in pthreads
-- Looking for pthread_create in pthreads - not found
-- Looking for pthread_create in pthread
-- Looking for pthread_create in pthread - found
-- Found Threads: TRUE  
-- Found sensor_msgs: 2.0.4 (/home/tomas/ros2_foxy/ros2-linux/share/sensor_msgs/cmake)
-- Found tf2: 0.13.11 (/home/tomas/ros2_foxy/ros2-linux/share/tf2/cmake)
-- Found tf2_msgs: 0.13.11 (/home/tomas/ros2_foxy/ros2-linux/share/tf2_msgs/cmake)
-- Found turtlebot3_msgs: 2.2.1 (/opt/ros/foxy/share/turtlebot3_msgs/cmake)
-- Configuring done
-- Generating done
-- Build files have been written to: /home/tomas/code/thesis/turtlebot3_ws/build/turtlebot3_fake_node
[35m[1mScanning dependencies of target turtlebot3_fake_node[0m
[ 50%] [32mBuilding CXX object CMakeFiles/turtlebot3_fake_node.dir/src/turtlebot3_fake_node.cpp.o[0m
[100%] [32m[1mLinking CXX executable turtlebot3_fake_node[0m
[100%] Built target turtlebot3_fake_node
-- Install configuration: ""
-- Installing: /home/tomas/code/thesis/turtlebot3_ws/install/turtlebot3_fake_node/lib/turtlebot3_fake_node/turtlebot3_fake_node
-- Set runtime path of "/home/tomas/code/thesis/turtlebot3_ws/install/turtlebot3_fake_node/lib/turtlebot3_fake_node/turtlebot3_fake_node" to ""
-- Installing: /home/tomas/code/thesis/turtlebot3_ws/install/turtlebot3_fake_node/share/turtlebot3_fake_node/launch
-- Installing: /home/tomas/code/thesis/turtlebot3_ws/install/turtlebot3_fake_node/share/turtlebot3_fake_node/launch/turtlebot3_fake_node.launch.py
-- Installing: /home/tomas/code/thesis/turtlebot3_ws/install/turtlebot3_fake_node/share/turtlebot3_fake_node/launch/rviz2.launch.py
-- Installing: /home/tomas/code/thesis/turtlebot3_ws/install/turtlebot3_fake_node/share/turtlebot3_fake_node/param
-- Installing: /home/tomas/code/thesis/turtlebot3_ws/install/turtlebot3_fake_node/share/turtlebot3_fake_node/param/waffle_pi.yaml
-- Installing: /home/tomas/code/thesis/turtlebot3_ws/install/turtlebot3_fake_node/share/turtlebot3_fake_node/param/waffle.yaml
-- Installing: /home/tomas/code/thesis/turtlebot3_ws/install/turtlebot3_fake_node/share/turtlebot3_fake_node/param/burger.yaml
-- Installing: /home/tomas/code/thesis/turtlebot3_ws/install/turtlebot3_fake_node/share/turtlebot3_fake_node/rviz
-- Installing: /home/tomas/code/thesis/turtlebot3_ws/install/turtlebot3_fake_node/share/turtlebot3_fake_node/rviz/model.rviz
-- Installing: /home/tomas/code/thesis/turtlebot3_ws/install/turtlebot3_fake_node/include/
-- Installing: /home/tomas/code/thesis/turtlebot3_ws/install/turtlebot3_fake_node/include//turtlebot3_fake_node
-- Installing: /home/tomas/code/thesis/turtlebot3_ws/install/turtlebot3_fake_node/include//turtlebot3_fake_node/turtlebot3_fake_node.hpp
-- Installing: /home/tomas/code/thesis/turtlebot3_ws/install/turtlebot3_fake_node/share/ament_index/resource_index/package_run_dependencies/turtlebot3_fake_node
-- Installing: /home/tomas/code/thesis/turtlebot3_ws/install/turtlebot3_fake_node/share/ament_index/resource_index/parent_prefix_path/turtlebot3_fake_node
-- Installing: /home/tomas/code/thesis/turtlebot3_ws/install/turtlebot3_fake_node/share/turtlebot3_fake_node/environment/ament_prefix_path.sh
-- Installing: /home/tomas/code/thesis/turtlebot3_ws/install/turtlebot3_fake_node/share/turtlebot3_fake_node/environment/ament_prefix_path.dsv
-- Installing: /home/tomas/code/thesis/turtlebot3_ws/install/turtlebot3_fake_node/share/turtlebot3_fake_node/environment/path.sh
-- Installing: /home/tomas/code/thesis/turtlebot3_ws/install/turtlebot3_fake_node/share/turtlebot3_fake_node/environment/path.dsv
-- Installing: /home/tomas/code/thesis/turtlebot3_ws/install/turtlebot3_fake_node/share/turtlebot3_fake_node/local_setup.bash
-- Installing: /home/tomas/code/thesis/turtlebot3_ws/install/turtlebot3_fake_node/share/turtlebot3_fake_node/local_setup.sh
-- Installing: /home/tomas/code/thesis/turtlebot3_ws/install/turtlebot3_fake_node/share/turtlebot3_fake_node/local_setup.zsh
-- Installing: /home/tomas/code/thesis/turtlebot3_ws/install/turtlebot3_fake_node/share/turtlebot3_fake_node/local_setup.dsv
-- Installing: /home/tomas/code/thesis/turtlebot3_ws/install/turtlebot3_fake_node/share/turtlebot3_fake_node/package.dsv
-- Installing: /home/tomas/code/thesis/turtlebot3_ws/install/turtlebot3_fake_node/share/ament_index/resource_index/packages/turtlebot3_fake_node
-- Installing: /home/tomas/code/thesis/turtlebot3_ws/install/turtlebot3_fake_node/share/turtlebot3_fake_node/cmake/ament_cmake_export_include_directories-extras.cmake
-- Installing: /home/tomas/code/thesis/turtlebot3_ws/install/turtlebot3_fake_node/share/turtlebot3_fake_node/cmake/ament_cmake_export_dependencies-extras.cmake
-- Installing: /home/tomas/code/thesis/turtlebot3_ws/install/turtlebot3_fake_node/share/turtlebot3_fake_node/cmake/turtlebot3_fake_nodeConfig.cmake
-- Installing: /home/tomas/code/thesis/turtlebot3_ws/install/turtlebot3_fake_node/share/turtlebot3_fake_node/cmake/turtlebot3_fake_nodeConfig-version.cmake
-- Installing: /home/tomas/code/thesis/turtlebot3_ws/install/turtlebot3_fake_node/share/turtlebot3_fake_node/package.xml
