[0.235s] Invoking command in '/home/tomas/code/thesis/turtlebot3_ws/build/turtlebot3_fake_node': CMAKE_PREFIX_PATH=${CMAKE_PREFIX_PATH}:/opt/ros/foxy /usr/bin/cmake /home/tomas/code/thesis/turtlebot3_ws/src/turtlebot3_simulations/turtlebot3_fake_node -DCMAKE_INSTALL_PREFIX=/home/tomas/code/thesis/turtlebot3_ws/install/turtlebot3_fake_node
[0.308s] -- The C compiler identification is GNU 9.3.0
[0.373s] -- The CXX compiler identification is GNU 9.3.0
[0.373s] -- Check for working C compiler: /usr/bin/cc
[0.437s] -- Check for working C compiler: /usr/bin/cc -- works
[0.438s] -- Detecting C compiler ABI info
[0.567s] -- Detecting C compiler ABI info - done
[0.579s] -- Detecting C compile features
[0.579s] -- Detecting C compile features - done
[0.589s] -- Check for working CXX compiler: /usr/bin/c++
[0.684s] -- Check for working CXX compiler: /usr/bin/c++ -- works
[0.685s] -- Detecting CXX compiler ABI info
[0.773s] -- Detecting CXX compiler ABI info - done
[0.797s] -- Detecting CXX compile features
[0.800s] -- Detecting CXX compile features - done
[0.805s] -- Found ament_cmake: 0.9.9 (/home/tomas/ros2_foxy/ros2-linux/share/ament_cmake/cmake)
[0.810s] -- Found PythonInterp: /usr/bin/python3 (found suitable version "3.8.10", minimum required is "3") 
[0.810s] -- Using PYTHON_EXECUTABLE: /usr/bin/python3
[1.008s] -- Found geometry_msgs: 2.0.4 (/home/tomas/ros2_foxy/ros2-linux/share/geometry_msgs/cmake)
[1.030s] -- Using all available rosidl_typesupport_c: rosidl_typesupport_fastrtps_c;rosidl_typesupport_introspection_c;rosidl_typesupport_connext_c
[1.036s] -- Found rosidl_adapter: 1.2.1 (/home/tomas/ros2_foxy/ros2-linux/share/rosidl_adapter/cmake)
[1.114s] -- Found OpenSSL: /usr/lib/x86_64-linux-gnu/libcrypto.so (found version "1.1.1f")  
[1.141s] -- Found FastRTPS: /home/tomas/ros2_foxy/ros2-linux/include  
[1.232s] -- Could not find RTI Connext - skipping rosidl_typesupport_connext_c
[1.247s] -- Could not find RTI Connext - skipping rosidl_typesupport_connext_cpp
[1.262s] -- Using all available rosidl_typesupport_cpp: rosidl_typesupport_fastrtps_cpp;rosidl_typesupport_introspection_cpp;rosidl_typesupport_connext_cpp
[1.339s] -- Found nav_msgs: 2.0.4 (/home/tomas/ros2_foxy/ros2-linux/share/nav_msgs/cmake)
[1.411s] -- Found rclcpp: 2.4.0 (/home/tomas/ros2_foxy/ros2-linux/share/rclcpp/cmake)
[1.442s] -- Found rmw_implementation_cmake: 1.0.3 (/home/tomas/ros2_foxy/ros2-linux/share/rmw_implementation_cmake/cmake)
[1.442s] -- Using RMW implementation 'rmw_fastrtps_cpp' as default
[1.444s] -- Looking for pthread.h
[1.527s] -- Looking for pthread.h - found
[1.527s] -- Performing Test CMAKE_HAVE_LIBC_PTHREAD
[1.578s] -- Performing Test CMAKE_HAVE_LIBC_PTHREAD - Failed
[1.578s] -- Looking for pthread_create in pthreads
[1.628s] -- Looking for pthread_create in pthreads - not found
[1.629s] -- Looking for pthread_create in pthread
[1.678s] -- Looking for pthread_create in pthread - found
[1.679s] -- Found Threads: TRUE  
[1.759s] -- Found sensor_msgs: 2.0.4 (/home/tomas/ros2_foxy/ros2-linux/share/sensor_msgs/cmake)
[1.820s] -- Found tf2: 0.13.11 (/home/tomas/ros2_foxy/ros2-linux/share/tf2/cmake)
[1.830s] -- Found tf2_msgs: 0.13.11 (/home/tomas/ros2_foxy/ros2-linux/share/tf2_msgs/cmake)
[1.994s] -- Found turtlebot3_msgs: 2.2.1 (/opt/ros/foxy/share/turtlebot3_msgs/cmake)
[2.125s] -- Configuring done
[2.134s] -- Generating done
[2.135s] -- Build files have been written to: /home/tomas/code/thesis/turtlebot3_ws/build/turtlebot3_fake_node
[2.142s] Invoked command in '/home/tomas/code/thesis/turtlebot3_ws/build/turtlebot3_fake_node' returned '0': CMAKE_PREFIX_PATH=${CMAKE_PREFIX_PATH}:/opt/ros/foxy /usr/bin/cmake /home/tomas/code/thesis/turtlebot3_ws/src/turtlebot3_simulations/turtlebot3_fake_node -DCMAKE_INSTALL_PREFIX=/home/tomas/code/thesis/turtlebot3_ws/install/turtlebot3_fake_node
[2.143s] Invoking command in '/home/tomas/code/thesis/turtlebot3_ws/build/turtlebot3_fake_node': CMAKE_PREFIX_PATH=${CMAKE_PREFIX_PATH}:/opt/ros/foxy /usr/bin/cmake --build /home/tomas/code/thesis/turtlebot3_ws/build/turtlebot3_fake_node -- -j6 -l6
[2.204s] [35m[1mScanning dependencies of target turtlebot3_fake_node[0m
[2.248s] [ 50%] [32mBuilding CXX object CMakeFiles/turtlebot3_fake_node.dir/src/turtlebot3_fake_node.cpp.o[0m
[9.044s] [100%] [32m[1mLinking CXX executable turtlebot3_fake_node[0m
[9.838s] [100%] Built target turtlebot3_fake_node
[9.864s] Invoked command in '/home/tomas/code/thesis/turtlebot3_ws/build/turtlebot3_fake_node' returned '0': CMAKE_PREFIX_PATH=${CMAKE_PREFIX_PATH}:/opt/ros/foxy /usr/bin/cmake --build /home/tomas/code/thesis/turtlebot3_ws/build/turtlebot3_fake_node -- -j6 -l6
[10.080s] Invoking command in '/home/tomas/code/thesis/turtlebot3_ws/build/turtlebot3_fake_node': CMAKE_PREFIX_PATH=${CMAKE_PREFIX_PATH}:/opt/ros/foxy /usr/bin/cmake --install /home/tomas/code/thesis/turtlebot3_ws/build/turtlebot3_fake_node
[10.120s] -- Install configuration: ""
[10.120s] -- Installing: /home/tomas/code/thesis/turtlebot3_ws/install/turtlebot3_fake_node/lib/turtlebot3_fake_node/turtlebot3_fake_node
[10.122s] -- Set runtime path of "/home/tomas/code/thesis/turtlebot3_ws/install/turtlebot3_fake_node/lib/turtlebot3_fake_node/turtlebot3_fake_node" to ""
[10.122s] -- Installing: /home/tomas/code/thesis/turtlebot3_ws/install/turtlebot3_fake_node/share/turtlebot3_fake_node/launch
[10.122s] -- Installing: /home/tomas/code/thesis/turtlebot3_ws/install/turtlebot3_fake_node/share/turtlebot3_fake_node/launch/turtlebot3_fake_node.launch.py
[10.122s] -- Installing: /home/tomas/code/thesis/turtlebot3_ws/install/turtlebot3_fake_node/share/turtlebot3_fake_node/launch/rviz2.launch.py
[10.122s] -- Installing: /home/tomas/code/thesis/turtlebot3_ws/install/turtlebot3_fake_node/share/turtlebot3_fake_node/param
[10.147s] -- Installing: /home/tomas/code/thesis/turtlebot3_ws/install/turtlebot3_fake_node/share/turtlebot3_fake_node/param/waffle_pi.yaml
[10.147s] -- Installing: /home/tomas/code/thesis/turtlebot3_ws/install/turtlebot3_fake_node/share/turtlebot3_fake_node/param/waffle.yaml
[10.147s] -- Installing: /home/tomas/code/thesis/turtlebot3_ws/install/turtlebot3_fake_node/share/turtlebot3_fake_node/param/burger.yaml
[10.148s] -- Installing: /home/tomas/code/thesis/turtlebot3_ws/install/turtlebot3_fake_node/share/turtlebot3_fake_node/rviz
[10.148s] -- Installing: /home/tomas/code/thesis/turtlebot3_ws/install/turtlebot3_fake_node/share/turtlebot3_fake_node/rviz/model.rviz
[10.148s] -- Installing: /home/tomas/code/thesis/turtlebot3_ws/install/turtlebot3_fake_node/include/
[10.148s] -- Installing: /home/tomas/code/thesis/turtlebot3_ws/install/turtlebot3_fake_node/include//turtlebot3_fake_node
[10.148s] -- Installing: /home/tomas/code/thesis/turtlebot3_ws/install/turtlebot3_fake_node/include//turtlebot3_fake_node/turtlebot3_fake_node.hpp
[10.148s] -- Installing: /home/tomas/code/thesis/turtlebot3_ws/install/turtlebot3_fake_node/share/ament_index/resource_index/package_run_dependencies/turtlebot3_fake_node
[10.148s] -- Installing: /home/tomas/code/thesis/turtlebot3_ws/install/turtlebot3_fake_node/share/ament_index/resource_index/parent_prefix_path/turtlebot3_fake_node
[10.148s] -- Installing: /home/tomas/code/thesis/turtlebot3_ws/install/turtlebot3_fake_node/share/turtlebot3_fake_node/environment/ament_prefix_path.sh
[10.148s] -- Installing: /home/tomas/code/thesis/turtlebot3_ws/install/turtlebot3_fake_node/share/turtlebot3_fake_node/environment/ament_prefix_path.dsv
[10.148s] -- Installing: /home/tomas/code/thesis/turtlebot3_ws/install/turtlebot3_fake_node/share/turtlebot3_fake_node/environment/path.sh
[10.148s] -- Installing: /home/tomas/code/thesis/turtlebot3_ws/install/turtlebot3_fake_node/share/turtlebot3_fake_node/environment/path.dsv
[10.148s] -- Installing: /home/tomas/code/thesis/turtlebot3_ws/install/turtlebot3_fake_node/share/turtlebot3_fake_node/local_setup.bash
[10.149s] -- Installing: /home/tomas/code/thesis/turtlebot3_ws/install/turtlebot3_fake_node/share/turtlebot3_fake_node/local_setup.sh
[10.149s] -- Installing: /home/tomas/code/thesis/turtlebot3_ws/install/turtlebot3_fake_node/share/turtlebot3_fake_node/local_setup.zsh
[10.149s] -- Installing: /home/tomas/code/thesis/turtlebot3_ws/install/turtlebot3_fake_node/share/turtlebot3_fake_node/local_setup.dsv
[10.149s] -- Installing: /home/tomas/code/thesis/turtlebot3_ws/install/turtlebot3_fake_node/share/turtlebot3_fake_node/package.dsv
[10.149s] -- Installing: /home/tomas/code/thesis/turtlebot3_ws/install/turtlebot3_fake_node/share/ament_index/resource_index/packages/turtlebot3_fake_node
[10.149s] -- Installing: /home/tomas/code/thesis/turtlebot3_ws/install/turtlebot3_fake_node/share/turtlebot3_fake_node/cmake/ament_cmake_export_include_directories-extras.cmake
[10.149s] -- Installing: /home/tomas/code/thesis/turtlebot3_ws/install/turtlebot3_fake_node/share/turtlebot3_fake_node/cmake/ament_cmake_export_dependencies-extras.cmake
[10.149s] -- Installing: /home/tomas/code/thesis/turtlebot3_ws/install/turtlebot3_fake_node/share/turtlebot3_fake_node/cmake/turtlebot3_fake_nodeConfig.cmake
[10.149s] -- Installing: /home/tomas/code/thesis/turtlebot3_ws/install/turtlebot3_fake_node/share/turtlebot3_fake_node/cmake/turtlebot3_fake_nodeConfig-version.cmake
[10.149s] -- Installing: /home/tomas/code/thesis/turtlebot3_ws/install/turtlebot3_fake_node/share/turtlebot3_fake_node/package.xml
[10.149s] Invoked command in '/home/tomas/code/thesis/turtlebot3_ws/build/turtlebot3_fake_node' returned '0': CMAKE_PREFIX_PATH=${CMAKE_PREFIX_PATH}:/opt/ros/foxy /usr/bin/cmake --install /home/tomas/code/thesis/turtlebot3_ws/build/turtlebot3_fake_node
