[0.010s] Invoking command in '/home/tomas/code/thesis/turtlebot3_ws/build/turtlebot3_simulations': AMENT_PREFIX_PATH=/home/tomas/code/thesis/turtlebot3_ws/install/turtlebot3_gazebo:/home/tomas/code/thesis/turtlebot3_ws/install/turtlebot3_fake_node:/home/tomas/code/thesis/turtlebot3_ws/install/turtlebot3_description:${AMENT_PREFIX_PATH} CMAKE_PREFIX_PATH=/home/tomas/code/thesis/turtlebot3_ws/install/turtlebot3_gazebo:/home/tomas/code/thesis/turtlebot3_ws/install/turtlebot3_fake_node:/home/tomas/code/thesis/turtlebot3_ws/install/turtlebot3_description:/home/tomas/ros2_foxy/ros2-linux:/opt/ros/foxy /usr/bin/cmake /home/tomas/code/thesis/turtlebot3_ws/src/turtlebot3_simulations/turtlebot3_simulations -DCMAKE_INSTALL_PREFIX=/home/tomas/code/thesis/turtlebot3_ws/install/turtlebot3_simulations
[0.052s] -- The C compiler identification is GNU 9.3.0
[0.095s] -- The CXX compiler identification is GNU 9.3.0
[0.099s] -- Check for working C compiler: /usr/bin/cc
[0.152s] -- Check for working C compiler: /usr/bin/cc -- works
[0.153s] -- Detecting C compiler ABI info
[0.205s] -- Detecting C compiler ABI info - done
[0.215s] -- Detecting C compile features
[0.215s] -- Detecting C compile features - done
[0.217s] -- Check for working CXX compiler: /usr/bin/c++
[0.273s] -- Check for working CXX compiler: /usr/bin/c++ -- works
[0.274s] -- Detecting CXX compiler ABI info
[0.330s] -- Detecting CXX compiler ABI info - done
[0.340s] -- Detecting CXX compile features
[0.340s] -- Detecting CXX compile features - done
[0.342s] -- Found ament_cmake: 0.9.9 (/home/tomas/ros2_foxy/ros2-linux/share/ament_cmake/cmake)
[0.361s] -- Found PythonInterp: /usr/bin/python3 (found suitable version "3.8.10", minimum required is "3") 
[0.361s] -- Using PYTHON_EXECUTABLE: /usr/bin/python3
[0.575s] -- Configuring done
[0.576s] -- Generating done
[0.577s] -- Build files have been written to: /home/tomas/code/thesis/turtlebot3_ws/build/turtlebot3_simulations
[0.580s] Invoked command in '/home/tomas/code/thesis/turtlebot3_ws/build/turtlebot3_simulations' returned '0': AMENT_PREFIX_PATH=/home/tomas/code/thesis/turtlebot3_ws/install/turtlebot3_gazebo:/home/tomas/code/thesis/turtlebot3_ws/install/turtlebot3_fake_node:/home/tomas/code/thesis/turtlebot3_ws/install/turtlebot3_description:${AMENT_PREFIX_PATH} CMAKE_PREFIX_PATH=/home/tomas/code/thesis/turtlebot3_ws/install/turtlebot3_gazebo:/home/tomas/code/thesis/turtlebot3_ws/install/turtlebot3_fake_node:/home/tomas/code/thesis/turtlebot3_ws/install/turtlebot3_description:/home/tomas/ros2_foxy/ros2-linux:/opt/ros/foxy /usr/bin/cmake /home/tomas/code/thesis/turtlebot3_ws/src/turtlebot3_simulations/turtlebot3_simulations -DCMAKE_INSTALL_PREFIX=/home/tomas/code/thesis/turtlebot3_ws/install/turtlebot3_simulations
[0.582s] Invoking command in '/home/tomas/code/thesis/turtlebot3_ws/build/turtlebot3_simulations': AMENT_PREFIX_PATH=/home/tomas/code/thesis/turtlebot3_ws/install/turtlebot3_gazebo:/home/tomas/code/thesis/turtlebot3_ws/install/turtlebot3_fake_node:/home/tomas/code/thesis/turtlebot3_ws/install/turtlebot3_description:${AMENT_PREFIX_PATH} CMAKE_PREFIX_PATH=/home/tomas/code/thesis/turtlebot3_ws/install/turtlebot3_gazebo:/home/tomas/code/thesis/turtlebot3_ws/install/turtlebot3_fake_node:/home/tomas/code/thesis/turtlebot3_ws/install/turtlebot3_description:/home/tomas/ros2_foxy/ros2-linux:/opt/ros/foxy /usr/bin/cmake --build /home/tomas/code/thesis/turtlebot3_ws/build/turtlebot3_simulations -- -j6 -l6
[0.614s] Invoked command in '/home/tomas/code/thesis/turtlebot3_ws/build/turtlebot3_simulations' returned '0': AMENT_PREFIX_PATH=/home/tomas/code/thesis/turtlebot3_ws/install/turtlebot3_gazebo:/home/tomas/code/thesis/turtlebot3_ws/install/turtlebot3_fake_node:/home/tomas/code/thesis/turtlebot3_ws/install/turtlebot3_description:${AMENT_PREFIX_PATH} CMAKE_PREFIX_PATH=/home/tomas/code/thesis/turtlebot3_ws/install/turtlebot3_gazebo:/home/tomas/code/thesis/turtlebot3_ws/install/turtlebot3_fake_node:/home/tomas/code/thesis/turtlebot3_ws/install/turtlebot3_description:/home/tomas/ros2_foxy/ros2-linux:/opt/ros/foxy /usr/bin/cmake --build /home/tomas/code/thesis/turtlebot3_ws/build/turtlebot3_simulations -- -j6 -l6
[0.631s] Invoking command in '/home/tomas/code/thesis/turtlebot3_ws/build/turtlebot3_simulations': AMENT_PREFIX_PATH=/home/tomas/code/thesis/turtlebot3_ws/install/turtlebot3_gazebo:/home/tomas/code/thesis/turtlebot3_ws/install/turtlebot3_fake_node:/home/tomas/code/thesis/turtlebot3_ws/install/turtlebot3_description:${AMENT_PREFIX_PATH} CMAKE_PREFIX_PATH=/home/tomas/code/thesis/turtlebot3_ws/install/turtlebot3_gazebo:/home/tomas/code/thesis/turtlebot3_ws/install/turtlebot3_fake_node:/home/tomas/code/thesis/turtlebot3_ws/install/turtlebot3_description:/home/tomas/ros2_foxy/ros2-linux:/opt/ros/foxy /usr/bin/cmake --install /home/tomas/code/thesis/turtlebot3_ws/build/turtlebot3_simulations
[0.638s] -- Install configuration: ""
[0.638s] -- Installing: /home/tomas/code/thesis/turtlebot3_ws/install/turtlebot3_simulations/share/ament_index/resource_index/package_run_dependencies/turtlebot3_simulations
[0.638s] -- Installing: /home/tomas/code/thesis/turtlebot3_ws/install/turtlebot3_simulations/share/ament_index/resource_index/parent_prefix_path/turtlebot3_simulations
[0.638s] -- Installing: /home/tomas/code/thesis/turtlebot3_ws/install/turtlebot3_simulations/share/turtlebot3_simulations/environment/ament_prefix_path.sh
[0.638s] -- Installing: /home/tomas/code/thesis/turtlebot3_ws/install/turtlebot3_simulations/share/turtlebot3_simulations/environment/ament_prefix_path.dsv
[0.638s] -- Installing: /home/tomas/code/thesis/turtlebot3_ws/install/turtlebot3_simulations/share/turtlebot3_simulations/environment/path.sh
[0.638s] -- Installing: /home/tomas/code/thesis/turtlebot3_ws/install/turtlebot3_simulations/share/turtlebot3_simulations/environment/path.dsv
[0.638s] -- Installing: /home/tomas/code/thesis/turtlebot3_ws/install/turtlebot3_simulations/share/turtlebot3_simulations/local_setup.bash
[0.638s] -- Installing: /home/tomas/code/thesis/turtlebot3_ws/install/turtlebot3_simulations/share/turtlebot3_simulations/local_setup.sh
[0.638s] -- Installing: /home/tomas/code/thesis/turtlebot3_ws/install/turtlebot3_simulations/share/turtlebot3_simulations/local_setup.zsh
[0.639s] -- Installing: /home/tomas/code/thesis/turtlebot3_ws/install/turtlebot3_simulations/share/turtlebot3_simulations/local_setup.dsv
[0.639s] -- Installing: /home/tomas/code/thesis/turtlebot3_ws/install/turtlebot3_simulations/share/turtlebot3_simulations/package.dsv
[0.639s] -- Installing: /home/tomas/code/thesis/turtlebot3_ws/install/turtlebot3_simulations/share/ament_index/resource_index/packages/turtlebot3_simulations
[0.639s] -- Installing: /home/tomas/code/thesis/turtlebot3_ws/install/turtlebot3_simulations/share/turtlebot3_simulations/cmake/turtlebot3_simulationsConfig.cmake
[0.639s] -- Installing: /home/tomas/code/thesis/turtlebot3_ws/install/turtlebot3_simulations/share/turtlebot3_simulations/cmake/turtlebot3_simulationsConfig-version.cmake
[0.639s] -- Installing: /home/tomas/code/thesis/turtlebot3_ws/install/turtlebot3_simulations/share/turtlebot3_simulations/package.xml
[0.641s] Invoked command in '/home/tomas/code/thesis/turtlebot3_ws/build/turtlebot3_simulations' returned '0': AMENT_PREFIX_PATH=/home/tomas/code/thesis/turtlebot3_ws/install/turtlebot3_gazebo:/home/tomas/code/thesis/turtlebot3_ws/install/turtlebot3_fake_node:/home/tomas/code/thesis/turtlebot3_ws/install/turtlebot3_description:${AMENT_PREFIX_PATH} CMAKE_PREFIX_PATH=/home/tomas/code/thesis/turtlebot3_ws/install/turtlebot3_gazebo:/home/tomas/code/thesis/turtlebot3_ws/install/turtlebot3_fake_node:/home/tomas/code/thesis/turtlebot3_ws/install/turtlebot3_description:/home/tomas/ros2_foxy/ros2-linux:/opt/ros/foxy /usr/bin/cmake --install /home/tomas/code/thesis/turtlebot3_ws/build/turtlebot3_simulations
