running egg_info
writing ../../../build/turtlebot3_dqn/turtlebot3_dqn.egg-info/PKG-INFO
writing dependency_links to ../../../build/turtlebot3_dqn/turtlebot3_dqn.egg-info/dependency_links.txt
writing entry points to ../../../build/turtlebot3_dqn/turtlebot3_dqn.egg-info/entry_points.txt
writing requirements to ../../../build/turtlebot3_dqn/turtlebot3_dqn.egg-info/requires.txt
writing top-level names to ../../../build/turtlebot3_dqn/turtlebot3_dqn.egg-info/top_level.txt
reading manifest file '../../../build/turtlebot3_dqn/turtlebot3_dqn.egg-info/SOURCES.txt'
writing manifest file '../../../build/turtlebot3_dqn/turtlebot3_dqn.egg-info/SOURCES.txt'
running build
running build_py
copying turtlebot3_dqn/dqn_test/dqn_test.py -> /home/tomas/code/thesis/turtlebot3_ws/build/turtlebot3_dqn/build/lib/turtlebot3_dqn/dqn_test
running install
running install_lib
copying /home/tomas/code/thesis/turtlebot3_ws/build/turtlebot3_dqn/build/lib/turtlebot3_dqn/dqn_agent/dqn_agent.py -> /home/tomas/code/thesis/turtlebot3_ws/install/turtlebot3_dqn/lib/python3.8/site-packages/turtlebot3_dqn/dqn_agent
copying /home/tomas/code/thesis/turtlebot3_ws/build/turtlebot3_dqn/build/lib/turtlebot3_dqn/dqn_test/dqn_test.py -> /home/tomas/code/thesis/turtlebot3_ws/install/turtlebot3_dqn/lib/python3.8/site-packages/turtlebot3_dqn/dqn_test
byte-compiling /home/tomas/code/thesis/turtlebot3_ws/install/turtlebot3_dqn/lib/python3.8/site-packages/turtlebot3_dqn/dqn_agent/dqn_agent.py to dqn_agent.cpython-38.pyc
byte-compiling /home/tomas/code/thesis/turtlebot3_ws/install/turtlebot3_dqn/lib/python3.8/site-packages/turtlebot3_dqn/dqn_test/dqn_test.py to dqn_test.cpython-38.pyc
running install_data
running install_egg_info
removing '/home/tomas/code/thesis/turtlebot3_ws/install/turtlebot3_dqn/lib/python3.8/site-packages/turtlebot3_dqn-2.0.0-py3.8.egg-info' (and everything under it)
Copying ../../../build/turtlebot3_dqn/turtlebot3_dqn.egg-info to /home/tomas/code/thesis/turtlebot3_ws/install/turtlebot3_dqn/lib/python3.8/site-packages/turtlebot3_dqn-2.0.0-py3.8.egg-info
running install_scripts
Installing dqn_agent script to /home/tomas/code/thesis/turtlebot3_ws/install/turtlebot3_dqn/lib/turtlebot3_dqn
Installing dqn_environment script to /home/tomas/code/thesis/turtlebot3_ws/install/turtlebot3_dqn/lib/turtlebot3_dqn
Installing dqn_gazebo script to /home/tomas/code/thesis/turtlebot3_ws/install/turtlebot3_dqn/lib/turtlebot3_dqn
Installing dqn_test script to /home/tomas/code/thesis/turtlebot3_ws/install/turtlebot3_dqn/lib/turtlebot3_dqn
writing list of installed files to '/home/tomas/code/thesis/turtlebot3_ws/build/turtlebot3_dqn/install.log'
