[ 85%] Built target turtlebot3_node_lib
[100%] Built target turtlebot3_ros
-- Install configuration: ""
-- Up-to-date: /home/tomas/code/thesis/turtlebot3_ws/install/turtlebot3_node/share/turtlebot3_node/param
-- Up-to-date: /home/tomas/code/thesis/turtlebot3_ws/install/turtlebot3_node/share/turtlebot3_node/param/waffle_pi.yaml
-- Up-to-date: /home/tomas/code/thesis/turtlebot3_ws/install/turtlebot3_node/share/turtlebot3_node/param/waffle.yaml
-- Up-to-date: /home/tomas/code/thesis/turtlebot3_ws/install/turtlebot3_node/share/turtlebot3_node/param/burger.yaml
-- Up-to-date: /home/tomas/code/thesis/turtlebot3_ws/install/turtlebot3_node/lib/turtlebot3_node/turtlebot3_ros
-- Up-to-date: /home/tomas/code/thesis/turtlebot3_ws/install/turtlebot3_node/share/ament_index/resource_index/package_run_dependencies/turtlebot3_node
-- Up-to-date: /home/tomas/code/thesis/turtlebot3_ws/install/turtlebot3_node/share/ament_index/resource_index/parent_prefix_path/turtlebot3_node
-- Up-to-date: /home/tomas/code/thesis/turtlebot3_ws/install/turtlebot3_node/share/turtlebot3_node/environment/ament_prefix_path.sh
-- Up-to-date: /home/tomas/code/thesis/turtlebot3_ws/install/turtlebot3_node/share/turtlebot3_node/environment/ament_prefix_path.dsv
-- Up-to-date: /home/tomas/code/thesis/turtlebot3_ws/install/turtlebot3_node/share/turtlebot3_node/environment/path.sh
-- Up-to-date: /home/tomas/code/thesis/turtlebot3_ws/install/turtlebot3_node/share/turtlebot3_node/environment/path.dsv
-- Up-to-date: /home/tomas/code/thesis/turtlebot3_ws/install/turtlebot3_node/share/turtlebot3_node/local_setup.bash
-- Up-to-date: /home/tomas/code/thesis/turtlebot3_ws/install/turtlebot3_node/share/turtlebot3_node/local_setup.sh
-- Up-to-date: /home/tomas/code/thesis/turtlebot3_ws/install/turtlebot3_node/share/turtlebot3_node/local_setup.zsh
-- Up-to-date: /home/tomas/code/thesis/turtlebot3_ws/install/turtlebot3_node/share/turtlebot3_node/local_setup.dsv
-- Installing: /home/tomas/code/thesis/turtlebot3_ws/install/turtlebot3_node/share/turtlebot3_node/package.dsv
-- Up-to-date: /home/tomas/code/thesis/turtlebot3_ws/install/turtlebot3_node/share/ament_index/resource_index/packages/turtlebot3_node
-- Up-to-date: /home/tomas/code/thesis/turtlebot3_ws/install/turtlebot3_node/share/turtlebot3_node/cmake/ament_cmake_export_include_directories-extras.cmake
-- Up-to-date: /home/tomas/code/thesis/turtlebot3_ws/install/turtlebot3_node/share/turtlebot3_node/cmake/turtlebot3_nodeConfig.cmake
-- Up-to-date: /home/tomas/code/thesis/turtlebot3_ws/install/turtlebot3_node/share/turtlebot3_node/cmake/turtlebot3_nodeConfig-version.cmake
-- Up-to-date: /home/tomas/code/thesis/turtlebot3_ws/install/turtlebot3_node/share/turtlebot3_node/package.xml
