[0.300s] Invoking command in '/home/tomas/code/thesis/turtlebot3_ws/src/turtlebot3/turtlebot3_example': PYTHONPATH=/home/tomas/code/thesis/turtlebot3_ws/install/turtlebot3_example/lib/python3.8/site-packages:${PYTHONPATH} /usr/bin/python3 setup.py egg_info --egg-base ../../../build/turtlebot3_example build --build-base /home/tomas/code/thesis/turtlebot3_ws/build/turtlebot3_example/build install --prefix /home/tomas/code/thesis/turtlebot3_ws/install/turtlebot3_example --record /home/tomas/code/thesis/turtlebot3_ws/build/turtlebot3_example/install.log --single-version-externally-managed
[0.796s] running egg_info
[0.796s] creating ../../../build/turtlebot3_example/turtlebot3_example.egg-info
[0.797s] writing ../../../build/turtlebot3_example/turtlebot3_example.egg-info/PKG-INFO
[0.797s] writing dependency_links to ../../../build/turtlebot3_example/turtlebot3_example.egg-info/dependency_links.txt
[0.797s] writing entry points to ../../../build/turtlebot3_example/turtlebot3_example.egg-info/entry_points.txt
[0.797s] writing requirements to ../../../build/turtlebot3_example/turtlebot3_example.egg-info/requires.txt
[0.797s] writing top-level names to ../../../build/turtlebot3_example/turtlebot3_example.egg-info/top_level.txt
[0.798s] writing manifest file '../../../build/turtlebot3_example/turtlebot3_example.egg-info/SOURCES.txt'
[0.798s] reading manifest file '../../../build/turtlebot3_example/turtlebot3_example.egg-info/SOURCES.txt'
[0.798s] writing manifest file '../../../build/turtlebot3_example/turtlebot3_example.egg-info/SOURCES.txt'
[0.800s] running build
[0.800s] running build_py
[0.800s] creating /home/tomas/code/thesis/turtlebot3_ws/build/turtlebot3_example/build
[0.800s] creating /home/tomas/code/thesis/turtlebot3_ws/build/turtlebot3_example/build/lib
[0.800s] creating /home/tomas/code/thesis/turtlebot3_ws/build/turtlebot3_example/build/lib/turtlebot3_example
[0.800s] copying turtlebot3_example/__init__.py -> /home/tomas/code/thesis/turtlebot3_ws/build/turtlebot3_example/build/lib/turtlebot3_example
[0.800s] creating /home/tomas/code/thesis/turtlebot3_ws/build/turtlebot3_example/build/lib/turtlebot3_example/turtlebot3_patrol_client
[0.801s] copying turtlebot3_example/turtlebot3_patrol_client/main.py -> /home/tomas/code/thesis/turtlebot3_ws/build/turtlebot3_example/build/lib/turtlebot3_example/turtlebot3_patrol_client
[0.801s] copying turtlebot3_example/turtlebot3_patrol_client/turtlebot3_patrol_client.py -> /home/tomas/code/thesis/turtlebot3_ws/build/turtlebot3_example/build/lib/turtlebot3_example/turtlebot3_patrol_client
[0.801s] copying turtlebot3_example/turtlebot3_patrol_client/__init__.py -> /home/tomas/code/thesis/turtlebot3_ws/build/turtlebot3_example/build/lib/turtlebot3_example/turtlebot3_patrol_client
[0.801s] creating /home/tomas/code/thesis/turtlebot3_ws/build/turtlebot3_example/build/lib/turtlebot3_example/turtlebot3_obstacle_detection
[0.801s] copying turtlebot3_example/turtlebot3_obstacle_detection/turtlebot3_obstacle_detection.py -> /home/tomas/code/thesis/turtlebot3_ws/build/turtlebot3_example/build/lib/turtlebot3_example/turtlebot3_obstacle_detection
[0.801s] copying turtlebot3_example/turtlebot3_obstacle_detection/main.py -> /home/tomas/code/thesis/turtlebot3_ws/build/turtlebot3_example/build/lib/turtlebot3_example/turtlebot3_obstacle_detection
[0.801s] copying turtlebot3_example/turtlebot3_obstacle_detection/__init__.py -> /home/tomas/code/thesis/turtlebot3_ws/build/turtlebot3_example/build/lib/turtlebot3_example/turtlebot3_obstacle_detection
[0.801s] creating /home/tomas/code/thesis/turtlebot3_ws/build/turtlebot3_example/build/lib/turtlebot3_example/turtlebot3_patrol_server
[0.801s] copying turtlebot3_example/turtlebot3_patrol_server/main.py -> /home/tomas/code/thesis/turtlebot3_ws/build/turtlebot3_example/build/lib/turtlebot3_example/turtlebot3_patrol_server
[0.801s] copying turtlebot3_example/turtlebot3_patrol_server/turtlebot3_path.py -> /home/tomas/code/thesis/turtlebot3_ws/build/turtlebot3_example/build/lib/turtlebot3_example/turtlebot3_patrol_server
[0.802s] copying turtlebot3_example/turtlebot3_patrol_server/turtlebot3_patrol_server.py -> /home/tomas/code/thesis/turtlebot3_ws/build/turtlebot3_example/build/lib/turtlebot3_example/turtlebot3_patrol_server
[0.802s] copying turtlebot3_example/turtlebot3_patrol_server/__init__.py -> /home/tomas/code/thesis/turtlebot3_ws/build/turtlebot3_example/build/lib/turtlebot3_example/turtlebot3_patrol_server
[0.802s] creating /home/tomas/code/thesis/turtlebot3_ws/build/turtlebot3_example/build/lib/turtlebot3_example/turtlebot3_position_control
[0.802s] copying turtlebot3_example/turtlebot3_position_control/main.py -> /home/tomas/code/thesis/turtlebot3_ws/build/turtlebot3_example/build/lib/turtlebot3_example/turtlebot3_position_control
[0.802s] copying turtlebot3_example/turtlebot3_position_control/turtlebot3_position_control.py -> /home/tomas/code/thesis/turtlebot3_ws/build/turtlebot3_example/build/lib/turtlebot3_example/turtlebot3_position_control
[0.802s] copying turtlebot3_example/turtlebot3_position_control/turtlebot3_path.py -> /home/tomas/code/thesis/turtlebot3_ws/build/turtlebot3_example/build/lib/turtlebot3_example/turtlebot3_position_control
[0.802s] copying turtlebot3_example/turtlebot3_position_control/__init__.py -> /home/tomas/code/thesis/turtlebot3_ws/build/turtlebot3_example/build/lib/turtlebot3_example/turtlebot3_position_control
[0.802s] running install
[0.802s] running install_lib
[0.802s] creating /home/tomas/code/thesis/turtlebot3_ws/install/turtlebot3_example/lib/python3.8/site-packages/turtlebot3_example
[0.802s] creating /home/tomas/code/thesis/turtlebot3_ws/install/turtlebot3_example/lib/python3.8/site-packages/turtlebot3_example/turtlebot3_patrol_client
[0.802s] copying /home/tomas/code/thesis/turtlebot3_ws/build/turtlebot3_example/build/lib/turtlebot3_example/turtlebot3_patrol_client/main.py -> /home/tomas/code/thesis/turtlebot3_ws/install/turtlebot3_example/lib/python3.8/site-packages/turtlebot3_example/turtlebot3_patrol_client
[0.802s] copying /home/tomas/code/thesis/turtlebot3_ws/build/turtlebot3_example/build/lib/turtlebot3_example/turtlebot3_patrol_client/turtlebot3_patrol_client.py -> /home/tomas/code/thesis/turtlebot3_ws/install/turtlebot3_example/lib/python3.8/site-packages/turtlebot3_example/turtlebot3_patrol_client
[0.802s] copying /home/tomas/code/thesis/turtlebot3_ws/build/turtlebot3_example/build/lib/turtlebot3_example/turtlebot3_patrol_client/__init__.py -> /home/tomas/code/thesis/turtlebot3_ws/install/turtlebot3_example/lib/python3.8/site-packages/turtlebot3_example/turtlebot3_patrol_client
[0.802s] creating /home/tomas/code/thesis/turtlebot3_ws/install/turtlebot3_example/lib/python3.8/site-packages/turtlebot3_example/turtlebot3_obstacle_detection
[0.802s] copying /home/tomas/code/thesis/turtlebot3_ws/build/turtlebot3_example/build/lib/turtlebot3_example/turtlebot3_obstacle_detection/turtlebot3_obstacle_detection.py -> /home/tomas/code/thesis/turtlebot3_ws/install/turtlebot3_example/lib/python3.8/site-packages/turtlebot3_example/turtlebot3_obstacle_detection
[0.802s] copying /home/tomas/code/thesis/turtlebot3_ws/build/turtlebot3_example/build/lib/turtlebot3_example/turtlebot3_obstacle_detection/main.py -> /home/tomas/code/thesis/turtlebot3_ws/install/turtlebot3_example/lib/python3.8/site-packages/turtlebot3_example/turtlebot3_obstacle_detection
[0.807s] copying /home/tomas/code/thesis/turtlebot3_ws/build/turtlebot3_example/build/lib/turtlebot3_example/turtlebot3_obstacle_detection/__init__.py -> /home/tomas/code/thesis/turtlebot3_ws/install/turtlebot3_example/lib/python3.8/site-packages/turtlebot3_example/turtlebot3_obstacle_detection
[0.807s] copying /home/tomas/code/thesis/turtlebot3_ws/build/turtlebot3_example/build/lib/turtlebot3_example/__init__.py -> /home/tomas/code/thesis/turtlebot3_ws/install/turtlebot3_example/lib/python3.8/site-packages/turtlebot3_example
[0.807s] creating /home/tomas/code/thesis/turtlebot3_ws/install/turtlebot3_example/lib/python3.8/site-packages/turtlebot3_example/turtlebot3_patrol_server
[0.807s] copying /home/tomas/code/thesis/turtlebot3_ws/build/turtlebot3_example/build/lib/turtlebot3_example/turtlebot3_patrol_server/main.py -> /home/tomas/code/thesis/turtlebot3_ws/install/turtlebot3_example/lib/python3.8/site-packages/turtlebot3_example/turtlebot3_patrol_server
[0.807s] copying /home/tomas/code/thesis/turtlebot3_ws/build/turtlebot3_example/build/lib/turtlebot3_example/turtlebot3_patrol_server/turtlebot3_path.py -> /home/tomas/code/thesis/turtlebot3_ws/install/turtlebot3_example/lib/python3.8/site-packages/turtlebot3_example/turtlebot3_patrol_server
[0.807s] copying /home/tomas/code/thesis/turtlebot3_ws/build/turtlebot3_example/build/lib/turtlebot3_example/turtlebot3_patrol_server/turtlebot3_patrol_server.py -> /home/tomas/code/thesis/turtlebot3_ws/install/turtlebot3_example/lib/python3.8/site-packages/turtlebot3_example/turtlebot3_patrol_server
[0.808s] copying /home/tomas/code/thesis/turtlebot3_ws/build/turtlebot3_example/build/lib/turtlebot3_example/turtlebot3_patrol_server/__init__.py -> /home/tomas/code/thesis/turtlebot3_ws/install/turtlebot3_example/lib/python3.8/site-packages/turtlebot3_example/turtlebot3_patrol_server
[0.808s] creating /home/tomas/code/thesis/turtlebot3_ws/install/turtlebot3_example/lib/python3.8/site-packages/turtlebot3_example/turtlebot3_position_control
[0.808s] copying /home/tomas/code/thesis/turtlebot3_ws/build/turtlebot3_example/build/lib/turtlebot3_example/turtlebot3_position_control/main.py -> /home/tomas/code/thesis/turtlebot3_ws/install/turtlebot3_example/lib/python3.8/site-packages/turtlebot3_example/turtlebot3_position_control
[0.808s] copying /home/tomas/code/thesis/turtlebot3_ws/build/turtlebot3_example/build/lib/turtlebot3_example/turtlebot3_position_control/turtlebot3_position_control.py -> /home/tomas/code/thesis/turtlebot3_ws/install/turtlebot3_example/lib/python3.8/site-packages/turtlebot3_example/turtlebot3_position_control
[0.808s] copying /home/tomas/code/thesis/turtlebot3_ws/build/turtlebot3_example/build/lib/turtlebot3_example/turtlebot3_position_control/turtlebot3_path.py -> /home/tomas/code/thesis/turtlebot3_ws/install/turtlebot3_example/lib/python3.8/site-packages/turtlebot3_example/turtlebot3_position_control
[0.808s] copying /home/tomas/code/thesis/turtlebot3_ws/build/turtlebot3_example/build/lib/turtlebot3_example/turtlebot3_position_control/__init__.py -> /home/tomas/code/thesis/turtlebot3_ws/install/turtlebot3_example/lib/python3.8/site-packages/turtlebot3_example/turtlebot3_position_control
[0.808s] byte-compiling /home/tomas/code/thesis/turtlebot3_ws/install/turtlebot3_example/lib/python3.8/site-packages/turtlebot3_example/turtlebot3_patrol_client/main.py to main.cpython-38.pyc
[0.808s] byte-compiling /home/tomas/code/thesis/turtlebot3_ws/install/turtlebot3_example/lib/python3.8/site-packages/turtlebot3_example/turtlebot3_patrol_client/turtlebot3_patrol_client.py to turtlebot3_patrol_client.cpython-38.pyc
[0.808s] byte-compiling /home/tomas/code/thesis/turtlebot3_ws/install/turtlebot3_example/lib/python3.8/site-packages/turtlebot3_example/turtlebot3_patrol_client/__init__.py to __init__.cpython-38.pyc
[0.808s] byte-compiling /home/tomas/code/thesis/turtlebot3_ws/install/turtlebot3_example/lib/python3.8/site-packages/turtlebot3_example/turtlebot3_obstacle_detection/turtlebot3_obstacle_detection.py to turtlebot3_obstacle_detection.cpython-38.pyc
[0.808s] byte-compiling /home/tomas/code/thesis/turtlebot3_ws/install/turtlebot3_example/lib/python3.8/site-packages/turtlebot3_example/turtlebot3_obstacle_detection/main.py to main.cpython-38.pyc
[0.808s] byte-compiling /home/tomas/code/thesis/turtlebot3_ws/install/turtlebot3_example/lib/python3.8/site-packages/turtlebot3_example/turtlebot3_obstacle_detection/__init__.py to __init__.cpython-38.pyc
[0.808s] byte-compiling /home/tomas/code/thesis/turtlebot3_ws/install/turtlebot3_example/lib/python3.8/site-packages/turtlebot3_example/__init__.py to __init__.cpython-38.pyc
[0.808s] byte-compiling /home/tomas/code/thesis/turtlebot3_ws/install/turtlebot3_example/lib/python3.8/site-packages/turtlebot3_example/turtlebot3_patrol_server/main.py to main.cpython-38.pyc
[0.809s] byte-compiling /home/tomas/code/thesis/turtlebot3_ws/install/turtlebot3_example/lib/python3.8/site-packages/turtlebot3_example/turtlebot3_patrol_server/turtlebot3_path.py to turtlebot3_path.cpython-38.pyc
[0.809s] byte-compiling /home/tomas/code/thesis/turtlebot3_ws/install/turtlebot3_example/lib/python3.8/site-packages/turtlebot3_example/turtlebot3_patrol_server/turtlebot3_patrol_server.py to turtlebot3_patrol_server.cpython-38.pyc
[0.809s] byte-compiling /home/tomas/code/thesis/turtlebot3_ws/install/turtlebot3_example/lib/python3.8/site-packages/turtlebot3_example/turtlebot3_patrol_server/__init__.py to __init__.cpython-38.pyc
[0.809s] byte-compiling /home/tomas/code/thesis/turtlebot3_ws/install/turtlebot3_example/lib/python3.8/site-packages/turtlebot3_example/turtlebot3_position_control/main.py to main.cpython-38.pyc
[0.809s] byte-compiling /home/tomas/code/thesis/turtlebot3_ws/install/turtlebot3_example/lib/python3.8/site-packages/turtlebot3_example/turtlebot3_position_control/turtlebot3_position_control.py to turtlebot3_position_control.cpython-38.pyc
[0.809s] byte-compiling /home/tomas/code/thesis/turtlebot3_ws/install/turtlebot3_example/lib/python3.8/site-packages/turtlebot3_example/turtlebot3_position_control/turtlebot3_path.py to turtlebot3_path.cpython-38.pyc
[0.809s] byte-compiling /home/tomas/code/thesis/turtlebot3_ws/install/turtlebot3_example/lib/python3.8/site-packages/turtlebot3_example/turtlebot3_position_control/__init__.py to __init__.cpython-38.pyc
[0.809s] running install_data
[0.809s] creating /home/tomas/code/thesis/turtlebot3_ws/install/turtlebot3_example/share/ament_index
[0.809s] creating /home/tomas/code/thesis/turtlebot3_ws/install/turtlebot3_example/share/ament_index/resource_index
[0.809s] creating /home/tomas/code/thesis/turtlebot3_ws/install/turtlebot3_example/share/ament_index/resource_index/packages
[0.809s] copying resource/turtlebot3_example -> /home/tomas/code/thesis/turtlebot3_ws/install/turtlebot3_example/share/ament_index/resource_index/packages
[0.809s] copying package.xml -> /home/tomas/code/thesis/turtlebot3_ws/install/turtlebot3_example/share/turtlebot3_example
[0.809s] running install_egg_info
[0.809s] Copying ../../../build/turtlebot3_example/turtlebot3_example.egg-info to /home/tomas/code/thesis/turtlebot3_ws/install/turtlebot3_example/lib/python3.8/site-packages/turtlebot3_example-2.1.2-py3.8.egg-info
[0.809s] running install_scripts
[0.809s] Installing turtlebot3_obstacle_detection script to /home/tomas/code/thesis/turtlebot3_ws/install/turtlebot3_example/lib/turtlebot3_example
[0.809s] Installing turtlebot3_patrol_client script to /home/tomas/code/thesis/turtlebot3_ws/install/turtlebot3_example/lib/turtlebot3_example
[0.810s] Installing turtlebot3_patrol_server script to /home/tomas/code/thesis/turtlebot3_ws/install/turtlebot3_example/lib/turtlebot3_example
[0.810s] Installing turtlebot3_position_control script to /home/tomas/code/thesis/turtlebot3_ws/install/turtlebot3_example/lib/turtlebot3_example
[0.810s] writing list of installed files to '/home/tomas/code/thesis/turtlebot3_ws/build/turtlebot3_example/install.log'
[0.810s] Invoked command in '/home/tomas/code/thesis/turtlebot3_ws/src/turtlebot3/turtlebot3_example' returned '0': PYTHONPATH=/home/tomas/code/thesis/turtlebot3_ws/install/turtlebot3_example/lib/python3.8/site-packages:${PYTHONPATH} /usr/bin/python3 setup.py egg_info --egg-base ../../../build/turtlebot3_example build --build-base /home/tomas/code/thesis/turtlebot3_ws/build/turtlebot3_example/build install --prefix /home/tomas/code/thesis/turtlebot3_ws/install/turtlebot3_example --record /home/tomas/code/thesis/turtlebot3_ws/build/turtlebot3_example/install.log --single-version-externally-managed
