[0.415s] Invoking command in '/home/tomas/code/thesis/turtlebot3_ws/build/turtlebot3_fake_node': CMAKE_PREFIX_PATH=${CMAKE_PREFIX_PATH}:/home/tomas/code/thesis/turtlebot3_ws/install/turtlebot3_teleop:/home/tomas/code/thesis/turtlebot3_ws/install/turtlebot3_example:/home/tomas/code/thesis/turtlebot3_ws/install/turtlebot3_dqn:/opt/ros/foxy /usr/bin/cmake --build /home/tomas/code/thesis/turtlebot3_ws/build/turtlebot3_fake_node -- -j6 -l6
[0.463s] [100%] Built target turtlebot3_fake_node
[0.488s] Invoked command in '/home/tomas/code/thesis/turtlebot3_ws/build/turtlebot3_fake_node' returned '0': CMAKE_PREFIX_PATH=${CMAKE_PREFIX_PATH}:/home/tomas/code/thesis/turtlebot3_ws/install/turtlebot3_teleop:/home/tomas/code/thesis/turtlebot3_ws/install/turtlebot3_example:/home/tomas/code/thesis/turtlebot3_ws/install/turtlebot3_dqn:/opt/ros/foxy /usr/bin/cmake --build /home/tomas/code/thesis/turtlebot3_ws/build/turtlebot3_fake_node -- -j6 -l6
[0.550s] Invoking command in '/home/tomas/code/thesis/turtlebot3_ws/build/turtlebot3_fake_node': CMAKE_PREFIX_PATH=${CMAKE_PREFIX_PATH}:/home/tomas/code/thesis/turtlebot3_ws/install/turtlebot3_teleop:/home/tomas/code/thesis/turtlebot3_ws/install/turtlebot3_example:/home/tomas/code/thesis/turtlebot3_ws/install/turtlebot3_dqn:/opt/ros/foxy /usr/bin/cmake --install /home/tomas/code/thesis/turtlebot3_ws/build/turtlebot3_fake_node
[0.561s] -- Install configuration: ""
[0.561s] -- Up-to-date: /home/tomas/code/thesis/turtlebot3_ws/install/turtlebot3_fake_node/lib/turtlebot3_fake_node/turtlebot3_fake_node
[0.562s] -- Up-to-date: /home/tomas/code/thesis/turtlebot3_ws/install/turtlebot3_fake_node/share/turtlebot3_fake_node/launch
[0.562s] -- Up-to-date: /home/tomas/code/thesis/turtlebot3_ws/install/turtlebot3_fake_node/share/turtlebot3_fake_node/launch/turtlebot3_fake_node.launch.py
[0.562s] -- Up-to-date: /home/tomas/code/thesis/turtlebot3_ws/install/turtlebot3_fake_node/share/turtlebot3_fake_node/launch/rviz2.launch.py
[0.562s] -- Up-to-date: /home/tomas/code/thesis/turtlebot3_ws/install/turtlebot3_fake_node/share/turtlebot3_fake_node/param
[0.562s] -- Up-to-date: /home/tomas/code/thesis/turtlebot3_ws/install/turtlebot3_fake_node/share/turtlebot3_fake_node/param/waffle_pi.yaml
[0.562s] -- Up-to-date: /home/tomas/code/thesis/turtlebot3_ws/install/turtlebot3_fake_node/share/turtlebot3_fake_node/param/waffle.yaml
[0.562s] -- Up-to-date: /home/tomas/code/thesis/turtlebot3_ws/install/turtlebot3_fake_node/share/turtlebot3_fake_node/param/burger.yaml
[0.562s] -- Up-to-date: /home/tomas/code/thesis/turtlebot3_ws/install/turtlebot3_fake_node/share/turtlebot3_fake_node/rviz
[0.562s] -- Up-to-date: /home/tomas/code/thesis/turtlebot3_ws/install/turtlebot3_fake_node/share/turtlebot3_fake_node/rviz/model.rviz
[0.562s] -- Up-to-date: /home/tomas/code/thesis/turtlebot3_ws/install/turtlebot3_fake_node/include/
[0.562s] -- Up-to-date: /home/tomas/code/thesis/turtlebot3_ws/install/turtlebot3_fake_node/include//turtlebot3_fake_node
[0.562s] -- Up-to-date: /home/tomas/code/thesis/turtlebot3_ws/install/turtlebot3_fake_node/include//turtlebot3_fake_node/turtlebot3_fake_node.hpp
[0.562s] -- Up-to-date: /home/tomas/code/thesis/turtlebot3_ws/install/turtlebot3_fake_node/share/ament_index/resource_index/package_run_dependencies/turtlebot3_fake_node
[0.562s] -- Up-to-date: /home/tomas/code/thesis/turtlebot3_ws/install/turtlebot3_fake_node/share/ament_index/resource_index/parent_prefix_path/turtlebot3_fake_node
[0.562s] -- Up-to-date: /home/tomas/code/thesis/turtlebot3_ws/install/turtlebot3_fake_node/share/turtlebot3_fake_node/environment/ament_prefix_path.sh
[0.562s] -- Up-to-date: /home/tomas/code/thesis/turtlebot3_ws/install/turtlebot3_fake_node/share/turtlebot3_fake_node/environment/ament_prefix_path.dsv
[0.562s] -- Up-to-date: /home/tomas/code/thesis/turtlebot3_ws/install/turtlebot3_fake_node/share/turtlebot3_fake_node/environment/path.sh
[0.562s] -- Up-to-date: /home/tomas/code/thesis/turtlebot3_ws/install/turtlebot3_fake_node/share/turtlebot3_fake_node/environment/path.dsv
[0.563s] -- Up-to-date: /home/tomas/code/thesis/turtlebot3_ws/install/turtlebot3_fake_node/share/turtlebot3_fake_node/local_setup.bash
[0.563s] -- Up-to-date: /home/tomas/code/thesis/turtlebot3_ws/install/turtlebot3_fake_node/share/turtlebot3_fake_node/local_setup.sh
[0.563s] -- Up-to-date: /home/tomas/code/thesis/turtlebot3_ws/install/turtlebot3_fake_node/share/turtlebot3_fake_node/local_setup.zsh
[0.563s] -- Up-to-date: /home/tomas/code/thesis/turtlebot3_ws/install/turtlebot3_fake_node/share/turtlebot3_fake_node/local_setup.dsv
[0.563s] -- Installing: /home/tomas/code/thesis/turtlebot3_ws/install/turtlebot3_fake_node/share/turtlebot3_fake_node/package.dsv
[0.563s] -- Up-to-date: /home/tomas/code/thesis/turtlebot3_ws/install/turtlebot3_fake_node/share/ament_index/resource_index/packages/turtlebot3_fake_node
[0.563s] -- Up-to-date: /home/tomas/code/thesis/turtlebot3_ws/install/turtlebot3_fake_node/share/turtlebot3_fake_node/cmake/ament_cmake_export_include_directories-extras.cmake
[0.563s] -- Up-to-date: /home/tomas/code/thesis/turtlebot3_ws/install/turtlebot3_fake_node/share/turtlebot3_fake_node/cmake/ament_cmake_export_dependencies-extras.cmake
[0.563s] -- Up-to-date: /home/tomas/code/thesis/turtlebot3_ws/install/turtlebot3_fake_node/share/turtlebot3_fake_node/cmake/turtlebot3_fake_nodeConfig.cmake
[0.563s] -- Up-to-date: /home/tomas/code/thesis/turtlebot3_ws/install/turtlebot3_fake_node/share/turtlebot3_fake_node/cmake/turtlebot3_fake_nodeConfig-version.cmake
[0.563s] -- Up-to-date: /home/tomas/code/thesis/turtlebot3_ws/install/turtlebot3_fake_node/share/turtlebot3_fake_node/package.xml
[0.591s] Invoked command in '/home/tomas/code/thesis/turtlebot3_ws/build/turtlebot3_fake_node' returned '0': CMAKE_PREFIX_PATH=${CMAKE_PREFIX_PATH}:/home/tomas/code/thesis/turtlebot3_ws/install/turtlebot3_teleop:/home/tomas/code/thesis/turtlebot3_ws/install/turtlebot3_example:/home/tomas/code/thesis/turtlebot3_ws/install/turtlebot3_dqn:/opt/ros/foxy /usr/bin/cmake --install /home/tomas/code/thesis/turtlebot3_ws/build/turtlebot3_fake_node
