[0.046s] Invoking command in '/home/tomas/code/thesis/turtlebot3_ws/build/turtlebot3_cartographer': CMAKE_PREFIX_PATH=${CMAKE_PREFIX_PATH}:/home/tomas/code/thesis/turtlebot3_ws/install/turtlebot3_dqn:/home/tomas/code/thesis/turtlebot3_ws/install/turtlebot3_teleop:/home/tomas/code/thesis/turtlebot3_ws/install/turtlebot3_example:/opt/ros/foxy /usr/bin/cmake --build /home/tomas/code/thesis/turtlebot3_ws/build/turtlebot3_cartographer -- -j6 -l6
[0.464s] Invoked command in '/home/tomas/code/thesis/turtlebot3_ws/build/turtlebot3_cartographer' returned '0': CMAKE_PREFIX_PATH=${CMAKE_PREFIX_PATH}:/home/tomas/code/thesis/turtlebot3_ws/install/turtlebot3_dqn:/home/tomas/code/thesis/turtlebot3_ws/install/turtlebot3_teleop:/home/tomas/code/thesis/turtlebot3_ws/install/turtlebot3_example:/opt/ros/foxy /usr/bin/cmake --build /home/tomas/code/thesis/turtlebot3_ws/build/turtlebot3_cartographer -- -j6 -l6
[0.518s] Invoking command in '/home/tomas/code/thesis/turtlebot3_ws/build/turtlebot3_cartographer': CMAKE_PREFIX_PATH=${CMAKE_PREFIX_PATH}:/home/tomas/code/thesis/turtlebot3_ws/install/turtlebot3_dqn:/home/tomas/code/thesis/turtlebot3_ws/install/turtlebot3_teleop:/home/tomas/code/thesis/turtlebot3_ws/install/turtlebot3_example:/opt/ros/foxy /usr/bin/cmake --install /home/tomas/code/thesis/turtlebot3_ws/build/turtlebot3_cartographer
[0.543s] -- Install configuration: ""
[0.544s] -- Up-to-date: /home/tomas/code/thesis/turtlebot3_ws/install/turtlebot3_cartographer/share/turtlebot3_cartographer/config
[0.544s] -- Up-to-date: /home/tomas/code/thesis/turtlebot3_ws/install/turtlebot3_cartographer/share/turtlebot3_cartographer/config/turtlebot3_lds_2d.lua
[0.544s] -- Up-to-date: /home/tomas/code/thesis/turtlebot3_ws/install/turtlebot3_cartographer/share/turtlebot3_cartographer/launch
[0.544s] -- Up-to-date: /home/tomas/code/thesis/turtlebot3_ws/install/turtlebot3_cartographer/share/turtlebot3_cartographer/launch/occupancy_grid.launch.py
[0.544s] -- Up-to-date: /home/tomas/code/thesis/turtlebot3_ws/install/turtlebot3_cartographer/share/turtlebot3_cartographer/launch/cartographer.launch.py
[0.544s] -- Up-to-date: /home/tomas/code/thesis/turtlebot3_ws/install/turtlebot3_cartographer/share/turtlebot3_cartographer/rviz
[0.544s] -- Up-to-date: /home/tomas/code/thesis/turtlebot3_ws/install/turtlebot3_cartographer/share/turtlebot3_cartographer/rviz/tb3_cartographer.rviz
[0.544s] -- Up-to-date: /home/tomas/code/thesis/turtlebot3_ws/install/turtlebot3_cartographer/share/ament_index/resource_index/package_run_dependencies/turtlebot3_cartographer
[0.544s] -- Up-to-date: /home/tomas/code/thesis/turtlebot3_ws/install/turtlebot3_cartographer/share/ament_index/resource_index/parent_prefix_path/turtlebot3_cartographer
[0.544s] -- Up-to-date: /home/tomas/code/thesis/turtlebot3_ws/install/turtlebot3_cartographer/share/turtlebot3_cartographer/environment/ament_prefix_path.sh
[0.544s] -- Up-to-date: /home/tomas/code/thesis/turtlebot3_ws/install/turtlebot3_cartographer/share/turtlebot3_cartographer/environment/ament_prefix_path.dsv
[0.544s] -- Up-to-date: /home/tomas/code/thesis/turtlebot3_ws/install/turtlebot3_cartographer/share/turtlebot3_cartographer/environment/path.sh
[0.544s] -- Up-to-date: /home/tomas/code/thesis/turtlebot3_ws/install/turtlebot3_cartographer/share/turtlebot3_cartographer/environment/path.dsv
[0.544s] -- Up-to-date: /home/tomas/code/thesis/turtlebot3_ws/install/turtlebot3_cartographer/share/turtlebot3_cartographer/local_setup.bash
[0.544s] -- Up-to-date: /home/tomas/code/thesis/turtlebot3_ws/install/turtlebot3_cartographer/share/turtlebot3_cartographer/local_setup.sh
[0.544s] -- Up-to-date: /home/tomas/code/thesis/turtlebot3_ws/install/turtlebot3_cartographer/share/turtlebot3_cartographer/local_setup.zsh
[0.544s] -- Up-to-date: /home/tomas/code/thesis/turtlebot3_ws/install/turtlebot3_cartographer/share/turtlebot3_cartographer/local_setup.dsv
[0.544s] -- Installing: /home/tomas/code/thesis/turtlebot3_ws/install/turtlebot3_cartographer/share/turtlebot3_cartographer/package.dsv
[0.545s] -- Up-to-date: /home/tomas/code/thesis/turtlebot3_ws/install/turtlebot3_cartographer/share/ament_index/resource_index/packages/turtlebot3_cartographer
[0.545s] -- Up-to-date: /home/tomas/code/thesis/turtlebot3_ws/install/turtlebot3_cartographer/share/turtlebot3_cartographer/cmake/turtlebot3_cartographerConfig.cmake
[0.545s] -- Up-to-date: /home/tomas/code/thesis/turtlebot3_ws/install/turtlebot3_cartographer/share/turtlebot3_cartographer/cmake/turtlebot3_cartographerConfig-version.cmake
[0.545s] -- Up-to-date: /home/tomas/code/thesis/turtlebot3_ws/install/turtlebot3_cartographer/share/turtlebot3_cartographer/package.xml
[0.555s] Invoked command in '/home/tomas/code/thesis/turtlebot3_ws/build/turtlebot3_cartographer' returned '0': CMAKE_PREFIX_PATH=${CMAKE_PREFIX_PATH}:/home/tomas/code/thesis/turtlebot3_ws/install/turtlebot3_dqn:/home/tomas/code/thesis/turtlebot3_ws/install/turtlebot3_teleop:/home/tomas/code/thesis/turtlebot3_ws/install/turtlebot3_example:/opt/ros/foxy /usr/bin/cmake --install /home/tomas/code/thesis/turtlebot3_ws/build/turtlebot3_cartographer
