[0.286s] Invoking command in '/home/tomas/code/thesis/turtlebot3_ws/src/turtlebot3/turtlebot3_teleop': PYTHONPATH=/home/tomas/code/thesis/turtlebot3_ws/install/turtlebot3_teleop/lib/python3.8/site-packages:${PYTHONPATH} /usr/bin/python3 setup.py egg_info --egg-base ../../../build/turtlebot3_teleop build --build-base /home/tomas/code/thesis/turtlebot3_ws/build/turtlebot3_teleop/build install --prefix /home/tomas/code/thesis/turtlebot3_ws/install/turtlebot3_teleop --record /home/tomas/code/thesis/turtlebot3_ws/build/turtlebot3_teleop/install.log --single-version-externally-managed
[0.505s] running egg_info
[0.505s] writing ../../../build/turtlebot3_teleop/turtlebot3_teleop.egg-info/PKG-INFO
[0.505s] writing dependency_links to ../../../build/turtlebot3_teleop/turtlebot3_teleop.egg-info/dependency_links.txt
[0.505s] writing entry points to ../../../build/turtlebot3_teleop/turtlebot3_teleop.egg-info/entry_points.txt
[0.505s] writing requirements to ../../../build/turtlebot3_teleop/turtlebot3_teleop.egg-info/requires.txt
[0.505s] writing top-level names to ../../../build/turtlebot3_teleop/turtlebot3_teleop.egg-info/top_level.txt
[0.537s] reading manifest file '../../../build/turtlebot3_teleop/turtlebot3_teleop.egg-info/SOURCES.txt'
[0.537s] writing manifest file '../../../build/turtlebot3_teleop/turtlebot3_teleop.egg-info/SOURCES.txt'
[0.537s] running build
[0.537s] running build_py
[0.537s] running install
[0.537s] running install_lib
[0.537s] running install_data
[0.538s] running install_egg_info
[0.538s] removing '/home/tomas/code/thesis/turtlebot3_ws/install/turtlebot3_teleop/lib/python3.8/site-packages/turtlebot3_teleop-2.1.2-py3.8.egg-info' (and everything under it)
[0.538s] Copying ../../../build/turtlebot3_teleop/turtlebot3_teleop.egg-info to /home/tomas/code/thesis/turtlebot3_ws/install/turtlebot3_teleop/lib/python3.8/site-packages/turtlebot3_teleop-2.1.2-py3.8.egg-info
[0.541s] running install_scripts
[0.565s] Installing teleop_keyboard script to /home/tomas/code/thesis/turtlebot3_ws/install/turtlebot3_teleop/lib/turtlebot3_teleop
[0.565s] writing list of installed files to '/home/tomas/code/thesis/turtlebot3_ws/build/turtlebot3_teleop/install.log'
[0.593s] Invoked command in '/home/tomas/code/thesis/turtlebot3_ws/src/turtlebot3/turtlebot3_teleop' returned '0': PYTHONPATH=/home/tomas/code/thesis/turtlebot3_ws/install/turtlebot3_teleop/lib/python3.8/site-packages:${PYTHONPATH} /usr/bin/python3 setup.py egg_info --egg-base ../../../build/turtlebot3_teleop build --build-base /home/tomas/code/thesis/turtlebot3_ws/build/turtlebot3_teleop/build install --prefix /home/tomas/code/thesis/turtlebot3_ws/install/turtlebot3_teleop --record /home/tomas/code/thesis/turtlebot3_ws/build/turtlebot3_teleop/install.log --single-version-externally-managed
