[0.009s] Invoking command in '/home/tomas/code/thesis/turtlebot3_ws/build/turtlebot3_bringup': AMENT_PREFIX_PATH=/home/tomas/code/thesis/turtlebot3_ws/install/turtlebot3_node:/home/tomas/code/thesis/turtlebot3_ws/install/turtlebot3_description:${AMENT_PREFIX_PATH} CMAKE_PREFIX_PATH=/home/tomas/code/thesis/turtlebot3_ws/install/turtlebot3_node:/home/tomas/code/thesis/turtlebot3_ws/install/turtlebot3_description:/home/tomas/ros2_foxy/ros2-linux:/opt/ros/foxy /usr/bin/cmake /home/tomas/code/thesis/turtlebot3_ws/src/turtlebot3/turtlebot3_bringup -DCMAKE_INSTALL_PREFIX=/home/tomas/code/thesis/turtlebot3_ws/install/turtlebot3_bringup
[0.049s] -- The C compiler identification is GNU 9.3.0
[0.088s] -- The CXX compiler identification is GNU 9.3.0
[0.091s] -- Check for working C compiler: /usr/bin/cc
[0.140s] -- Check for working C compiler: /usr/bin/cc -- works
[0.141s] -- Detecting C compiler ABI info
[0.190s] -- Detecting C compiler ABI info - done
[0.200s] -- Detecting C compile features
[0.200s] -- Detecting C compile features - done
[0.202s] -- Check for working CXX compiler: /usr/bin/c++
[0.258s] -- Check for working CXX compiler: /usr/bin/c++ -- works
[0.259s] -- Detecting CXX compiler ABI info
[0.314s] -- Detecting CXX compiler ABI info - done
[0.324s] -- Detecting CXX compile features
[0.325s] -- Detecting CXX compile features - done
[0.326s] -- Found ament_cmake: 0.9.9 (/home/tomas/ros2_foxy/ros2-linux/share/ament_cmake/cmake)
[0.345s] -- Found PythonInterp: /usr/bin/python3 (found suitable version "3.8.10", minimum required is "3") 
[0.345s] -- Using PYTHON_EXECUTABLE: /usr/bin/python3
[0.555s] -- Configuring done
[0.556s] -- Generating done
[0.556s] -- Build files have been written to: /home/tomas/code/thesis/turtlebot3_ws/build/turtlebot3_bringup
[0.559s] Invoked command in '/home/tomas/code/thesis/turtlebot3_ws/build/turtlebot3_bringup' returned '0': AMENT_PREFIX_PATH=/home/tomas/code/thesis/turtlebot3_ws/install/turtlebot3_node:/home/tomas/code/thesis/turtlebot3_ws/install/turtlebot3_description:${AMENT_PREFIX_PATH} CMAKE_PREFIX_PATH=/home/tomas/code/thesis/turtlebot3_ws/install/turtlebot3_node:/home/tomas/code/thesis/turtlebot3_ws/install/turtlebot3_description:/home/tomas/ros2_foxy/ros2-linux:/opt/ros/foxy /usr/bin/cmake /home/tomas/code/thesis/turtlebot3_ws/src/turtlebot3/turtlebot3_bringup -DCMAKE_INSTALL_PREFIX=/home/tomas/code/thesis/turtlebot3_ws/install/turtlebot3_bringup
[0.561s] Invoking command in '/home/tomas/code/thesis/turtlebot3_ws/build/turtlebot3_bringup': AMENT_PREFIX_PATH=/home/tomas/code/thesis/turtlebot3_ws/install/turtlebot3_node:/home/tomas/code/thesis/turtlebot3_ws/install/turtlebot3_description:${AMENT_PREFIX_PATH} CMAKE_PREFIX_PATH=/home/tomas/code/thesis/turtlebot3_ws/install/turtlebot3_node:/home/tomas/code/thesis/turtlebot3_ws/install/turtlebot3_description:/home/tomas/ros2_foxy/ros2-linux:/opt/ros/foxy /usr/bin/cmake --build /home/tomas/code/thesis/turtlebot3_ws/build/turtlebot3_bringup -- -j6 -l6
[0.589s] Invoked command in '/home/tomas/code/thesis/turtlebot3_ws/build/turtlebot3_bringup' returned '0': AMENT_PREFIX_PATH=/home/tomas/code/thesis/turtlebot3_ws/install/turtlebot3_node:/home/tomas/code/thesis/turtlebot3_ws/install/turtlebot3_description:${AMENT_PREFIX_PATH} CMAKE_PREFIX_PATH=/home/tomas/code/thesis/turtlebot3_ws/install/turtlebot3_node:/home/tomas/code/thesis/turtlebot3_ws/install/turtlebot3_description:/home/tomas/ros2_foxy/ros2-linux:/opt/ros/foxy /usr/bin/cmake --build /home/tomas/code/thesis/turtlebot3_ws/build/turtlebot3_bringup -- -j6 -l6
[0.605s] Invoking command in '/home/tomas/code/thesis/turtlebot3_ws/build/turtlebot3_bringup': AMENT_PREFIX_PATH=/home/tomas/code/thesis/turtlebot3_ws/install/turtlebot3_node:/home/tomas/code/thesis/turtlebot3_ws/install/turtlebot3_description:${AMENT_PREFIX_PATH} CMAKE_PREFIX_PATH=/home/tomas/code/thesis/turtlebot3_ws/install/turtlebot3_node:/home/tomas/code/thesis/turtlebot3_ws/install/turtlebot3_description:/home/tomas/ros2_foxy/ros2-linux:/opt/ros/foxy /usr/bin/cmake --install /home/tomas/code/thesis/turtlebot3_ws/build/turtlebot3_bringup
[0.612s] -- Install configuration: ""
[0.612s] -- Installing: /home/tomas/code/thesis/turtlebot3_ws/install/turtlebot3_bringup/share/turtlebot3_bringup/launch
[0.614s] -- Installing: /home/tomas/code/thesis/turtlebot3_ws/install/turtlebot3_bringup/share/turtlebot3_bringup/launch/robot.launch.py
[0.614s] -- Installing: /home/tomas/code/thesis/turtlebot3_ws/install/turtlebot3_bringup/share/turtlebot3_bringup/launch/turtlebot3_state_publisher.launch.py
[0.614s] -- Installing: /home/tomas/code/thesis/turtlebot3_ws/install/turtlebot3_bringup/share/turtlebot3_bringup/launch/rviz2.launch.py
[0.614s] -- Installing: /home/tomas/code/thesis/turtlebot3_ws/install/turtlebot3_bringup/share/turtlebot3_bringup/param
[0.614s] -- Installing: /home/tomas/code/thesis/turtlebot3_ws/install/turtlebot3_bringup/share/turtlebot3_bringup/param/waffle_pi.yaml
[0.614s] -- Installing: /home/tomas/code/thesis/turtlebot3_ws/install/turtlebot3_bringup/share/turtlebot3_bringup/param/waffle.yaml
[0.614s] -- Installing: /home/tomas/code/thesis/turtlebot3_ws/install/turtlebot3_bringup/share/turtlebot3_bringup/param/burger.yaml
[0.614s] -- Installing: /home/tomas/code/thesis/turtlebot3_ws/install/turtlebot3_bringup/share/turtlebot3_bringup/script
[0.614s] -- Installing: /home/tomas/code/thesis/turtlebot3_ws/install/turtlebot3_bringup/share/turtlebot3_bringup/script/99-turtlebot3-cdc.rules
[0.614s] -- Installing: /home/tomas/code/thesis/turtlebot3_ws/install/turtlebot3_bringup/share/turtlebot3_bringup/script/create_udev_rules
[0.614s] -- Installing: /home/tomas/code/thesis/turtlebot3_ws/install/turtlebot3_bringup/share/ament_index/resource_index/package_run_dependencies/turtlebot3_bringup
[0.614s] -- Installing: /home/tomas/code/thesis/turtlebot3_ws/install/turtlebot3_bringup/share/ament_index/resource_index/parent_prefix_path/turtlebot3_bringup
[0.614s] -- Installing: /home/tomas/code/thesis/turtlebot3_ws/install/turtlebot3_bringup/share/turtlebot3_bringup/environment/ament_prefix_path.sh
[0.614s] -- Installing: /home/tomas/code/thesis/turtlebot3_ws/install/turtlebot3_bringup/share/turtlebot3_bringup/environment/ament_prefix_path.dsv
[0.615s] -- Installing: /home/tomas/code/thesis/turtlebot3_ws/install/turtlebot3_bringup/share/turtlebot3_bringup/environment/path.sh
[0.615s] -- Installing: /home/tomas/code/thesis/turtlebot3_ws/install/turtlebot3_bringup/share/turtlebot3_bringup/environment/path.dsv
[0.615s] -- Installing: /home/tomas/code/thesis/turtlebot3_ws/install/turtlebot3_bringup/share/turtlebot3_bringup/local_setup.bash
[0.615s] -- Installing: /home/tomas/code/thesis/turtlebot3_ws/install/turtlebot3_bringup/share/turtlebot3_bringup/local_setup.sh
[0.616s] -- Installing: /home/tomas/code/thesis/turtlebot3_ws/install/turtlebot3_bringup/share/turtlebot3_bringup/local_setup.zsh
[0.617s] -- Installing: /home/tomas/code/thesis/turtlebot3_ws/install/turtlebot3_bringup/share/turtlebot3_bringup/local_setup.dsv
[0.617s] -- Installing: /home/tomas/code/thesis/turtlebot3_ws/install/turtlebot3_bringup/share/turtlebot3_bringup/package.dsv
[0.617s] -- Installing: /home/tomas/code/thesis/turtlebot3_ws/install/turtlebot3_bringup/share/ament_index/resource_index/packages/turtlebot3_bringup
[0.617s] -- Installing: /home/tomas/code/thesis/turtlebot3_ws/install/turtlebot3_bringup/share/turtlebot3_bringup/cmake/turtlebot3_bringupConfig.cmake
[0.617s] -- Installing: /home/tomas/code/thesis/turtlebot3_ws/install/turtlebot3_bringup/share/turtlebot3_bringup/cmake/turtlebot3_bringupConfig-version.cmake
[0.617s] -- Installing: /home/tomas/code/thesis/turtlebot3_ws/install/turtlebot3_bringup/share/turtlebot3_bringup/package.xml
[0.617s] Invoked command in '/home/tomas/code/thesis/turtlebot3_ws/build/turtlebot3_bringup' returned '0': AMENT_PREFIX_PATH=/home/tomas/code/thesis/turtlebot3_ws/install/turtlebot3_node:/home/tomas/code/thesis/turtlebot3_ws/install/turtlebot3_description:${AMENT_PREFIX_PATH} CMAKE_PREFIX_PATH=/home/tomas/code/thesis/turtlebot3_ws/install/turtlebot3_node:/home/tomas/code/thesis/turtlebot3_ws/install/turtlebot3_description:/home/tomas/ros2_foxy/ros2-linux:/opt/ros/foxy /usr/bin/cmake --install /home/tomas/code/thesis/turtlebot3_ws/build/turtlebot3_bringup
