[0.437s] Invoking command in '/home/tomas/code/thesis/turtlebot3_ws/src/turtlebot3_machine_learning/turtlebot3_dqn': PYTHONPATH=/home/tomas/code/thesis/turtlebot3_ws/install/turtlebot3_dqn/lib/python3.8/site-packages:${PYTHONPATH} /usr/bin/python3 setup.py egg_info --egg-base ../../../build/turtlebot3_dqn build --build-base /home/tomas/code/thesis/turtlebot3_ws/build/turtlebot3_dqn/build install --prefix /home/tomas/code/thesis/turtlebot3_ws/install/turtlebot3_dqn --record /home/tomas/code/thesis/turtlebot3_ws/build/turtlebot3_dqn/install.log --single-version-externally-managed
[0.649s] running egg_info
[0.649s] writing ../../../build/turtlebot3_dqn/turtlebot3_dqn.egg-info/PKG-INFO
[0.649s] writing dependency_links to ../../../build/turtlebot3_dqn/turtlebot3_dqn.egg-info/dependency_links.txt
[0.649s] writing entry points to ../../../build/turtlebot3_dqn/turtlebot3_dqn.egg-info/entry_points.txt
[0.649s] writing requirements to ../../../build/turtlebot3_dqn/turtlebot3_dqn.egg-info/requires.txt
[0.649s] writing top-level names to ../../../build/turtlebot3_dqn/turtlebot3_dqn.egg-info/top_level.txt
[0.673s] reading manifest file '../../../build/turtlebot3_dqn/turtlebot3_dqn.egg-info/SOURCES.txt'
[0.674s] writing manifest file '../../../build/turtlebot3_dqn/turtlebot3_dqn.egg-info/SOURCES.txt'
[0.674s] running build
[0.674s] running build_py
[0.674s] copying turtlebot3_dqn/dqn_gazebo/dqn_gazebo.py -> /home/tomas/code/thesis/turtlebot3_ws/build/turtlebot3_dqn/build/lib/turtlebot3_dqn/dqn_gazebo
[0.675s] running install
[0.676s] running install_lib
[0.676s] copying /home/tomas/code/thesis/turtlebot3_ws/build/turtlebot3_dqn/build/lib/turtlebot3_dqn/dqn_gazebo/dqn_gazebo.py -> /home/tomas/code/thesis/turtlebot3_ws/install/turtlebot3_dqn/lib/python3.8/site-packages/turtlebot3_dqn/dqn_gazebo
[0.677s] byte-compiling /home/tomas/code/thesis/turtlebot3_ws/install/turtlebot3_dqn/lib/python3.8/site-packages/turtlebot3_dqn/dqn_gazebo/dqn_gazebo.py to dqn_gazebo.cpython-38.pyc
[0.678s] running install_data
[0.679s] running install_egg_info
[0.680s] removing '/home/tomas/code/thesis/turtlebot3_ws/install/turtlebot3_dqn/lib/python3.8/site-packages/turtlebot3_dqn-2.0.0-py3.8.egg-info' (and everything under it)
[0.680s] Copying ../../../build/turtlebot3_dqn/turtlebot3_dqn.egg-info to /home/tomas/code/thesis/turtlebot3_ws/install/turtlebot3_dqn/lib/python3.8/site-packages/turtlebot3_dqn-2.0.0-py3.8.egg-info
[0.681s] running install_scripts
[0.695s] Installing dqn_agent script to /home/tomas/code/thesis/turtlebot3_ws/install/turtlebot3_dqn/lib/turtlebot3_dqn
[0.695s] Installing dqn_environment script to /home/tomas/code/thesis/turtlebot3_ws/install/turtlebot3_dqn/lib/turtlebot3_dqn
[0.695s] Installing dqn_gazebo script to /home/tomas/code/thesis/turtlebot3_ws/install/turtlebot3_dqn/lib/turtlebot3_dqn
[0.695s] Installing dqn_test script to /home/tomas/code/thesis/turtlebot3_ws/install/turtlebot3_dqn/lib/turtlebot3_dqn
[0.695s] writing list of installed files to '/home/tomas/code/thesis/turtlebot3_ws/build/turtlebot3_dqn/install.log'
[0.831s] Invoked command in '/home/tomas/code/thesis/turtlebot3_ws/src/turtlebot3_machine_learning/turtlebot3_dqn' returned '0': PYTHONPATH=/home/tomas/code/thesis/turtlebot3_ws/install/turtlebot3_dqn/lib/python3.8/site-packages:${PYTHONPATH} /usr/bin/python3 setup.py egg_info --egg-base ../../../build/turtlebot3_dqn build --build-base /home/tomas/code/thesis/turtlebot3_ws/build/turtlebot3_dqn/build install --prefix /home/tomas/code/thesis/turtlebot3_ws/install/turtlebot3_dqn --record /home/tomas/code/thesis/turtlebot3_ws/build/turtlebot3_dqn/install.log --single-version-externally-managed
