[0.057s] Invoking command in '/home/tomas/code/thesis/turtlebot3_ws/build/turtlebot3_bringup': CMAKE_PREFIX_PATH=/home/tomas/code/thesis/turtlebot3_ws/install/turtlebot3_node:/home/tomas/code/thesis/turtlebot3_ws/install/turtlebot3_description:/home/tomas/code/thesis/turtlebot3_ws/install/turtlebot3_machine_learning:/home/tomas/code/thesis/turtlebot3_ws/install/turtlebot3:/home/tomas/code/thesis/turtlebot3_ws/install/turtlebot3_simulations:/home/tomas/code/thesis/turtlebot3_ws/install/turtlebot3_bringup:/home/tomas/code/thesis/turtlebot3_ws/install/turtlebot3_navigation2:/home/tomas/code/thesis/turtlebot3_ws/install/turtlebot3_gazebo:/home/tomas/code/thesis/turtlebot3_ws/install/turtlebot3_fake_node:/home/tomas/code/thesis/turtlebot3_ws/install/turtlebot3_cartographer:/home/tomas/ros2_foxy/ros2-linux:/home/tomas/code/thesis/turtlebot3_ws/install/turtlebot3_dqn:/home/tomas/code/thesis/turtlebot3_ws/install/turtlebot3_teleop:/home/tomas/code/thesis/turtlebot3_ws/install/turtlebot3_example:/opt/ros/foxy /usr/bin/cmake --build /home/tomas/code/thesis/turtlebot3_ws/build/turtlebot3_bringup -- -j6 -l6
[0.101s] Invoked command in '/home/tomas/code/thesis/turtlebot3_ws/build/turtlebot3_bringup' returned '0': CMAKE_PREFIX_PATH=/home/tomas/code/thesis/turtlebot3_ws/install/turtlebot3_node:/home/tomas/code/thesis/turtlebot3_ws/install/turtlebot3_description:/home/tomas/code/thesis/turtlebot3_ws/install/turtlebot3_machine_learning:/home/tomas/code/thesis/turtlebot3_ws/install/turtlebot3:/home/tomas/code/thesis/turtlebot3_ws/install/turtlebot3_simulations:/home/tomas/code/thesis/turtlebot3_ws/install/turtlebot3_bringup:/home/tomas/code/thesis/turtlebot3_ws/install/turtlebot3_navigation2:/home/tomas/code/thesis/turtlebot3_ws/install/turtlebot3_gazebo:/home/tomas/code/thesis/turtlebot3_ws/install/turtlebot3_fake_node:/home/tomas/code/thesis/turtlebot3_ws/install/turtlebot3_cartographer:/home/tomas/ros2_foxy/ros2-linux:/home/tomas/code/thesis/turtlebot3_ws/install/turtlebot3_dqn:/home/tomas/code/thesis/turtlebot3_ws/install/turtlebot3_teleop:/home/tomas/code/thesis/turtlebot3_ws/install/turtlebot3_example:/opt/ros/foxy /usr/bin/cmake --build /home/tomas/code/thesis/turtlebot3_ws/build/turtlebot3_bringup -- -j6 -l6
[0.142s] Invoking command in '/home/tomas/code/thesis/turtlebot3_ws/build/turtlebot3_bringup': CMAKE_PREFIX_PATH=/home/tomas/code/thesis/turtlebot3_ws/install/turtlebot3_node:/home/tomas/code/thesis/turtlebot3_ws/install/turtlebot3_description:/home/tomas/code/thesis/turtlebot3_ws/install/turtlebot3_machine_learning:/home/tomas/code/thesis/turtlebot3_ws/install/turtlebot3:/home/tomas/code/thesis/turtlebot3_ws/install/turtlebot3_simulations:/home/tomas/code/thesis/turtlebot3_ws/install/turtlebot3_bringup:/home/tomas/code/thesis/turtlebot3_ws/install/turtlebot3_navigation2:/home/tomas/code/thesis/turtlebot3_ws/install/turtlebot3_gazebo:/home/tomas/code/thesis/turtlebot3_ws/install/turtlebot3_fake_node:/home/tomas/code/thesis/turtlebot3_ws/install/turtlebot3_cartographer:/home/tomas/ros2_foxy/ros2-linux:/home/tomas/code/thesis/turtlebot3_ws/install/turtlebot3_dqn:/home/tomas/code/thesis/turtlebot3_ws/install/turtlebot3_teleop:/home/tomas/code/thesis/turtlebot3_ws/install/turtlebot3_example:/opt/ros/foxy /usr/bin/cmake --install /home/tomas/code/thesis/turtlebot3_ws/build/turtlebot3_bringup
[0.157s] -- Install configuration: ""
[0.158s] -- Up-to-date: /home/tomas/code/thesis/turtlebot3_ws/install/turtlebot3_bringup/share/turtlebot3_bringup/launch
[0.159s] -- Up-to-date: /home/tomas/code/thesis/turtlebot3_ws/install/turtlebot3_bringup/share/turtlebot3_bringup/launch/robot.launch.py
[0.159s] -- Up-to-date: /home/tomas/code/thesis/turtlebot3_ws/install/turtlebot3_bringup/share/turtlebot3_bringup/launch/turtlebot3_state_publisher.launch.py
[0.159s] -- Up-to-date: /home/tomas/code/thesis/turtlebot3_ws/install/turtlebot3_bringup/share/turtlebot3_bringup/launch/rviz2.launch.py
[0.159s] -- Up-to-date: /home/tomas/code/thesis/turtlebot3_ws/install/turtlebot3_bringup/share/turtlebot3_bringup/param
[0.159s] -- Up-to-date: /home/tomas/code/thesis/turtlebot3_ws/install/turtlebot3_bringup/share/turtlebot3_bringup/param/waffle_pi.yaml
[0.159s] -- Up-to-date: /home/tomas/code/thesis/turtlebot3_ws/install/turtlebot3_bringup/share/turtlebot3_bringup/param/waffle.yaml
[0.159s] -- Up-to-date: /home/tomas/code/thesis/turtlebot3_ws/install/turtlebot3_bringup/share/turtlebot3_bringup/param/burger.yaml
[0.159s] -- Up-to-date: /home/tomas/code/thesis/turtlebot3_ws/install/turtlebot3_bringup/share/turtlebot3_bringup/script
[0.159s] -- Up-to-date: /home/tomas/code/thesis/turtlebot3_ws/install/turtlebot3_bringup/share/turtlebot3_bringup/script/99-turtlebot3-cdc.rules
[0.159s] -- Up-to-date: /home/tomas/code/thesis/turtlebot3_ws/install/turtlebot3_bringup/share/turtlebot3_bringup/script/create_udev_rules
[0.159s] -- Up-to-date: /home/tomas/code/thesis/turtlebot3_ws/install/turtlebot3_bringup/share/ament_index/resource_index/package_run_dependencies/turtlebot3_bringup
[0.159s] -- Up-to-date: /home/tomas/code/thesis/turtlebot3_ws/install/turtlebot3_bringup/share/ament_index/resource_index/parent_prefix_path/turtlebot3_bringup
[0.159s] -- Up-to-date: /home/tomas/code/thesis/turtlebot3_ws/install/turtlebot3_bringup/share/turtlebot3_bringup/environment/ament_prefix_path.sh
[0.159s] -- Up-to-date: /home/tomas/code/thesis/turtlebot3_ws/install/turtlebot3_bringup/share/turtlebot3_bringup/environment/ament_prefix_path.dsv
[0.159s] -- Up-to-date: /home/tomas/code/thesis/turtlebot3_ws/install/turtlebot3_bringup/share/turtlebot3_bringup/environment/path.sh
[0.160s] -- Up-to-date: /home/tomas/code/thesis/turtlebot3_ws/install/turtlebot3_bringup/share/turtlebot3_bringup/environment/path.dsv
[0.160s] -- Up-to-date: /home/tomas/code/thesis/turtlebot3_ws/install/turtlebot3_bringup/share/turtlebot3_bringup/local_setup.bash
[0.160s] -- Up-to-date: /home/tomas/code/thesis/turtlebot3_ws/install/turtlebot3_bringup/share/turtlebot3_bringup/local_setup.sh
[0.160s] -- Up-to-date: /home/tomas/code/thesis/turtlebot3_ws/install/turtlebot3_bringup/share/turtlebot3_bringup/local_setup.zsh
[0.160s] -- Up-to-date: /home/tomas/code/thesis/turtlebot3_ws/install/turtlebot3_bringup/share/turtlebot3_bringup/local_setup.dsv
[0.160s] -- Installing: /home/tomas/code/thesis/turtlebot3_ws/install/turtlebot3_bringup/share/turtlebot3_bringup/package.dsv
[0.160s] -- Up-to-date: /home/tomas/code/thesis/turtlebot3_ws/install/turtlebot3_bringup/share/ament_index/resource_index/packages/turtlebot3_bringup
[0.160s] -- Up-to-date: /home/tomas/code/thesis/turtlebot3_ws/install/turtlebot3_bringup/share/turtlebot3_bringup/cmake/turtlebot3_bringupConfig.cmake
[0.160s] -- Up-to-date: /home/tomas/code/thesis/turtlebot3_ws/install/turtlebot3_bringup/share/turtlebot3_bringup/cmake/turtlebot3_bringupConfig-version.cmake
[0.160s] -- Up-to-date: /home/tomas/code/thesis/turtlebot3_ws/install/turtlebot3_bringup/share/turtlebot3_bringup/package.xml
[0.168s] Invoked command in '/home/tomas/code/thesis/turtlebot3_ws/build/turtlebot3_bringup' returned '0': CMAKE_PREFIX_PATH=/home/tomas/code/thesis/turtlebot3_ws/install/turtlebot3_node:/home/tomas/code/thesis/turtlebot3_ws/install/turtlebot3_description:/home/tomas/code/thesis/turtlebot3_ws/install/turtlebot3_machine_learning:/home/tomas/code/thesis/turtlebot3_ws/install/turtlebot3:/home/tomas/code/thesis/turtlebot3_ws/install/turtlebot3_simulations:/home/tomas/code/thesis/turtlebot3_ws/install/turtlebot3_bringup:/home/tomas/code/thesis/turtlebot3_ws/install/turtlebot3_navigation2:/home/tomas/code/thesis/turtlebot3_ws/install/turtlebot3_gazebo:/home/tomas/code/thesis/turtlebot3_ws/install/turtlebot3_fake_node:/home/tomas/code/thesis/turtlebot3_ws/install/turtlebot3_cartographer:/home/tomas/ros2_foxy/ros2-linux:/home/tomas/code/thesis/turtlebot3_ws/install/turtlebot3_dqn:/home/tomas/code/thesis/turtlebot3_ws/install/turtlebot3_teleop:/home/tomas/code/thesis/turtlebot3_ws/install/turtlebot3_example:/opt/ros/foxy /usr/bin/cmake --install /home/tomas/code/thesis/turtlebot3_ws/build/turtlebot3_bringup
