[0.042s] Invoking command in '/home/tomas/code/thesis/turtlebot3_ws/build/turtlebot3_node': CMAKE_PREFIX_PATH=${CMAKE_PREFIX_PATH}:/home/tomas/code/thesis/turtlebot3_ws/install/turtlebot3_dqn:/home/tomas/code/thesis/turtlebot3_ws/install/turtlebot3_teleop:/home/tomas/code/thesis/turtlebot3_ws/install/turtlebot3_example:/opt/ros/foxy /usr/bin/cmake --build /home/tomas/code/thesis/turtlebot3_ws/build/turtlebot3_node -- -j6 -l6
[0.450s] [ 85%] Built target turtlebot3_node_lib
[0.450s] [100%] Built target turtlebot3_ros
[0.457s] Invoked command in '/home/tomas/code/thesis/turtlebot3_ws/build/turtlebot3_node' returned '0': CMAKE_PREFIX_PATH=${CMAKE_PREFIX_PATH}:/home/tomas/code/thesis/turtlebot3_ws/install/turtlebot3_dqn:/home/tomas/code/thesis/turtlebot3_ws/install/turtlebot3_teleop:/home/tomas/code/thesis/turtlebot3_ws/install/turtlebot3_example:/opt/ros/foxy /usr/bin/cmake --build /home/tomas/code/thesis/turtlebot3_ws/build/turtlebot3_node -- -j6 -l6
[0.626s] Invoking command in '/home/tomas/code/thesis/turtlebot3_ws/build/turtlebot3_node': CMAKE_PREFIX_PATH=${CMAKE_PREFIX_PATH}:/home/tomas/code/thesis/turtlebot3_ws/install/turtlebot3_dqn:/home/tomas/code/thesis/turtlebot3_ws/install/turtlebot3_teleop:/home/tomas/code/thesis/turtlebot3_ws/install/turtlebot3_example:/opt/ros/foxy /usr/bin/cmake --install /home/tomas/code/thesis/turtlebot3_ws/build/turtlebot3_node
[0.644s] -- Install configuration: ""
[0.645s] -- Up-to-date: /home/tomas/code/thesis/turtlebot3_ws/install/turtlebot3_node/share/turtlebot3_node/param
[0.645s] -- Up-to-date: /home/tomas/code/thesis/turtlebot3_ws/install/turtlebot3_node/share/turtlebot3_node/param/waffle_pi.yaml
[0.645s] -- Up-to-date: /home/tomas/code/thesis/turtlebot3_ws/install/turtlebot3_node/share/turtlebot3_node/param/waffle.yaml
[0.645s] -- Up-to-date: /home/tomas/code/thesis/turtlebot3_ws/install/turtlebot3_node/share/turtlebot3_node/param/burger.yaml
[0.645s] -- Up-to-date: /home/tomas/code/thesis/turtlebot3_ws/install/turtlebot3_node/lib/turtlebot3_node/turtlebot3_ros
[0.645s] -- Up-to-date: /home/tomas/code/thesis/turtlebot3_ws/install/turtlebot3_node/share/ament_index/resource_index/package_run_dependencies/turtlebot3_node
[0.645s] -- Up-to-date: /home/tomas/code/thesis/turtlebot3_ws/install/turtlebot3_node/share/ament_index/resource_index/parent_prefix_path/turtlebot3_node
[0.645s] -- Up-to-date: /home/tomas/code/thesis/turtlebot3_ws/install/turtlebot3_node/share/turtlebot3_node/environment/ament_prefix_path.sh
[0.645s] -- Up-to-date: /home/tomas/code/thesis/turtlebot3_ws/install/turtlebot3_node/share/turtlebot3_node/environment/ament_prefix_path.dsv
[0.645s] -- Up-to-date: /home/tomas/code/thesis/turtlebot3_ws/install/turtlebot3_node/share/turtlebot3_node/environment/path.sh
[0.645s] -- Up-to-date: /home/tomas/code/thesis/turtlebot3_ws/install/turtlebot3_node/share/turtlebot3_node/environment/path.dsv
[0.645s] -- Up-to-date: /home/tomas/code/thesis/turtlebot3_ws/install/turtlebot3_node/share/turtlebot3_node/local_setup.bash
[0.645s] -- Up-to-date: /home/tomas/code/thesis/turtlebot3_ws/install/turtlebot3_node/share/turtlebot3_node/local_setup.sh
[0.645s] -- Up-to-date: /home/tomas/code/thesis/turtlebot3_ws/install/turtlebot3_node/share/turtlebot3_node/local_setup.zsh
[0.645s] -- Up-to-date: /home/tomas/code/thesis/turtlebot3_ws/install/turtlebot3_node/share/turtlebot3_node/local_setup.dsv
[0.646s] -- Installing: /home/tomas/code/thesis/turtlebot3_ws/install/turtlebot3_node/share/turtlebot3_node/package.dsv
[0.646s] -- Up-to-date: /home/tomas/code/thesis/turtlebot3_ws/install/turtlebot3_node/share/ament_index/resource_index/packages/turtlebot3_node
[0.646s] -- Up-to-date: /home/tomas/code/thesis/turtlebot3_ws/install/turtlebot3_node/share/turtlebot3_node/cmake/ament_cmake_export_include_directories-extras.cmake
[0.646s] -- Up-to-date: /home/tomas/code/thesis/turtlebot3_ws/install/turtlebot3_node/share/turtlebot3_node/cmake/turtlebot3_nodeConfig.cmake
[0.646s] -- Up-to-date: /home/tomas/code/thesis/turtlebot3_ws/install/turtlebot3_node/share/turtlebot3_node/cmake/turtlebot3_nodeConfig-version.cmake
[0.646s] -- Up-to-date: /home/tomas/code/thesis/turtlebot3_ws/install/turtlebot3_node/share/turtlebot3_node/package.xml
[0.854s] Invoked command in '/home/tomas/code/thesis/turtlebot3_ws/build/turtlebot3_node' returned '0': CMAKE_PREFIX_PATH=${CMAKE_PREFIX_PATH}:/home/tomas/code/thesis/turtlebot3_ws/install/turtlebot3_dqn:/home/tomas/code/thesis/turtlebot3_ws/install/turtlebot3_teleop:/home/tomas/code/thesis/turtlebot3_ws/install/turtlebot3_example:/opt/ros/foxy /usr/bin/cmake --install /home/tomas/code/thesis/turtlebot3_ws/build/turtlebot3_node
